[0.085s] Invoking command in '/home/rgo/ros2/capra/src/build/rgo_ros2_pkg': CMAKE_PREFIX_PATH=${CMAKE_PREFIX_PATH}:/opt/ros/foxy /usr/bin/cmake --build /home/rgo/ros2/capra/src/build/rgo_ros2_pkg -- -j6 -l6
[0.214s] -- Found ament_cmake: 0.9.9 (/opt/ros/foxy/share/ament_cmake/cmake)
[0.333s] -- Using PYTHON_EXECUTABLE: /usr/bin/python3
[1.207s] -- Found rclcpp: 2.4.1 (/opt/ros/foxy/share/rclcpp/cmake)
[1.569s] -- Using all available rosidl_typesupport_c: rosidl_typesupport_fastrtps_c;rosidl_typesupport_introspection_c
[1.608s] -- Found rosidl_adapter: 1.2.1 (/opt/ros/foxy/share/rosidl_adapter/cmake)
[2.241s] -- Using all available rosidl_typesupport_cpp: rosidl_typesupport_fastrtps_cpp;rosidl_typesupport_introspection_cpp
[2.542s] -- Found rmw_implementation_cmake: 1.0.3 (/opt/ros/foxy/share/rmw_implementation_cmake/cmake)
[2.556s] -- Using RMW implementation 'rmw_fastrtps_cpp' as default
[3.308s] -- Found geometry_msgs: 2.0.5 (/opt/ros/foxy/share/geometry_msgs/cmake)
[3.449s] -- Found nav_msgs: 2.0.5 (/opt/ros/foxy/share/nav_msgs/cmake)
[3.732s] -- Found ament_lint_auto: 0.9.6 (/opt/ros/foxy/share/ament_lint_auto/cmake)
[4.308s] -- Added test 'copyright' to check source files copyright and LICENSE
[4.402s] -- Added test 'cppcheck' to perform static code analysis on C / C++ code
[4.404s] -- Configured cppcheck include dirs: 
[4.405s] -- Configured cppcheck exclude dirs and/or files: 
[4.471s] -- Added test 'cpplint' to check C / C++ code against the Google style
[4.473s] -- Configured cpplint exclude dirs and/or files: 
[4.484s] -- Added test 'flake8' to check Python code syntax and style conventions
[4.504s] -- Added test 'lint_cmake' to check CMake code style
[4.514s] -- Added test 'pep257' to check Python code against some of the style conventions in PEP 257
[4.567s] -- Added test 'uncrustify' to check C / C++ code style
[4.568s] -- Configured uncrustify additional arguments: 
[4.576s] -- Added test 'xmllint' to check XML markup files
[4.592s] -- Configuring done
[4.708s] -- Generating done
[4.742s] -- Build files have been written to: /home/rgo/ros2/capra/src/build/rgo_ros2_pkg
[4.904s] [35m[1mScanning dependencies of target rgo_ros2_node[0m
[5.028s] [ 50%] [32mBuilding CXX object CMakeFiles/rgo_ros2_node.dir/src/rgo_ros2_node.cpp.o[0m
[13.210s] [01m[K/home/rgo/ros2/capra/src/rgo_ros2_pkg/src/rgo_ros2_node.cpp:20:18:[m[K [01;31m[Kerror: [m[KISO C++ forbids declaration of â€˜[01m[KRgoRos2Node[m[Kâ€™ with no type [[01;31m[K-fpermissive[m[K]
[13.211s]    20 |     RgoRos2Node ([01;31m[K)[m[K
[13.212s]       |                  [01;31m[K^[m[K
[13.387s] [01m[K/home/rgo/ros2/capra/src/rgo_ros2_pkg/src/rgo_ros2_node.cpp:[m[K In member function â€˜[01m[Kint RgoRos2NodeDummy::RgoRos2Node()[m[Kâ€™:
[13.389s] [01m[K/home/rgo/ros2/capra/src/rgo_ros2_pkg/src/rgo_ros2_node.cpp:21:7:[m[K [01;31m[Kerror: [m[Konly constructors take member initializers
[13.390s]    21 |     : [01;31m[KNode[m[K("rgo_ros2_node"), count_(0)
[13.390s]       |       [01;31m[K^~~~[m[K
[13.391s] [01m[K/home/rgo/ros2/capra/src/rgo_ros2_pkg/src/rgo_ros2_node.cpp:24:118:[m[K [01;31m[Kerror: [m[Kâ€˜[01m[KRgoRos2Node[m[Kâ€™ is not a class, namespace, or enumeration
[13.391s]    24 |       subscriber_         = this->create_subscription<geometry_msgs::msg::Twist>("robot_sim_velocity", 1, std::bind(&[01;31m[KRgoRos2Node[m[K::subscribe_message, this, _1));
[13.392s]       |                                                                                                                      [01;31m[K^~~~~~~~~~~[m[K
[13.392s] [01m[K/home/rgo/ros2/capra/src/rgo_ros2_pkg/src/rgo_ros2_node.cpp:25:119:[m[K [01;31m[Kerror: [m[Kâ€˜[01m[KRgoRos2Node[m[Kâ€™ is not a class, namespace, or enumeration
[13.393s]    25 |       odometry_subscriber_   = this->create_subscription<nav_msgs::msg::Odometry>("robot_sim_odometry", 1, std::bind(&[01;31m[KRgoRos2Node[m[K::subscribe_odometry_message, this, _1));
[13.393s]       |                                                                                                                       [01;31m[K^~~~~~~~~~~[m[K
[13.396s] [01m[K/home/rgo/ros2/capra/src/rgo_ros2_pkg/src/rgo_ros2_node.cpp:33:58:[m[K [01;31m[Kerror: [m[Kâ€˜[01m[KRgoRos2Node[m[Kâ€™ is not a class, namespace, or enumeration
[13.397s]    33 |       timer_ = this->create_wall_timer(500ms, std::bind(&[01;31m[KRgoRos2Node[m[K::timer_callback, this));
[13.397s]       |                                                          [01;31m[K^~~~~~~~~~~[m[K
[13.398s] [01m[K/home/rgo/ros2/capra/src/rgo_ros2_pkg/src/rgo_ros2_node.cpp:35:5:[m[K [01;35m[Kwarning: [m[Kno return statement in function returning non-void [[01;35m[K-Wreturn-type[m[K]
[13.398s]    35 |     [01;35m[K}[m[K
[13.399s]       |     [01;35m[K^[m[K
[16.117s] In file included from [01m[K/usr/include/aarch64-linux-gnu/c++/9/bits/c++allocator.h:33[m[K,
[16.118s]                  from [01m[K/usr/include/c++/9/bits/allocator.h:46[m[K,
[16.119s]                  from [01m[K/usr/include/c++/9/string:41[m[K,
[16.122s]                  from [01m[K/usr/include/c++/9/stdexcept:39[m[K,
[16.123s]                  from [01m[K/usr/include/c++/9/array:39[m[K,
[16.124s]                  from [01m[K/usr/include/c++/9/tuple:39[m[K,
[16.125s]                  from [01m[K/usr/include/c++/9/functional:54[m[K,
[16.125s]                  from [01m[K/home/rgo/ros2/capra/src/rgo_ros2_pkg/src/rgo_ros2_node.cpp:2[m[K:
[16.126s] /usr/include/c++/9/ext/new_allocator.h: In instantiation of â€˜[01m[Kvoid __gnu_cxx::new_allocator<_Tp>::construct(_Up*, _Args&& ...) [with _Up = RgoRos2NodeDummy; _Args = {}; _Tp = RgoRos2NodeDummy][m[Kâ€™:
[16.126s] [01m[K/usr/include/c++/9/bits/alloc_traits.h:483:4:[m[K   required from â€˜[01m[Kstatic void std::allocator_traits<std::allocator<_CharT> >::construct(std::allocator_traits<std::allocator<_CharT> >::allocator_type&, _Up*, _Args&& ...) [with _Up = RgoRos2NodeDummy; _Args = {}; _Tp = RgoRos2NodeDummy; std::allocator_traits<std::allocator<_CharT> >::allocator_type = std::allocator<RgoRos2NodeDummy>][m[Kâ€™
[16.127s] [01m[K/usr/include/c++/9/bits/shared_ptr_base.h:548:39:[m[K   required from â€˜[01m[Kstd::_Sp_counted_ptr_inplace<_Tp, _Alloc, _Lp>::_Sp_counted_ptr_inplace(_Alloc, _Args&& ...) [with _Args = {}; _Tp = RgoRos2NodeDummy; _Alloc = std::allocator<RgoRos2NodeDummy>; __gnu_cxx::_Lock_policy _Lp = __gnu_cxx::_S_atomic][m[Kâ€™
[16.128s] [01m[K/usr/include/c++/9/bits/shared_ptr_base.h:679:16:[m[K   required from â€˜[01m[Kstd::__shared_count<_Lp>::__shared_count(_Tp*&, std::_Sp_alloc_shared_tag<_Alloc>, _Args&& ...) [with _Tp = RgoRos2NodeDummy; _Alloc = std::allocator<RgoRos2NodeDummy>; _Args = {}; __gnu_cxx::_Lock_policy _Lp = __gnu_cxx::_S_atomic][m[Kâ€™
[16.129s] [01m[K/usr/include/c++/9/bits/shared_ptr_base.h:1344:71:[m[K   required from â€˜[01m[Kstd::__shared_ptr<_Tp, _Lp>::__shared_ptr(std::_Sp_alloc_shared_tag<_Tp>, _Args&& ...) [with _Alloc = std::allocator<RgoRos2NodeDummy>; _Args = {}; _Tp = RgoRos2NodeDummy; __gnu_cxx::_Lock_policy _Lp = __gnu_cxx::_S_atomic][m[Kâ€™
[16.130s] [01m[K/usr/include/c++/9/bits/shared_ptr.h:359:59:[m[K   required from â€˜[01m[Kstd::shared_ptr<_Tp>::shared_ptr(std::_Sp_alloc_shared_tag<_Tp>, _Args&& ...) [with _Alloc = std::allocator<RgoRos2NodeDummy>; _Args = {}; _Tp = RgoRos2NodeDummy][m[Kâ€™
[16.131s] [01m[K/usr/include/c++/9/bits/shared_ptr.h:701:14:[m[K   required from â€˜[01m[Kstd::shared_ptr<_Tp> std::allocate_shared(const _Alloc&, _Args&& ...) [with _Tp = RgoRos2NodeDummy; _Alloc = std::allocator<RgoRos2NodeDummy>; _Args = {}][m[Kâ€™
[16.132s] [01m[K/usr/include/c++/9/bits/shared_ptr.h:717:39:[m[K   required from â€˜[01m[Kstd::shared_ptr<_Tp> std::make_shared(_Args&& ...) [with _Tp = RgoRos2NodeDummy; _Args = {}][m[Kâ€™
[16.133s] [01m[K/home/rgo/ros2/capra/src/rgo_ros2_pkg/src/rgo_ros2_node.cpp:93:51:[m[K   required from here
[16.133s] [01m[K/usr/include/c++/9/ext/new_allocator.h:146:4:[m[K [01;31m[Kerror: [m[Kuse of deleted function â€˜[01m[KRgoRos2NodeDummy::RgoRos2NodeDummy()[m[Kâ€™
[16.134s]   146 |  { [01;31m[K::new((void *)__p) _Up(std::forward<_Args>(__args)...)[m[K; }
[16.135s]       |    [01;31m[K^~~~~~~~~~~~~~~~~~~~~~~~~~~~~~~~~~~~~~~~~~~~~~~~~~~~~~[m[K
[16.136s] [01m[K/home/rgo/ros2/capra/src/rgo_ros2_pkg/src/rgo_ros2_node.cpp:17:7:[m[K [01;36m[Knote: [m[Kâ€˜[01m[KRgoRos2NodeDummy::RgoRos2NodeDummy()[m[Kâ€™ is implicitly deleted because the default definition would be ill-formed:
[16.137s]    17 | class [01;36m[KRgoRos2NodeDummy[m[K : public rclcpp::Node
[16.138s]       |       [01;36m[K^~~~~~~~~~~~~~~~[m[K
[16.138s] [01m[K/home/rgo/ros2/capra/src/rgo_ros2_pkg/src/rgo_ros2_node.cpp:17:7:[m[K [01;31m[Kerror: [m[Kno matching function for call to â€˜[01m[Krclcpp::Node::Node()[m[Kâ€™
[16.139s] In file included from [01m[K/opt/ros/foxy/include/rclcpp/executors/single_threaded_executor.hpp:28[m[K,
[16.140s]                  from [01m[K/opt/ros/foxy/include/rclcpp/executors.hpp:22[m[K,
[16.141s]                  from [01m[K/opt/ros/foxy/include/rclcpp/rclcpp.hpp:146[m[K,
[16.142s]                  from [01m[K/home/rgo/ros2/capra/src/rgo_ros2_pkg/src/rgo_ros2_node.cpp:6[m[K:
[16.143s] [01m[K/opt/ros/foxy/include/rclcpp/node.hpp:1193:3:[m[K [01;36m[Knote: [m[Kcandidate: â€˜[01m[Krclcpp::Node::Node(const rclcpp::Node&, const string&)[m[Kâ€™
[16.143s]  1193 |   [01;36m[KNode[m[K(
[16.144s]       |   [01;36m[K^~~~[m[K
[16.145s] [01m[K/opt/ros/foxy/include/rclcpp/node.hpp:1193:3:[m[K [01;36m[Knote: [m[K  candidate expects 2 arguments, 0 provided
[16.146s] [01m[K/opt/ros/foxy/include/rclcpp/node.hpp:98:12:[m[K [01;36m[Knote: [m[Kcandidate: â€˜[01m[Krclcpp::Node::Node(const string&, const string&, const rclcpp::NodeOptions&)[m[Kâ€™
[16.147s]    98 |   explicit [01;36m[KNode[m[K(
[16.148s]       |            [01;36m[K^~~~[m[K
[16.149s] [01m[K/opt/ros/foxy/include/rclcpp/node.hpp:98:12:[m[K [01;36m[Knote: [m[K  candidate expects 3 arguments, 0 provided
[16.149s] [01m[K/opt/ros/foxy/include/rclcpp/node.hpp:86:12:[m[K [01;36m[Knote: [m[Kcandidate: â€˜[01m[Krclcpp::Node::Node(const string&, const rclcpp::NodeOptions&)[m[Kâ€™
[16.150s]    86 |   explicit [01;36m[KNode[m[K(
[16.151s]       |            [01;36m[K^~~~[m[K
[16.152s] [01m[K/opt/ros/foxy/include/rclcpp/node.hpp:86:12:[m[K [01;36m[Knote: [m[K  candidate expects 2 arguments, 0 provided
[17.574s] make[2]: *** [CMakeFiles/rgo_ros2_node.dir/build.make:63: CMakeFiles/rgo_ros2_node.dir/src/rgo_ros2_node.cpp.o] Error 1
[17.575s] make[1]: *** [CMakeFiles/Makefile2:78: CMakeFiles/rgo_ros2_node.dir/all] Error 2
[17.577s] make: *** [Makefile:141: all] Error 2
[17.596s] Invoked command in '/home/rgo/ros2/capra/src/build/rgo_ros2_pkg' returned '2': CMAKE_PREFIX_PATH=${CMAKE_PREFIX_PATH}:/opt/ros/foxy /usr/bin/cmake --build /home/rgo/ros2/capra/src/build/rgo_ros2_pkg -- -j6 -l6
