[0.076s] Invoking command in '/home/rgo/ros2/capra/src/build/rgo_ros2_pkg': CMAKE_PREFIX_PATH=${CMAKE_PREFIX_PATH}:/opt/ros/foxy /usr/bin/cmake --build /home/rgo/ros2/capra/src/build/rgo_ros2_pkg -- -j6 -l6
[0.211s] [35m[1mScanning dependencies of target rgo_ros2_node[0m
[0.347s] [ 33%] [32mBuilding CXX object CMakeFiles/rgo_ros2_node.dir/src/main.cpp.o[0m
[0.351s] [ 66%] [32mBuilding CXX object CMakeFiles/rgo_ros2_node.dir/src/rgo_ros2_node.cpp.o[0m
[11.053s] [01m[K/home/rgo/ros2/capra/src/rgo_ros2_pkg/src/rgo_ros2_node.cpp:38:6:[m[K [01;31m[Kerror: [m[Kâ€˜[01m[KClient[m[Kâ€™ has not been declared
[11.056s]    38 | void [01;31m[KClient[m[K::LocalizationCallback(const Pe::PeService::PoseVelocityFrame &frame)
[11.059s]       |      [01;31m[K^~~~~~[m[K
[11.062s] In file included from [01m[K/opt/ros/foxy/include/rclcpp/service.hpp:34[m[K,
[11.065s]                  from [01m[K/opt/ros/foxy/include/rclcpp/callback_group.hpp:25[m[K,
[11.067s]                  from [01m[K/opt/ros/foxy/include/rclcpp/any_executable.hpp:20[m[K,
[11.071s]                  from [01m[K/opt/ros/foxy/include/rclcpp/memory_strategy.hpp:24[m[K,
[11.074s]                  from [01m[K/opt/ros/foxy/include/rclcpp/memory_strategies.hpp:18[m[K,
[11.076s]                  from [01m[K/opt/ros/foxy/include/rclcpp/executor_options.hpp:20[m[K,
[11.078s]                  from [01m[K/opt/ros/foxy/include/rclcpp/executor.hpp:33[m[K,
[11.080s]                  from [01m[K/opt/ros/foxy/include/rclcpp/executors/multi_threaded_executor.hpp:26[m[K,
[11.082s]                  from [01m[K/opt/ros/foxy/include/rclcpp/executors.hpp:21[m[K,
[11.084s]                  from [01m[K/opt/ros/foxy/include/rclcpp/rclcpp.hpp:146[m[K,
[11.085s]                  from [01m[K/home/rgo/ros2/capra/src/rgo_ros2_pkg/include/rgo_ros2_node.h:16[m[K,
[11.087s]                  from [01m[K/home/rgo/ros2/capra/src/rgo_ros2_pkg/src/rgo_ros2_node.cpp:1[m[K:
[11.088s] [01m[K/home/rgo/ros2/capra/src/rgo_ros2_pkg/src/rgo_ros2_node.cpp:[m[K In function â€˜[01m[Kvoid LocalizationCallback(const Pe::PeService::PoseVelocityFrame&)[m[Kâ€™:
[11.090s] [01m[K/home/rgo/ros2/capra/src/rgo_ros2_pkg/src/rgo_ros2_node.cpp:41:15:[m[K [01;31m[Kerror: [m[Kinvalid use of â€˜[01m[Kthis[m[Kâ€™ in non-member function
[11.091s]    41 |   RCLCPP_INFO([01;31m[Kthis[m[K->get_logger(), "Sending - position ");
[11.092s]       |               [01;31m[K^~~~[m[K
[11.093s] [01m[K/home/rgo/ros2/capra/src/rgo_ros2_pkg/src/rgo_ros2_node.cpp:41:15:[m[K [01;31m[Kerror: [m[Kinvalid use of â€˜[01m[Kthis[m[Kâ€™ in non-member function
[11.094s] [01m[K/home/rgo/ros2/capra/src/rgo_ros2_pkg/src/rgo_ros2_node.cpp:41:3:[m[K [01;31m[Kerror: [m[Ktemplate argument 1 is invalid
[11.096s]    41 |   [01;31m[KRCLCPP_INFO[m[K(this->get_logger(), "Sending - position ");
[11.097s]       |   [01;31m[K^~~~~~~~~~~[m[K
[11.098s] [01m[K/home/rgo/ros2/capra/src/rgo_ros2_pkg/src/rgo_ros2_node.cpp:41:3:[m[K [01;31m[Kerror: [m[Ktemplate argument 1 is invalid
[11.099s]    41 |   [01;31m[KRCLCPP_INFO[m[K(this->get_logger(), "Sending - position ");
[11.100s]       |   [01;31m[K^~~~~~~~~~~[m[K
[11.101s] [01m[K/home/rgo/ros2/capra/src/rgo_ros2_pkg/src/rgo_ros2_node.cpp:41:3:[m[K [01;31m[Kerror: [m[Ktemplate argument 1 is invalid
[11.102s]    41 |   [01;31m[KRCLCPP_INFO[m[K(this->get_logger(), "Sending - position ");
[11.104s]       |   [01;31m[K^~~~~~~~~~~[m[K
[11.105s] In file included from [01m[K/opt/ros/foxy/include/rclcpp/client.hpp:40[m[K,
[11.106s]                  from [01m[K/opt/ros/foxy/include/rclcpp/callback_group.hpp:23[m[K,
[11.107s]                  from [01m[K/opt/ros/foxy/include/rclcpp/any_executable.hpp:20[m[K,
[11.108s]                  from [01m[K/opt/ros/foxy/include/rclcpp/memory_strategy.hpp:24[m[K,
[11.109s]                  from [01m[K/opt/ros/foxy/include/rclcpp/memory_strategies.hpp:18[m[K,
[11.110s]                  from [01m[K/opt/ros/foxy/include/rclcpp/executor_options.hpp:20[m[K,
[11.112s]                  from [01m[K/opt/ros/foxy/include/rclcpp/executor.hpp:33[m[K,
[11.113s]                  from [01m[K/opt/ros/foxy/include/rclcpp/executors/multi_threaded_executor.hpp:26[m[K,
[11.114s]                  from [01m[K/opt/ros/foxy/include/rclcpp/executors.hpp:21[m[K,
[11.115s]                  from [01m[K/opt/ros/foxy/include/rclcpp/rclcpp.hpp:146[m[K,
[11.116s]                  from [01m[K/home/rgo/ros2/capra/src/rgo_ros2_pkg/include/rgo_ros2_node.h:16[m[K,
[11.117s]                  from [01m[K/home/rgo/ros2/capra/src/rgo_ros2_pkg/src/rgo_ros2_node.cpp:1[m[K:
[11.118s] [01m[K/home/rgo/ros2/capra/src/rgo_ros2_pkg/src/rgo_ros2_node.cpp:41:15:[m[K [01;31m[Kerror: [m[Kinvalid use of â€˜[01m[Kthis[m[Kâ€™ in non-member function
[11.119s]    41 |   RCLCPP_INFO([01;31m[Kthis[m[K->get_logger(), "Sending - position ");
[11.120s]       |               [01;31m[K^~~~[m[K
[11.121s] [01m[K/home/rgo/ros2/capra/src/rgo_ros2_pkg/src/rgo_ros2_node.cpp:41:15:[m[K [01;31m[Kerror: [m[Kinvalid use of â€˜[01m[Kthis[m[Kâ€™ in non-member function
[11.122s]    41 |   RCLCPP_INFO([01;31m[Kthis[m[K->get_logger(), "Sending - position ");
[11.123s]       |               [01;31m[K^~~~[m[K
[11.124s] [01m[K/home/rgo/ros2/capra/src/rgo_ros2_pkg/src/rgo_ros2_node.cpp:43:43:[m[K [01;31m[Kerror: [m[Kâ€˜[01m[Kconst struct Pe::PeService::Header[m[Kâ€™ has no member named â€˜[01m[Kts_arrival[m[Kâ€™; did you mean â€˜[01m[Kts_arrival_sec[m[Kâ€™?
[11.125s]    43 |   pose.header.stamp.nanosec =frame.header.[01;31m[Kts_arrival[m[K;
[11.126s]       |                                           [01;31m[K^~~~~~~~~~[m[K
[11.128s]       |                                           [32m[Kts_arrival_sec[m[K
[11.130s] [01m[K/home/rgo/ros2/capra/src/rgo_ros2_pkg/src/rgo_ros2_node.cpp:54:3:[m[K [01;31m[Kerror: [m[Kâ€˜[01m[K_pose_publisher[m[Kâ€™ was not declared in this scope
[11.131s]    54 |   [01;31m[K_pose_publisher[m[K->publish(pose);
[11.132s]       |   [01;31m[K^~~~~~~~~~~~~~~[m[K
[21.195s] make[2]: *** [CMakeFiles/rgo_ros2_node.dir/build.make:76: CMakeFiles/rgo_ros2_node.dir/src/rgo_ros2_node.cpp.o] Error 1
[21.200s] make[1]: *** [CMakeFiles/Makefile2:78: CMakeFiles/rgo_ros2_node.dir/all] Error 2
[21.205s] make: *** [Makefile:141: all] Error 2
[21.212s] Invoked command in '/home/rgo/ros2/capra/src/build/rgo_ros2_pkg' returned '2': CMAKE_PREFIX_PATH=${CMAKE_PREFIX_PATH}:/opt/ros/foxy /usr/bin/cmake --build /home/rgo/ros2/capra/src/build/rgo_ros2_pkg -- -j6 -l6
