[0.084s] Invoking command in '/home/rgo/ros2/capra/src/build/rgo_ros2_pkg': CMAKE_PREFIX_PATH=${CMAKE_PREFIX_PATH}:/opt/ros/foxy /usr/bin/cmake --build /home/rgo/ros2/capra/src/build/rgo_ros2_pkg -- -j6 -l6
[0.259s] -- Found ament_cmake: 0.9.9 (/opt/ros/foxy/share/ament_cmake/cmake)
[0.372s] -- Using PYTHON_EXECUTABLE: /usr/bin/python3
[0.965s] -- Found rclcpp: 2.4.1 (/opt/ros/foxy/share/rclcpp/cmake)
[1.056s] -- Using all available rosidl_typesupport_c: rosidl_typesupport_fastrtps_c;rosidl_typesupport_introspection_c
[1.066s] -- Found rosidl_adapter: 1.2.1 (/opt/ros/foxy/share/rosidl_adapter/cmake)
[1.387s] -- Using all available rosidl_typesupport_cpp: rosidl_typesupport_fastrtps_cpp;rosidl_typesupport_introspection_cpp
[1.543s] -- Found rmw_implementation_cmake: 1.0.3 (/opt/ros/foxy/share/rmw_implementation_cmake/cmake)
[1.548s] -- Using RMW implementation 'rmw_fastrtps_cpp' as default
[2.017s] -- Found geometry_msgs: 2.0.5 (/opt/ros/foxy/share/geometry_msgs/cmake)
[2.128s] -- Found nav_msgs: 2.0.5 (/opt/ros/foxy/share/nav_msgs/cmake)
[2.365s] -- Found ament_lint_auto: 0.9.6 (/opt/ros/foxy/share/ament_lint_auto/cmake)
[2.597s] -- Added test 'copyright' to check source files copyright and LICENSE
[2.627s] -- Added test 'cppcheck' to perform static code analysis on C / C++ code
[2.631s] -- Configured cppcheck include dirs: 
[2.648s] -- Configured cppcheck exclude dirs and/or files: 
[2.660s] -- Added test 'cpplint' to check C / C++ code against the Google style
[2.665s] -- Configured cpplint exclude dirs and/or files: 
[2.669s] -- Added test 'flake8' to check Python code syntax and style conventions
[2.672s] -- Added test 'lint_cmake' to check CMake code style
[2.674s] -- Added test 'pep257' to check Python code against some of the style conventions in PEP 257
[2.699s] -- Added test 'uncrustify' to check C / C++ code style
[2.699s] -- Configured uncrustify additional arguments: 
[2.703s] -- Added test 'xmllint' to check XML markup files
[2.711s] -- Configuring done
[2.738s] -- Generating done
[2.744s] -- Build files have been written to: /home/rgo/ros2/capra/src/build/rgo_ros2_pkg
[2.827s] [35m[1mScanning dependencies of target rgo_ros2_node[0m
[2.866s] [ 50%] [32mBuilding CXX object CMakeFiles/rgo_ros2_node.dir/src/rgo_ros2_node.cpp.o[0m
[2.957s] [01m[K/home/rgo/ros2/capra/src/rgo_ros2_pkg/src/rgo_ros2_node.cpp:1:9:[m[K [01;31m[Kfatal error: [m[Krgo_ros2_node.h: No such file or directory
[2.957s]     1 | #include[01;31m[K"rgo_ros2_node.h"[m[K
[2.957s]       |         [01;31m[K^~~~~~~~~~~~~~~~~[m[K
[2.958s] compilation terminated.
[2.971s] make[2]: *** [CMakeFiles/rgo_ros2_node.dir/build.make:63: CMakeFiles/rgo_ros2_node.dir/src/rgo_ros2_node.cpp.o] Error 1
[2.974s] make[1]: *** [CMakeFiles/Makefile2:78: CMakeFiles/rgo_ros2_node.dir/all] Error 2
[2.986s] make: *** [Makefile:141: all] Error 2
[2.989s] Invoked command in '/home/rgo/ros2/capra/src/build/rgo_ros2_pkg' returned '2': CMAKE_PREFIX_PATH=${CMAKE_PREFIX_PATH}:/opt/ros/foxy /usr/bin/cmake --build /home/rgo/ros2/capra/src/build/rgo_ros2_pkg -- -j6 -l6
