[0.079s] Invoking command in '/home/rgo/ros2/capra/src/build/rgo_ros2_pkg': CMAKE_PREFIX_PATH=${CMAKE_PREFIX_PATH}:/opt/ros/foxy /usr/bin/cmake --build /home/rgo/ros2/capra/src/build/rgo_ros2_pkg -- -j6 -l6
[0.152s] -- Found ament_cmake: 0.9.9 (/opt/ros/foxy/share/ament_cmake/cmake)
[0.234s] -- Using PYTHON_EXECUTABLE: /usr/bin/python3
[0.830s] -- Found rclcpp: 2.4.1 (/opt/ros/foxy/share/rclcpp/cmake)
[0.920s] -- Using all available rosidl_typesupport_c: rosidl_typesupport_fastrtps_c;rosidl_typesupport_introspection_c
[0.930s] -- Found rosidl_adapter: 1.2.1 (/opt/ros/foxy/share/rosidl_adapter/cmake)
[1.237s] -- Using all available rosidl_typesupport_cpp: rosidl_typesupport_fastrtps_cpp;rosidl_typesupport_introspection_cpp
[1.396s] -- Found rmw_implementation_cmake: 1.0.3 (/opt/ros/foxy/share/rmw_implementation_cmake/cmake)
[1.402s] -- Using RMW implementation 'rmw_fastrtps_cpp' as default
[1.871s] -- Found geometry_msgs: 2.0.5 (/opt/ros/foxy/share/geometry_msgs/cmake)
[1.980s] -- Found nav_msgs: 2.0.5 (/opt/ros/foxy/share/nav_msgs/cmake)
[2.225s] -- Found ament_lint_auto: 0.9.6 (/opt/ros/foxy/share/ament_lint_auto/cmake)
[2.457s] -- Added test 'copyright' to check source files copyright and LICENSE
[2.486s] -- Added test 'cppcheck' to perform static code analysis on C / C++ code
[2.490s] -- Configured cppcheck include dirs: $<BUILD_INTERFACE:/home/rgo/ros2/capra/src/rgo_ros2_pkg/include>
[2.494s] -- Configured cppcheck exclude dirs and/or files: 
[2.520s] -- Added test 'cpplint' to check C / C++ code against the Google style
[2.524s] -- Configured cpplint exclude dirs and/or files: 
[2.528s] -- Added test 'flake8' to check Python code syntax and style conventions
[2.530s] -- Added test 'lint_cmake' to check CMake code style
[2.534s] -- Added test 'pep257' to check Python code against some of the style conventions in PEP 257
[2.561s] -- Added test 'uncrustify' to check C / C++ code style
[2.561s] -- Configured uncrustify additional arguments: 
[2.566s] -- Added test 'xmllint' to check XML markup files
[2.574s] -- Configuring done
[2.603s] -- Generating done
[2.607s] -- Build files have been written to: /home/rgo/ros2/capra/src/build/rgo_ros2_pkg
[2.767s] [ 33%] [32mBuilding CXX object CMakeFiles/rgo_ros2_node.dir/src/rgo_ros2_node.cpp.o[0m
[3.400s] [01m[K/home/rgo/ros2/capra/src/rgo_ros2_pkg/src/rgo_ros2_node.cpp:2:10:[m[K [01;31m[Kfatal error: [m[KSpdLogger.h: No such file or directory
[3.401s]     2 | #include [01;31m[K"SpdLogger.h"[m[K
[3.402s]       |          [01;31m[K^~~~~~~~~~~~~[m[K
[3.402s] compilation terminated.
[3.419s] make[2]: *** [CMakeFiles/rgo_ros2_node.dir/build.make:76: CMakeFiles/rgo_ros2_node.dir/src/rgo_ros2_node.cpp.o] Error 1
[3.421s] make[1]: *** [CMakeFiles/Makefile2:78: CMakeFiles/rgo_ros2_node.dir/all] Error 2
[3.436s] make: *** [Makefile:141: all] Error 2
[3.440s] Invoked command in '/home/rgo/ros2/capra/src/build/rgo_ros2_pkg' returned '2': CMAKE_PREFIX_PATH=${CMAKE_PREFIX_PATH}:/opt/ros/foxy /usr/bin/cmake --build /home/rgo/ros2/capra/src/build/rgo_ros2_pkg -- -j6 -l6
