[0.037s] Invoking command in '/home/rgo/ros2/capra/src/build/robot_sim_ros2_pkg': CMAKE_PREFIX_PATH=${CMAKE_PREFIX_PATH}:/opt/ros/foxy CONDA_PROMPT_MODIFIER=(base) /usr/bin/cmake --build /home/rgo/ros2/capra/src/build/robot_sim_ros2_pkg -- -j8 -l8
[0.081s] [35m[1mScanning dependencies of target robot_sim_ros2_node[0m
[0.120s] [ 50%] [32mBuilding CXX object CMakeFiles/robot_sim_ros2_node.dir/src/robot_sim_ros2_node.cpp.o[0m
[0.251s] [01m[K/home/rgo/ros2/capra/src/robot_sim_ros2_pkg/src/robot_sim_ros2_node.cpp:14:10:[m[K [01;31m[Kfatal error: [m[Knav2_amcl/amcl_node.hpp: No such file or directory
[0.251s]    14 | #include [01;31m[K"nav2_amcl/amcl_node.hpp"[m[K
[0.251s]       |          [01;31m[K^~~~~~~~~~~~~~~~~~~~~~~~~[m[K
[0.251s] compilation terminated.
[0.254s] make[2]: *** [CMakeFiles/robot_sim_ros2_node.dir/build.make:63: CMakeFiles/robot_sim_ros2_node.dir/src/robot_sim_ros2_node.cpp.o] Error 1
[0.254s] make[1]: *** [CMakeFiles/Makefile2:78: CMakeFiles/robot_sim_ros2_node.dir/all] Error 2
[0.254s] make: *** [Makefile:141: all] Error 2
[0.256s] Invoked command in '/home/rgo/ros2/capra/src/build/robot_sim_ros2_pkg' returned '2': CMAKE_PREFIX_PATH=${CMAKE_PREFIX_PATH}:/opt/ros/foxy CONDA_PROMPT_MODIFIER=(base) /usr/bin/cmake --build /home/rgo/ros2/capra/src/build/robot_sim_ros2_pkg -- -j8 -l8
