[01m[K/home/rgo/ros2/capra/src/rgo_ros2_pkg/src/rgo_ros2_node.cpp:[m[K In member function â€˜[01m[Kvoid RgoRos2Node::initPerceptionEngine()[m[Kâ€™:
[01m[K/home/rgo/ros2/capra/src/rgo_ros2_pkg/src/rgo_ros2_node.cpp:34:3:[m[K [01;31m[Kerror: [m[Kâ€˜[01m[Kpe_[m[Kâ€™ was not declared in this scope
   34 |   [01;31m[Kpe_[m[K->GetLocalizationService()->RegisterForGlobalPoseVelocityUpdates(std::bind(&Client::LocalizationCallback, this, std::placeholders::_1));
      |   [01;31m[K^~~[m[K
[01m[K/home/rgo/ros2/capra/src/rgo_ros2_pkg/src/rgo_ros2_node.cpp:34:82:[m[K [01;31m[Kerror: [m[Kâ€˜[01m[KClient[m[Kâ€™ has not been declared
   34 |   pe_->GetLocalizationService()->RegisterForGlobalPoseVelocityUpdates(std::bind(&[01;31m[KClient[m[K::LocalizationCallback, this, std::placeholders::_1));
      |                                                                                  [01;31m[K^~~~~~[m[K
[01m[K/home/rgo/ros2/capra/src/rgo_ros2_pkg/src/rgo_ros2_node.cpp:[m[K At global scope:
[01m[K/home/rgo/ros2/capra/src/rgo_ros2_pkg/src/rgo_ros2_node.cpp:38:6:[m[K [01;31m[Kerror: [m[Kâ€˜[01m[KClient[m[Kâ€™ has not been declared
   38 | void [01;31m[KClient[m[K::LocalizationCallback(const Pe::PeService::PoseVelocityFrame &frame)
      |      [01;31m[K^~~~~~[m[K
In file included from [01m[K/opt/ros/foxy/include/rclcpp/service.hpp:34[m[K,
                 from [01m[K/opt/ros/foxy/include/rclcpp/callback_group.hpp:25[m[K,
                 from [01m[K/opt/ros/foxy/include/rclcpp/any_executable.hpp:20[m[K,
                 from [01m[K/opt/ros/foxy/include/rclcpp/memory_strategy.hpp:24[m[K,
                 from [01m[K/opt/ros/foxy/include/rclcpp/memory_strategies.hpp:18[m[K,
                 from [01m[K/opt/ros/foxy/include/rclcpp/executor_options.hpp:20[m[K,
                 from [01m[K/opt/ros/foxy/include/rclcpp/executor.hpp:33[m[K,
                 from [01m[K/opt/ros/foxy/include/rclcpp/executors/multi_threaded_executor.hpp:26[m[K,
                 from [01m[K/opt/ros/foxy/include/rclcpp/executors.hpp:21[m[K,
                 from [01m[K/opt/ros/foxy/include/rclcpp/rclcpp.hpp:146[m[K,
                 from [01m[K/home/rgo/ros2/capra/src/rgo_ros2_pkg/include/rgo_ros2_node.h:16[m[K,
                 from [01m[K/home/rgo/ros2/capra/src/rgo_ros2_pkg/src/rgo_ros2_node.cpp:1[m[K:
[01m[K/home/rgo/ros2/capra/src/rgo_ros2_pkg/src/rgo_ros2_node.cpp:[m[K In function â€˜[01m[Kvoid LocalizationCallback(const Pe::PeService::PoseVelocityFrame&)[m[Kâ€™:
[01m[K/home/rgo/ros2/capra/src/rgo_ros2_pkg/src/rgo_ros2_node.cpp:41:15:[m[K [01;31m[Kerror: [m[Kinvalid use of â€˜[01m[Kthis[m[Kâ€™ in non-member function
   41 |   RCLCPP_INFO([01;31m[Kthis[m[K->get_logger(), "Sending - position ");
      |               [01;31m[K^~~~[m[K
[01m[K/home/rgo/ros2/capra/src/rgo_ros2_pkg/src/rgo_ros2_node.cpp:41:15:[m[K [01;31m[Kerror: [m[Kinvalid use of â€˜[01m[Kthis[m[Kâ€™ in non-member function
[01m[K/home/rgo/ros2/capra/src/rgo_ros2_pkg/src/rgo_ros2_node.cpp:41:3:[m[K [01;31m[Kerror: [m[Ktemplate argument 1 is invalid
   41 |   [01;31m[KRCLCPP_INFO[m[K(this->get_logger(), "Sending - position ");
      |   [01;31m[K^~~~~~~~~~~[m[K
[01m[K/home/rgo/ros2/capra/src/rgo_ros2_pkg/src/rgo_ros2_node.cpp:41:3:[m[K [01;31m[Kerror: [m[Ktemplate argument 1 is invalid
   41 |   [01;31m[KRCLCPP_INFO[m[K(this->get_logger(), "Sending - position ");
      |   [01;31m[K^~~~~~~~~~~[m[K
[01m[K/home/rgo/ros2/capra/src/rgo_ros2_pkg/src/rgo_ros2_node.cpp:41:3:[m[K [01;31m[Kerror: [m[Ktemplate argument 1 is invalid
   41 |   [01;31m[KRCLCPP_INFO[m[K(this->get_logger(), "Sending - position ");
      |   [01;31m[K^~~~~~~~~~~[m[K
In file included from [01m[K/opt/ros/foxy/include/rclcpp/client.hpp:40[m[K,
                 from [01m[K/opt/ros/foxy/include/rclcpp/callback_group.hpp:23[m[K,
                 from [01m[K/opt/ros/foxy/include/rclcpp/any_executable.hpp:20[m[K,
                 from [01m[K/opt/ros/foxy/include/rclcpp/memory_strategy.hpp:24[m[K,
                 from [01m[K/opt/ros/foxy/include/rclcpp/memory_strategies.hpp:18[m[K,
                 from [01m[K/opt/ros/foxy/include/rclcpp/executor_options.hpp:20[m[K,
                 from [01m[K/opt/ros/foxy/include/rclcpp/executor.hpp:33[m[K,
                 from [01m[K/opt/ros/foxy/include/rclcpp/executors/multi_threaded_executor.hpp:26[m[K,
                 from [01m[K/opt/ros/foxy/include/rclcpp/executors.hpp:21[m[K,
                 from [01m[K/opt/ros/foxy/include/rclcpp/rclcpp.hpp:146[m[K,
                 from [01m[K/home/rgo/ros2/capra/src/rgo_ros2_pkg/include/rgo_ros2_node.h:16[m[K,
                 from [01m[K/home/rgo/ros2/capra/src/rgo_ros2_pkg/src/rgo_ros2_node.cpp:1[m[K:
[01m[K/home/rgo/ros2/capra/src/rgo_ros2_pkg/src/rgo_ros2_node.cpp:41:15:[m[K [01;31m[Kerror: [m[Kinvalid use of â€˜[01m[Kthis[m[Kâ€™ in non-member function
   41 |   RCLCPP_INFO([01;31m[Kthis[m[K->get_logger(), "Sending - position ");
      |               [01;31m[K^~~~[m[K
[01m[K/home/rgo/ros2/capra/src/rgo_ros2_pkg/src/rgo_ros2_node.cpp:41:15:[m[K [01;31m[Kerror: [m[Kinvalid use of â€˜[01m[Kthis[m[Kâ€™ in non-member function
   41 |   RCLCPP_INFO([01;31m[Kthis[m[K->get_logger(), "Sending - position ");
      |               [01;31m[K^~~~[m[K
[01m[K/home/rgo/ros2/capra/src/rgo_ros2_pkg/src/rgo_ros2_node.cpp:43:43:[m[K [01;31m[Kerror: [m[Kâ€˜[01m[Kconst struct Pe::PeService::Header[m[Kâ€™ has no member named â€˜[01m[Kts_arrival[m[Kâ€™; did you mean â€˜[01m[Kts_arrival_sec[m[Kâ€™?
   43 |   pose.header.stamp.nanosec =frame.header.[01;31m[Kts_arrival[m[K;
      |                                           [01;31m[K^~~~~~~~~~[m[K
      |                                           [32m[Kts_arrival_sec[m[K
[01m[K/home/rgo/ros2/capra/src/rgo_ros2_pkg/src/rgo_ros2_node.cpp:54:3:[m[K [01;31m[Kerror: [m[Kâ€˜[01m[K_pose_publisher[m[Kâ€™ was not declared in this scope
   54 |   [01;31m[K_pose_publisher[m[K->publish(pose);
      |   [01;31m[K^~~~~~~~~~~~~~~[m[K
make[2]: *** [CMakeFiles/rgo_ros2_node.dir/build.make:76: CMakeFiles/rgo_ros2_node.dir/src/rgo_ros2_node.cpp.o] Error 1
make[1]: *** [CMakeFiles/Makefile2:78: CMakeFiles/rgo_ros2_node.dir/all] Error 2
make: *** [Makefile:141: all] Error 2
