[0.067s] Invoking command in '/home/rgo/ros2/capra/src/build/rgo_ros2_pkg': CMAKE_PREFIX_PATH=${CMAKE_PREFIX_PATH}:/opt/ros/foxy /usr/bin/cmake --build /home/rgo/ros2/capra/src/build/rgo_ros2_pkg -- -j6 -l6
[0.334s] [35m[1mScanning dependencies of target rgo_ros2_node[0m
[0.486s] [ 33%] [32mBuilding CXX object CMakeFiles/rgo_ros2_node.dir/src/rgo_ros2_node.cpp.o[0m
[0.498s] [ 66%] [32mBuilding CXX object CMakeFiles/rgo_ros2_node.dir/src/main.cpp.o[0m
[13.357s] [01m[K/home/rgo/ros2/capra/src/rgo_ros2_pkg/src/rgo_ros2_node.cpp:[m[K In member function â€˜[01m[Kvoid RgoRos2Node::initPerceptionEngine()[m[Kâ€™:
[13.360s] [01m[K/home/rgo/ros2/capra/src/rgo_ros2_pkg/src/rgo_ros2_node.cpp:34:3:[m[K [01;31m[Kerror: [m[Kâ€˜[01m[Kpe_[m[Kâ€™ was not declared in this scope
[13.362s]    34 |   [01;31m[Kpe_[m[K->GetLocalizationService()->RegisterForGlobalPoseVelocityUpdates(std::bind(&Client::LocalizationCallback, this, std::placeholders::_1));
[13.365s]       |   [01;31m[K^~~[m[K
[13.368s] [01m[K/home/rgo/ros2/capra/src/rgo_ros2_pkg/src/rgo_ros2_node.cpp:34:82:[m[K [01;31m[Kerror: [m[Kâ€˜[01m[KClient[m[Kâ€™ has not been declared
[13.371s]    34 |   pe_->GetLocalizationService()->RegisterForGlobalPoseVelocityUpdates(std::bind(&[01;31m[KClient[m[K::LocalizationCallback, this, std::placeholders::_1));
[13.374s]       |                                                                                  [01;31m[K^~~~~~[m[K
[13.377s] [01m[K/home/rgo/ros2/capra/src/rgo_ros2_pkg/src/rgo_ros2_node.cpp:[m[K At global scope:
[13.379s] [01m[K/home/rgo/ros2/capra/src/rgo_ros2_pkg/src/rgo_ros2_node.cpp:38:6:[m[K [01;31m[Kerror: [m[Kâ€˜[01m[KClient[m[Kâ€™ has not been declared
[13.381s]    38 | void [01;31m[KClient[m[K::LocalizationCallback(const Pe::PeService::PoseVelocityFrame &frame)
[13.386s]       |      [01;31m[K^~~~~~[m[K
[13.388s] In file included from [01m[K/opt/ros/foxy/include/rclcpp/service.hpp:34[m[K,
[13.391s]                  from [01m[K/opt/ros/foxy/include/rclcpp/callback_group.hpp:25[m[K,
[13.393s]                  from [01m[K/opt/ros/foxy/include/rclcpp/any_executable.hpp:20[m[K,
[13.395s]                  from [01m[K/opt/ros/foxy/include/rclcpp/memory_strategy.hpp:24[m[K,
[13.396s]                  from [01m[K/opt/ros/foxy/include/rclcpp/memory_strategies.hpp:18[m[K,
[13.398s]                  from [01m[K/opt/ros/foxy/include/rclcpp/executor_options.hpp:20[m[K,
[13.400s]                  from [01m[K/opt/ros/foxy/include/rclcpp/executor.hpp:33[m[K,
[13.401s]                  from [01m[K/opt/ros/foxy/include/rclcpp/executors/multi_threaded_executor.hpp:26[m[K,
[13.403s]                  from [01m[K/opt/ros/foxy/include/rclcpp/executors.hpp:21[m[K,
[13.405s]                  from [01m[K/opt/ros/foxy/include/rclcpp/rclcpp.hpp:146[m[K,
[13.406s]                  from [01m[K/home/rgo/ros2/capra/src/rgo_ros2_pkg/include/rgo_ros2_node.h:16[m[K,
[13.408s]                  from [01m[K/home/rgo/ros2/capra/src/rgo_ros2_pkg/src/rgo_ros2_node.cpp:1[m[K:
[13.409s] [01m[K/home/rgo/ros2/capra/src/rgo_ros2_pkg/src/rgo_ros2_node.cpp:[m[K In function â€˜[01m[Kvoid LocalizationCallback(const Pe::PeService::PoseVelocityFrame&)[m[Kâ€™:
[13.411s] [01m[K/home/rgo/ros2/capra/src/rgo_ros2_pkg/src/rgo_ros2_node.cpp:41:15:[m[K [01;31m[Kerror: [m[Kinvalid use of â€˜[01m[Kthis[m[Kâ€™ in non-member function
[13.412s]    41 |   RCLCPP_INFO([01;31m[Kthis[m[K->get_logger(), "Sending - position ");
[13.413s]       |               [01;31m[K^~~~[m[K
[13.415s] [01m[K/home/rgo/ros2/capra/src/rgo_ros2_pkg/src/rgo_ros2_node.cpp:41:15:[m[K [01;31m[Kerror: [m[Kinvalid use of â€˜[01m[Kthis[m[Kâ€™ in non-member function
[13.416s] [01m[K/home/rgo/ros2/capra/src/rgo_ros2_pkg/src/rgo_ros2_node.cpp:41:3:[m[K [01;31m[Kerror: [m[Ktemplate argument 1 is invalid
[13.417s]    41 |   [01;31m[KRCLCPP_INFO[m[K(this->get_logger(), "Sending - position ");
[13.418s]       |   [01;31m[K^~~~~~~~~~~[m[K
[13.419s] [01m[K/home/rgo/ros2/capra/src/rgo_ros2_pkg/src/rgo_ros2_node.cpp:41:3:[m[K [01;31m[Kerror: [m[Ktemplate argument 1 is invalid
[13.420s]    41 |   [01;31m[KRCLCPP_INFO[m[K(this->get_logger(), "Sending - position ");
[13.421s]       |   [01;31m[K^~~~~~~~~~~[m[K
[13.423s] [01m[K/home/rgo/ros2/capra/src/rgo_ros2_pkg/src/rgo_ros2_node.cpp:41:3:[m[K [01;31m[Kerror: [m[Ktemplate argument 1 is invalid
[13.424s]    41 |   [01;31m[KRCLCPP_INFO[m[K(this->get_logger(), "Sending - position ");
[13.425s]       |   [01;31m[K^~~~~~~~~~~[m[K
[13.426s] In file included from [01m[K/opt/ros/foxy/include/rclcpp/client.hpp:40[m[K,
[13.427s]                  from [01m[K/opt/ros/foxy/include/rclcpp/callback_group.hpp:23[m[K,
[13.428s]                  from [01m[K/opt/ros/foxy/include/rclcpp/any_executable.hpp:20[m[K,
[13.429s]                  from [01m[K/opt/ros/foxy/include/rclcpp/memory_strategy.hpp:24[m[K,
[13.431s]                  from [01m[K/opt/ros/foxy/include/rclcpp/memory_strategies.hpp:18[m[K,
[13.432s]                  from [01m[K/opt/ros/foxy/include/rclcpp/executor_options.hpp:20[m[K,
[13.433s]                  from [01m[K/opt/ros/foxy/include/rclcpp/executor.hpp:33[m[K,
[13.434s]                  from [01m[K/opt/ros/foxy/include/rclcpp/executors/multi_threaded_executor.hpp:26[m[K,
[13.435s]                  from [01m[K/opt/ros/foxy/include/rclcpp/executors.hpp:21[m[K,
[13.436s]                  from [01m[K/opt/ros/foxy/include/rclcpp/rclcpp.hpp:146[m[K,
[13.437s]                  from [01m[K/home/rgo/ros2/capra/src/rgo_ros2_pkg/include/rgo_ros2_node.h:16[m[K,
[13.439s]                  from [01m[K/home/rgo/ros2/capra/src/rgo_ros2_pkg/src/rgo_ros2_node.cpp:1[m[K:
[13.440s] [01m[K/home/rgo/ros2/capra/src/rgo_ros2_pkg/src/rgo_ros2_node.cpp:41:15:[m[K [01;31m[Kerror: [m[Kinvalid use of â€˜[01m[Kthis[m[Kâ€™ in non-member function
[13.441s]    41 |   RCLCPP_INFO([01;31m[Kthis[m[K->get_logger(), "Sending - position ");
[13.442s]       |               [01;31m[K^~~~[m[K
[13.443s] [01m[K/home/rgo/ros2/capra/src/rgo_ros2_pkg/src/rgo_ros2_node.cpp:41:15:[m[K [01;31m[Kerror: [m[Kinvalid use of â€˜[01m[Kthis[m[Kâ€™ in non-member function
[13.444s]    41 |   RCLCPP_INFO([01;31m[Kthis[m[K->get_logger(), "Sending - position ");
[13.445s]       |               [01;31m[K^~~~[m[K
[13.447s] [01m[K/home/rgo/ros2/capra/src/rgo_ros2_pkg/src/rgo_ros2_node.cpp:43:43:[m[K [01;31m[Kerror: [m[Kâ€˜[01m[Kconst struct Pe::PeService::Header[m[Kâ€™ has no member named â€˜[01m[Kts_arrival[m[Kâ€™; did you mean â€˜[01m[Kts_arrival_sec[m[Kâ€™?
[13.448s]    43 |   pose.header.stamp.nanosec =frame.header.[01;31m[Kts_arrival[m[K;
[13.449s]       |                                           [01;31m[K^~~~~~~~~~[m[K
[13.450s]       |                                           [32m[Kts_arrival_sec[m[K
[13.451s] [01m[K/home/rgo/ros2/capra/src/rgo_ros2_pkg/src/rgo_ros2_node.cpp:54:3:[m[K [01;31m[Kerror: [m[Kâ€˜[01m[K_pose_publisher[m[Kâ€™ was not declared in this scope
[13.453s]    54 |   [01;31m[K_pose_publisher[m[K->publish(pose);
[13.454s]       |   [01;31m[K^~~~~~~~~~~~~~~[m[K
[23.085s] make[2]: *** [CMakeFiles/rgo_ros2_node.dir/build.make:76: CMakeFiles/rgo_ros2_node.dir/src/rgo_ros2_node.cpp.o] Error 1
[23.089s] make[1]: *** [CMakeFiles/Makefile2:78: CMakeFiles/rgo_ros2_node.dir/all] Error 2
[23.099s] make: *** [Makefile:141: all] Error 2
[23.102s] Invoked command in '/home/rgo/ros2/capra/src/build/rgo_ros2_pkg' returned '2': CMAKE_PREFIX_PATH=${CMAKE_PREFIX_PATH}:/opt/ros/foxy /usr/bin/cmake --build /home/rgo/ros2/capra/src/build/rgo_ros2_pkg -- -j6 -l6
