[0.086s] Invoking command in '/home/rgo/ros2/capra/src/build/rgo_ros2_pkg': CMAKE_PREFIX_PATH=${CMAKE_PREFIX_PATH}:/opt/ros/foxy /usr/bin/cmake --build /home/rgo/ros2/capra/src/build/rgo_ros2_pkg -- -j6 -l6
[0.247s] [35m[1mScanning dependencies of target rgo_ros2_node[0m
[0.372s] [ 33%] [32mBuilding CXX object CMakeFiles/rgo_ros2_node.dir/src/rgo_ros2_node.cpp.o[0m
[10.691s] [01m[K/home/rgo/ros2/capra/src/rgo_ros2_pkg/src/rgo_ros2_node.cpp:38:6:[m[K [01;31m[Kerror: [m[Kâ€˜[01m[KClient[m[Kâ€™ has not been declared
[10.692s]    38 | void [01;31m[KClient[m[K::LocalizationCallback(const Pe::PeService::PoseVelocityFrame &frame)
[10.693s]       |      [01;31m[K^~~~~~[m[K
[10.694s] In file included from [01m[K/opt/ros/foxy/include/rclcpp/service.hpp:34[m[K,
[10.695s]                  from [01m[K/opt/ros/foxy/include/rclcpp/callback_group.hpp:25[m[K,
[10.695s]                  from [01m[K/opt/ros/foxy/include/rclcpp/any_executable.hpp:20[m[K,
[10.696s]                  from [01m[K/opt/ros/foxy/include/rclcpp/memory_strategy.hpp:24[m[K,
[10.696s]                  from [01m[K/opt/ros/foxy/include/rclcpp/memory_strategies.hpp:18[m[K,
[10.696s]                  from [01m[K/opt/ros/foxy/include/rclcpp/executor_options.hpp:20[m[K,
[10.697s]                  from [01m[K/opt/ros/foxy/include/rclcpp/executor.hpp:33[m[K,
[10.697s]                  from [01m[K/opt/ros/foxy/include/rclcpp/executors/multi_threaded_executor.hpp:26[m[K,
[10.698s]                  from [01m[K/opt/ros/foxy/include/rclcpp/executors.hpp:21[m[K,
[10.698s]                  from [01m[K/opt/ros/foxy/include/rclcpp/rclcpp.hpp:146[m[K,
[10.698s]                  from [01m[K/home/rgo/ros2/capra/src/rgo_ros2_pkg/include/rgo_ros2_node.h:16[m[K,
[10.698s]                  from [01m[K/home/rgo/ros2/capra/src/rgo_ros2_pkg/src/rgo_ros2_node.cpp:1[m[K:
[10.699s] [01m[K/home/rgo/ros2/capra/src/rgo_ros2_pkg/src/rgo_ros2_node.cpp:[m[K In function â€˜[01m[Kvoid LocalizationCallback(const Pe::PeService::PoseVelocityFrame&)[m[Kâ€™:
[10.699s] [01m[K/home/rgo/ros2/capra/src/rgo_ros2_pkg/src/rgo_ros2_node.cpp:41:15:[m[K [01;31m[Kerror: [m[Kinvalid use of â€˜[01m[Kthis[m[Kâ€™ in non-member function
[10.699s]    41 |   RCLCPP_INFO([01;31m[Kthis[m[K->get_logger(), "Sending - position ");
[10.700s]       |               [01;31m[K^~~~[m[K
[10.700s] [01m[K/home/rgo/ros2/capra/src/rgo_ros2_pkg/src/rgo_ros2_node.cpp:41:15:[m[K [01;31m[Kerror: [m[Kinvalid use of â€˜[01m[Kthis[m[Kâ€™ in non-member function
[10.700s] [01m[K/home/rgo/ros2/capra/src/rgo_ros2_pkg/src/rgo_ros2_node.cpp:41:3:[m[K [01;31m[Kerror: [m[Ktemplate argument 1 is invalid
[10.701s]    41 |   [01;31m[KRCLCPP_INFO[m[K(this->get_logger(), "Sending - position ");
[10.701s]       |   [01;31m[K^~~~~~~~~~~[m[K
[10.701s] [01m[K/home/rgo/ros2/capra/src/rgo_ros2_pkg/src/rgo_ros2_node.cpp:41:3:[m[K [01;31m[Kerror: [m[Ktemplate argument 1 is invalid
[10.702s]    41 |   [01;31m[KRCLCPP_INFO[m[K(this->get_logger(), "Sending - position ");
[10.702s]       |   [01;31m[K^~~~~~~~~~~[m[K
[10.702s] [01m[K/home/rgo/ros2/capra/src/rgo_ros2_pkg/src/rgo_ros2_node.cpp:41:3:[m[K [01;31m[Kerror: [m[Ktemplate argument 1 is invalid
[10.703s]    41 |   [01;31m[KRCLCPP_INFO[m[K(this->get_logger(), "Sending - position ");
[10.703s]       |   [01;31m[K^~~~~~~~~~~[m[K
[10.703s] In file included from [01m[K/opt/ros/foxy/include/rclcpp/client.hpp:40[m[K,
[10.704s]                  from [01m[K/opt/ros/foxy/include/rclcpp/callback_group.hpp:23[m[K,
[10.704s]                  from [01m[K/opt/ros/foxy/include/rclcpp/any_executable.hpp:20[m[K,
[10.704s]                  from [01m[K/opt/ros/foxy/include/rclcpp/memory_strategy.hpp:24[m[K,
[10.705s]                  from [01m[K/opt/ros/foxy/include/rclcpp/memory_strategies.hpp:18[m[K,
[10.705s]                  from [01m[K/opt/ros/foxy/include/rclcpp/executor_options.hpp:20[m[K,
[10.706s]                  from [01m[K/opt/ros/foxy/include/rclcpp/executor.hpp:33[m[K,
[10.706s]                  from [01m[K/opt/ros/foxy/include/rclcpp/executors/multi_threaded_executor.hpp:26[m[K,
[10.706s]                  from [01m[K/opt/ros/foxy/include/rclcpp/executors.hpp:21[m[K,
[10.707s]                  from [01m[K/opt/ros/foxy/include/rclcpp/rclcpp.hpp:146[m[K,
[10.707s]                  from [01m[K/home/rgo/ros2/capra/src/rgo_ros2_pkg/include/rgo_ros2_node.h:16[m[K,
[10.707s]                  from [01m[K/home/rgo/ros2/capra/src/rgo_ros2_pkg/src/rgo_ros2_node.cpp:1[m[K:
[10.708s] [01m[K/home/rgo/ros2/capra/src/rgo_ros2_pkg/src/rgo_ros2_node.cpp:41:15:[m[K [01;31m[Kerror: [m[Kinvalid use of â€˜[01m[Kthis[m[Kâ€™ in non-member function
[10.708s]    41 |   RCLCPP_INFO([01;31m[Kthis[m[K->get_logger(), "Sending - position ");
[10.709s]       |               [01;31m[K^~~~[m[K
[10.709s] [01m[K/home/rgo/ros2/capra/src/rgo_ros2_pkg/src/rgo_ros2_node.cpp:41:15:[m[K [01;31m[Kerror: [m[Kinvalid use of â€˜[01m[Kthis[m[Kâ€™ in non-member function
[10.710s]    41 |   RCLCPP_INFO([01;31m[Kthis[m[K->get_logger(), "Sending - position ");
[10.710s]       |               [01;31m[K^~~~[m[K
[10.710s] [01m[K/home/rgo/ros2/capra/src/rgo_ros2_pkg/src/rgo_ros2_node.cpp:43:43:[m[K [01;31m[Kerror: [m[Kâ€˜[01m[Kconst struct Pe::PeService::Header[m[Kâ€™ has no member named â€˜[01m[Kts_arrival[m[Kâ€™; did you mean â€˜[01m[Kts_arrival_sec[m[Kâ€™?
[10.711s]    43 |   pose.header.stamp.nanosec =frame.header.[01;31m[Kts_arrival[m[K;
[10.711s]       |                                           [01;31m[K^~~~~~~~~~[m[K
[10.712s]       |                                           [32m[Kts_arrival_sec[m[K
[10.713s] [01m[K/home/rgo/ros2/capra/src/rgo_ros2_pkg/src/rgo_ros2_node.cpp:54:3:[m[K [01;31m[Kerror: [m[Kâ€˜[01m[K_pose_publisher[m[Kâ€™ was not declared in this scope
[10.714s]    54 |   [01;31m[K_pose_publisher[m[K->publish(pose);
[10.714s]       |   [01;31m[K^~~~~~~~~~~~~~~[m[K
[19.967s] make[2]: *** [CMakeFiles/rgo_ros2_node.dir/build.make:76: CMakeFiles/rgo_ros2_node.dir/src/rgo_ros2_node.cpp.o] Error 1
[19.971s] make[1]: *** [CMakeFiles/Makefile2:78: CMakeFiles/rgo_ros2_node.dir/all] Error 2
[19.973s] make: *** [Makefile:141: all] Error 2
[19.976s] Invoked command in '/home/rgo/ros2/capra/src/build/rgo_ros2_pkg' returned '2': CMAKE_PREFIX_PATH=${CMAKE_PREFIX_PATH}:/opt/ros/foxy /usr/bin/cmake --build /home/rgo/ros2/capra/src/build/rgo_ros2_pkg -- -j6 -l6
