[0.019s] Invoking command in '/home/rgo/ros2/capra/src/build/robot_sim_ros2_pkg': CMAKE_PREFIX_PATH=/opt/ros/foxy CONDA_PROMPT_MODIFIER=(base) /usr/bin/cmake --build /home/rgo/ros2/capra/src/build/robot_sim_ros2_pkg -- -j8 -l8
[0.054s] [35m[1mScanning dependencies of target robot_sim_ros2_node[0m
[0.081s] [ 50%] [32mBuilding CXX object CMakeFiles/robot_sim_ros2_node.dir/src/robot_sim_ros2_node.cpp.o[0m
[1.123s] [01m[K/home/rgo/ros2/capra/src/robot_sim_ros2_pkg/src/robot_sim_ros2_node.cpp:39:33:[m[K [01;31m[Kerror: [m[Kâ€˜[01m[KOdometry[m[Kâ€™ is not a member of â€˜[01m[Knav_msgs[m[Kâ€™; did you mean â€˜[01m[Knav_msgs::msg::Odometry[m[Kâ€™?
[1.123s]    39 |     rclcpp::Publisher<nav_msgs::[01;31m[KOdometry[m[K>::SharedPtr odometry_publisher_;
[1.124s]       |                                 [01;31m[K^~~~~~~~[m[K
[1.124s] In file included from [01m[K/opt/ros/foxy/include/nav_msgs/msg/odometry.hpp:7[m[K,
[1.124s]                  from [01m[K/home/rgo/ros2/capra/src/robot_sim_ros2_pkg/src/robot_sim_ros2_node.cpp:12[m[K:
[1.124s] [01m[K/opt/ros/foxy/include/nav_msgs/msg/detail/odometry__struct.hpp:171:7:[m[K [01;36m[Knote: [m[Kâ€˜[01m[Knav_msgs::msg::Odometry[m[Kâ€™ declared here
[1.124s]   171 | using [01;36m[KOdometry[m[K =
[1.124s]       |       [01;36m[K^~~~~~~~[m[K
[1.124s] [01m[K/home/rgo/ros2/capra/src/robot_sim_ros2_pkg/src/robot_sim_ros2_node.cpp:39:33:[m[K [01;31m[Kerror: [m[Kâ€˜[01m[KOdometry[m[Kâ€™ is not a member of â€˜[01m[Knav_msgs[m[Kâ€™; did you mean â€˜[01m[Knav_msgs::msg::Odometry[m[Kâ€™?
[1.124s]    39 |     rclcpp::Publisher<nav_msgs::[01;31m[KOdometry[m[K>::SharedPtr odometry_publisher_;
[1.124s]       |                                 [01;31m[K^~~~~~~~[m[K
[1.124s] In file included from [01m[K/opt/ros/foxy/include/nav_msgs/msg/odometry.hpp:7[m[K,
[1.124s]                  from [01m[K/home/rgo/ros2/capra/src/robot_sim_ros2_pkg/src/robot_sim_ros2_node.cpp:12[m[K:
[1.124s] [01m[K/opt/ros/foxy/include/nav_msgs/msg/detail/odometry__struct.hpp:171:7:[m[K [01;36m[Knote: [m[Kâ€˜[01m[Knav_msgs::msg::Odometry[m[Kâ€™ declared here
[1.124s]   171 | using [01;36m[KOdometry[m[K =
[1.124s]       |       [01;36m[K^~~~~~~~[m[K
[1.125s] [01m[K/home/rgo/ros2/capra/src/robot_sim_ros2_pkg/src/robot_sim_ros2_node.cpp:39:41:[m[K [01;31m[Kerror: [m[Ktemplate argument 1 is invalid
[1.125s]    39 |     rclcpp::Publisher<nav_msgs::Odometry[01;31m[K>[m[K::SharedPtr odometry_publisher_;
[1.125s]       |                                         [01;31m[K^[m[K
[1.125s] [01m[K/home/rgo/ros2/capra/src/robot_sim_ros2_pkg/src/robot_sim_ros2_node.cpp:39:44:[m[K [01;31m[Kerror: [m[Kexpected â€˜[01m[K;[m[Kâ€™ at end of member declaration
[1.125s]    39 |     rclcpp::Publisher<nav_msgs::Odometry>::[01;31m[KSharedPtr[m[K odometry_publisher_;
[1.125s]       |                                            [01;31m[K^~~~~~~~~[m[K
[1.125s]       |                                                     [32m[K;[m[K
[1.127s] [01m[K/home/rgo/ros2/capra/src/robot_sim_ros2_pkg/src/robot_sim_ros2_node.cpp:39:54:[m[K [01;31m[Kerror: [m[Kâ€˜[01m[Kodometry_publisher_[m[Kâ€™ does not name a type
[1.127s]    39 |     rclcpp::Publisher<nav_msgs::Odometry>::SharedPtr [01;31m[Kodometry_publisher_[m[K;
[1.127s]       |                                                      [01;31m[K^~~~~~~~~~~~~~~~~~~[m[K
[1.149s] [01m[K/home/rgo/ros2/capra/src/robot_sim_ros2_pkg/src/robot_sim_ros2_node.cpp:[m[K In constructor â€˜[01m[KRobotSimRos2Node::RobotSimRos2Node()[m[Kâ€™:
[1.149s] [01m[K/home/rgo/ros2/capra/src/robot_sim_ros2_pkg/src/robot_sim_ros2_node.cpp:30:7:[m[K [01;31m[Kerror: [m[Kâ€˜[01m[Kodometry_publisher_[m[Kâ€™ was not declared in this scope; did you mean â€˜[01m[Kcount_publishers[m[Kâ€™?
[1.149s]    30 |       [01;31m[Kodometry_publisher_[m[K = this->create_publisher<nav_msgs::Odometry>("robot_sim_odometry", 1);
[1.150s]       |       [01;31m[K^~~~~~~~~~~~~~~~~~~[m[K
[1.150s]       |       [32m[Kcount_publishers[m[K
[1.150s] [01m[K/home/rgo/ros2/capra/src/robot_sim_ros2_pkg/src/robot_sim_ros2_node.cpp:30:62:[m[K [01;31m[Kerror: [m[Kâ€˜[01m[KOdometry[m[Kâ€™ is not a member of â€˜[01m[Knav_msgs[m[Kâ€™; did you mean â€˜[01m[Knav_msgs::msg::Odometry[m[Kâ€™?
[1.150s]    30 |       odometry_publisher_ = this->create_publisher<nav_msgs::[01;31m[KOdometry[m[K>("robot_sim_odometry", 1);
[1.150s]       |                                                              [01;31m[K^~~~~~~~[m[K
[1.150s] In file included from [01m[K/opt/ros/foxy/include/nav_msgs/msg/odometry.hpp:7[m[K,
[1.150s]                  from [01m[K/home/rgo/ros2/capra/src/robot_sim_ros2_pkg/src/robot_sim_ros2_node.cpp:12[m[K:
[1.150s] [01m[K/opt/ros/foxy/include/nav_msgs/msg/detail/odometry__struct.hpp:171:7:[m[K [01;36m[Knote: [m[Kâ€˜[01m[Knav_msgs::msg::Odometry[m[Kâ€™ declared here
[1.150s]   171 | using [01;36m[KOdometry[m[K =
[1.150s]       |       [01;36m[K^~~~~~~~[m[K
[1.150s] [01m[K/home/rgo/ros2/capra/src/robot_sim_ros2_pkg/src/robot_sim_ros2_node.cpp:30:62:[m[K [01;31m[Kerror: [m[Kâ€˜[01m[KOdometry[m[Kâ€™ is not a member of â€˜[01m[Knav_msgs[m[Kâ€™; did you mean â€˜[01m[Knav_msgs::msg::Odometry[m[Kâ€™?
[1.150s]    30 |       odometry_publisher_ = this->create_publisher<nav_msgs::[01;31m[KOdometry[m[K>("robot_sim_odometry", 1);
[1.150s]       |                                                              [01;31m[K^~~~~~~~[m[K
[1.150s] In file included from [01m[K/opt/ros/foxy/include/nav_msgs/msg/odometry.hpp:7[m[K,
[1.150s]                  from [01m[K/home/rgo/ros2/capra/src/robot_sim_ros2_pkg/src/robot_sim_ros2_node.cpp:12[m[K:
[1.151s] [01m[K/opt/ros/foxy/include/nav_msgs/msg/detail/odometry__struct.hpp:171:7:[m[K [01;36m[Knote: [m[Kâ€˜[01m[Knav_msgs::msg::Odometry[m[Kâ€™ declared here
[1.151s]   171 | using [01;36m[KOdometry[m[K =
[1.151s]       |       [01;36m[K^~~~~~~~[m[K
[1.151s] [01m[K/home/rgo/ros2/capra/src/robot_sim_ros2_pkg/src/robot_sim_ros2_node.cpp:30:95:[m[K [01;31m[Kerror: [m[Kno matching function for call to â€˜[01m[KRobotSimRos2Node::create_publisher<<expression error> >(const char [19], int)[m[Kâ€™
[1.151s]    30 |       odometry_publisher_ = this->create_publisher<nav_msgs::Odometry>("robot_sim_odometry", 1[01;31m[K)[m[K;
[1.151s]       |                                                                                               [01;31m[K^[m[K
[1.151s] In file included from [01m[K/opt/ros/foxy/include/rclcpp/node.hpp:1224[m[K,
[1.151s]                  from [01m[K/opt/ros/foxy/include/rclcpp/executors/single_threaded_executor.hpp:28[m[K,
[1.151s]                  from [01m[K/opt/ros/foxy/include/rclcpp/executors.hpp:22[m[K,
[1.151s]                  from [01m[K/opt/ros/foxy/include/rclcpp/rclcpp.hpp:146[m[K,
[1.151s]                  from [01m[K/home/rgo/ros2/capra/src/robot_sim_ros2_pkg/src/robot_sim_ros2_node.cpp:6[m[K:
[1.151s] [01m[K/opt/ros/foxy/include/rclcpp/node_impl.hpp:71:1:[m[K [01;36m[Knote: [m[Kcandidate: â€˜[01m[Ktemplate<class MessageT, class AllocatorT, class PublisherT> std::shared_ptr<PublisherT> rclcpp::Node::create_publisher(const string&, const rclcpp::QoS&, const rclcpp::PublisherOptionsWithAllocator<AllocatorT>&)[m[Kâ€™
[1.151s]    71 | [01;36m[KNode[m[K::create_publisher(
[1.151s]       | [01;36m[K^~~~[m[K
[1.151s] [01m[K/opt/ros/foxy/include/rclcpp/node_impl.hpp:71:1:[m[K [01;36m[Knote: [m[K  template argument deduction/substitution failed:
[1.151s] [01m[K/home/rgo/ros2/capra/src/robot_sim_ros2_pkg/src/robot_sim_ros2_node.cpp:30:95:[m[K [01;31m[Kerror: [m[Ktemplate argument 1 is invalid
[1.151s]    30 |       odometry_publisher_ = this->create_publisher<nav_msgs::Odometry>("robot_sim_odometry", 1[01;31m[K)[m[K;
[1.151s]       |                                                                                               [01;31m[K^[m[K
[2.449s] make[2]: *** [CMakeFiles/robot_sim_ros2_node.dir/build.make:63: CMakeFiles/robot_sim_ros2_node.dir/src/robot_sim_ros2_node.cpp.o] Error 1
[2.449s] make[1]: *** [CMakeFiles/Makefile2:78: CMakeFiles/robot_sim_ros2_node.dir/all] Error 2
[2.449s] make: *** [Makefile:141: all] Error 2
[2.451s] Invoked command in '/home/rgo/ros2/capra/src/build/robot_sim_ros2_pkg' returned '2': CMAKE_PREFIX_PATH=/opt/ros/foxy CONDA_PROMPT_MODIFIER=(base) /usr/bin/cmake --build /home/rgo/ros2/capra/src/build/robot_sim_ros2_pkg -- -j8 -l8
