[01m[K/home/rgo/ros2/capra/src/rgo_ros2_pkg/src/rgo_ros2_node.cpp:[m[K In member function â€˜[01m[Kvoid RgoRos2Node::subscribe_odometry_message(nav_msgs::msg::Odometry_<std::allocator<void> >::SharedPtr) const[m[Kâ€™:
[01m[K/home/rgo/ros2/capra/src/rgo_ros2_pkg/src/rgo_ros2_node.cpp:98:93:[m[K [01;31m[Kerror: [m[Kpassing â€˜[01m[Kconst RgoRos2Node[m[Kâ€™ as â€˜[01m[Kthis[m[Kâ€™ argument discards qualifiers [[01;31m[K-fpermissive[m[K]
   98 |     Pe::RobotProxy::SensorFrame::WheelEncoder wheel_odometry = ConvertToWheelEncoder(message[01;31m[K)[m[K;
      |                                                                                             [01;31m[K^[m[K
In file included from [01m[K/home/rgo/ros2/capra/src/rgo_ros2_pkg/src/rgo_ros2_node.cpp:1[m[K:
[01m[K/home/rgo/ros2/capra/src/rgo_ros2_pkg/include/rgo_ros2_node.h:48:51:[m[K [01;36m[Knote: [m[K  in call to â€˜[01m[KPe::RobotProxy::SensorFrame::WheelEncoder RgoRos2Node::ConvertToWheelEncoder(nav_msgs::msg::Odometry_<std::allocator<void> >::SharedPtr)[m[Kâ€™
   48 |         Pe::RobotProxy::SensorFrame::WheelEncoder [01;36m[KConvertToWheelEncoder[m[K(const nav_msgs::msg::Odometry::SharedPtr message) ;
      |                                                   [01;36m[K^~~~~~~~~~~~~~~~~~~~~[m[K
[01m[K/home/rgo/ros2/capra/src/rgo_ros2_pkg/src/rgo_ros2_node.cpp:100:47:[m[K [01;31m[Kerror: [m[Kâ€˜[01m[Kencoders[m[Kâ€™ was not declared in this scope
  100 |     _pe->GetRobotProxy()->InjectWheelOdometry([01;31m[Kencoders[m[K);
      |                                               [01;31m[K^~~~~~~~[m[K
[01m[K/home/rgo/ros2/capra/src/rgo_ros2_pkg/src/rgo_ros2_node.cpp:[m[K At global scope:
[01m[K/home/rgo/ros2/capra/src/rgo_ros2_pkg/src/rgo_ros2_node.cpp:104:1:[m[K [01;31m[Kerror: [m[Kâ€˜[01m[KSensorFrame[m[Kâ€™ does not name a type
  104 | [01;31m[KSensorFrame[m[K::WheelEncoder RgoRos2Node::ConvertToWheelEncoder(const nav_msgs::msg::Odometry::SharedPtr message)
      | [01;31m[K^~~~~~~~~~~[m[K
make[2]: *** [CMakeFiles/rgo_ros2_node.dir/build.make:76: CMakeFiles/rgo_ros2_node.dir/src/rgo_ros2_node.cpp.o] Error 1
make[1]: *** [CMakeFiles/Makefile2:78: CMakeFiles/rgo_ros2_node.dir/all] Error 2
make: *** [Makefile:141: all] Error 2
