[0.080s] Invoking command in '/home/rgo/ros2/capra/src/build/rgo_ros2_pkg': CMAKE_PREFIX_PATH=${CMAKE_PREFIX_PATH}:/opt/ros/foxy /usr/bin/cmake --build /home/rgo/ros2/capra/src/build/rgo_ros2_pkg -- -j6 -l6
[0.257s] [35m[1mScanning dependencies of target rgo_ros2_node[0m
[0.394s] [ 33%] [32mBuilding CXX object CMakeFiles/rgo_ros2_node.dir/src/rgo_ros2_node.cpp.o[0m
[0.401s] [ 66%] [32mBuilding CXX object CMakeFiles/rgo_ros2_node.dir/src/main.cpp.o[0m
[11.427s] [01m[K/home/rgo/ros2/capra/src/rgo_ros2_pkg/src/rgo_ros2_node.cpp:[m[K In member function â€˜[01m[Kvoid RgoRos2Node::subscribe_odometry_message(nav_msgs::msg::Odometry_<std::allocator<void> >::SharedPtr) const[m[Kâ€™:
[11.430s] [01m[K/home/rgo/ros2/capra/src/rgo_ros2_pkg/src/rgo_ros2_node.cpp:98:93:[m[K [01;31m[Kerror: [m[Kpassing â€˜[01m[Kconst RgoRos2Node[m[Kâ€™ as â€˜[01m[Kthis[m[Kâ€™ argument discards qualifiers [[01;31m[K-fpermissive[m[K]
[11.432s]    98 |     Pe::RobotProxy::SensorFrame::WheelEncoder wheel_odometry = ConvertToWheelEncoder(message[01;31m[K)[m[K;
[11.435s]       |                                                                                             [01;31m[K^[m[K
[11.437s] In file included from [01m[K/home/rgo/ros2/capra/src/rgo_ros2_pkg/src/rgo_ros2_node.cpp:1[m[K:
[11.440s] [01m[K/home/rgo/ros2/capra/src/rgo_ros2_pkg/include/rgo_ros2_node.h:48:51:[m[K [01;36m[Knote: [m[K  in call to â€˜[01m[KPe::RobotProxy::SensorFrame::WheelEncoder RgoRos2Node::ConvertToWheelEncoder(nav_msgs::msg::Odometry_<std::allocator<void> >::SharedPtr)[m[Kâ€™
[11.442s]    48 |         Pe::RobotProxy::SensorFrame::WheelEncoder [01;36m[KConvertToWheelEncoder[m[K(const nav_msgs::msg::Odometry::SharedPtr message) ;
[11.447s]       |                                                   [01;36m[K^~~~~~~~~~~~~~~~~~~~~[m[K
[11.456s] [01m[K/home/rgo/ros2/capra/src/rgo_ros2_pkg/src/rgo_ros2_node.cpp:100:47:[m[K [01;31m[Kerror: [m[Kâ€˜[01m[Kencoders[m[Kâ€™ was not declared in this scope
[11.459s]   100 |     _pe->GetRobotProxy()->InjectWheelOdometry([01;31m[Kencoders[m[K);
[11.461s]       |                                               [01;31m[K^~~~~~~~[m[K
[11.469s] [01m[K/home/rgo/ros2/capra/src/rgo_ros2_pkg/src/rgo_ros2_node.cpp:[m[K At global scope:
[11.471s] [01m[K/home/rgo/ros2/capra/src/rgo_ros2_pkg/src/rgo_ros2_node.cpp:104:1:[m[K [01;31m[Kerror: [m[Kâ€˜[01m[KSensorFrame[m[Kâ€™ does not name a type
[11.474s]   104 | [01;31m[KSensorFrame[m[K::WheelEncoder RgoRos2Node::ConvertToWheelEncoder(const nav_msgs::msg::Odometry::SharedPtr message)
[11.477s]       | [01;31m[K^~~~~~~~~~~[m[K
[21.662s] make[2]: *** [CMakeFiles/rgo_ros2_node.dir/build.make:76: CMakeFiles/rgo_ros2_node.dir/src/rgo_ros2_node.cpp.o] Error 1
[21.671s] make[1]: *** [CMakeFiles/Makefile2:78: CMakeFiles/rgo_ros2_node.dir/all] Error 2
[21.677s] make: *** [Makefile:141: all] Error 2
[21.689s] Invoked command in '/home/rgo/ros2/capra/src/build/rgo_ros2_pkg' returned '2': CMAKE_PREFIX_PATH=${CMAKE_PREFIX_PATH}:/opt/ros/foxy /usr/bin/cmake --build /home/rgo/ros2/capra/src/build/rgo_ros2_pkg -- -j6 -l6
