[0.077s] Invoking command in '/home/rgo/ros2/capra/src/build/rgo_ros2_pkg': CMAKE_PREFIX_PATH=${CMAKE_PREFIX_PATH}:/opt/ros/foxy /usr/bin/cmake --build /home/rgo/ros2/capra/src/build/rgo_ros2_pkg -- -j6 -l6
[0.210s] [35m[1mScanning dependencies of target rgo_ros2_node[0m
[0.348s] [ 66%] [32mBuilding CXX object CMakeFiles/rgo_ros2_node.dir/src/main.cpp.o[0m
[0.350s] [ 66%] [32mBuilding CXX object CMakeFiles/rgo_ros2_node.dir/src/rgo_ros2_node.cpp.o[0m
[1.923s] In file included from [01m[K/usr/local/include/RgoSDK/Services.h:7[m[K,
[1.927s]                  from [01m[K/usr/local/include/RgoSDK/PerceptionEngine.h:3[m[K,
[1.930s]                  from [01m[K/home/rgo/ros2/capra/src/rgo_ros2_pkg/include/rgo_ros2_node.h:6[m[K,
[1.934s]                  from [01m[K/home/rgo/ros2/capra/src/rgo_ros2_pkg/src/rgo_ros2_node.cpp:1[m[K:
[1.937s] [01m[K/usr/local/include/RgoSDK/PointsService.h:33:8:[m[K [01;31m[Kerror: [m[Kâ€˜[01m[Koptional[m[Kâ€™ in namespace â€˜[01m[Kstd[m[Kâ€™ does not name a template type
[1.940s]    33 |   std::[01;31m[Koptional[m[K<PointOfInterest> GetById(PointId point_id) const;
[1.944s]       |        [01;31m[K^~~~~~~~[m[K
[1.945s] [01m[K/usr/local/include/RgoSDK/PointsService.h:33:3:[m[K [01;36m[Knote: [m[Kâ€˜[01m[Kstd::optional[m[Kâ€™ is only available from C++17 onwards
[1.947s]    33 |   [01;36m[Kstd[m[K::optional<PointOfInterest> GetById(PointId point_id) const;
[1.948s]       |   [01;36m[K^~~[m[K
[1.995s] In file included from [01m[K/usr/local/include/RgoSDK/Services.h:7[m[K,
[1.998s]                  from [01m[K/usr/local/include/RgoSDK/PerceptionEngine.h:3[m[K,
[2.001s]                  from [01m[K/home/rgo/ros2/capra/src/rgo_ros2_pkg/include/rgo_ros2_node.h:6[m[K,
[2.004s]                  from [01m[K/home/rgo/ros2/capra/src/rgo_ros2_pkg/src/main.cpp:2[m[K:
[2.006s] [01m[K/usr/local/include/RgoSDK/PointsService.h:33:8:[m[K [01;31m[Kerror: [m[Kâ€˜[01m[Koptional[m[Kâ€™ in namespace â€˜[01m[Kstd[m[Kâ€™ does not name a template type
[2.009s]    33 |   std::[01;31m[Koptional[m[K<PointOfInterest> GetById(PointId point_id) const;
[2.011s]       |        [01;31m[K^~~~~~~~[m[K
[2.014s] [01m[K/usr/local/include/RgoSDK/PointsService.h:33:3:[m[K [01;36m[Knote: [m[Kâ€˜[01m[Kstd::optional[m[Kâ€™ is only available from C++17 onwards
[2.015s]    33 |   [01;36m[Kstd[m[K::optional<PointOfInterest> GetById(PointId point_id) const;
[2.016s]       |   [01;36m[K^~~[m[K
[8.910s] make[2]: *** [CMakeFiles/rgo_ros2_node.dir/build.make:63: CMakeFiles/rgo_ros2_node.dir/src/main.cpp.o] Error 1
[8.911s] make[2]: *** Waiting for unfinished jobs....
[16.605s] make[2]: *** [CMakeFiles/rgo_ros2_node.dir/build.make:76: CMakeFiles/rgo_ros2_node.dir/src/rgo_ros2_node.cpp.o] Error 1
[16.611s] make[1]: *** [CMakeFiles/Makefile2:78: CMakeFiles/rgo_ros2_node.dir/all] Error 2
[16.642s] make: *** [Makefile:141: all] Error 2
[16.649s] Invoked command in '/home/rgo/ros2/capra/src/build/rgo_ros2_pkg' returned '2': CMAKE_PREFIX_PATH=${CMAKE_PREFIX_PATH}:/opt/ros/foxy /usr/bin/cmake --build /home/rgo/ros2/capra/src/build/rgo_ros2_pkg -- -j6 -l6
