[0.020s] Invoking command in '/home/rgo/ros2/capra/src/build/robot_sim_ros2_pkg': CMAKE_PREFIX_PATH=${CMAKE_PREFIX_PATH}:/opt/ros/foxy CONDA_PROMPT_MODIFIER=(base) /usr/bin/cmake --build /home/rgo/ros2/capra/src/build/robot_sim_ros2_pkg -- -j8 -l8
[0.065s] [ 50%] [32mBuilding CXX object CMakeFiles/robot_sim_ros2_node.dir/src/robot_sim_ros2_node.cpp.o[0m
[1.260s] [01m[K/home/rgo/ros2/capra/src/robot_sim_ros2_pkg/src/robot_sim_ros2_node.cpp:42:46:[m[K [01;31m[Kerror: [m[Kâ€˜[01m[KPoseWithCovarianceStamped[m[Kâ€™ is not a member of â€˜[01m[Kgeometry_msgs::msg[m[Kâ€™
[1.260s]    42 |     rclcpp::Subscription<geometry_msgs::msg::[01;31m[KPoseWithCovarianceStamped[m[K>::SharedPtr subscriber_;
[1.260s]       |                                              [01;31m[K^~~~~~~~~~~~~~~~~~~~~~~~~[m[K
[1.260s] [01m[K/home/rgo/ros2/capra/src/robot_sim_ros2_pkg/src/robot_sim_ros2_node.cpp:42:46:[m[K [01;31m[Kerror: [m[Kâ€˜[01m[KPoseWithCovarianceStamped[m[Kâ€™ is not a member of â€˜[01m[Kgeometry_msgs::msg[m[Kâ€™
[1.260s] [01m[K/home/rgo/ros2/capra/src/robot_sim_ros2_pkg/src/robot_sim_ros2_node.cpp:42:71:[m[K [01;31m[Kerror: [m[Ktemplate argument 1 is invalid
[1.260s]    42 |     rclcpp::Subscription<geometry_msgs::msg::PoseWithCovarianceStamped[01;31m[K>[m[K::SharedPtr subscriber_;
[1.260s]       |                                                                       [01;31m[K^[m[K
[1.260s] [01m[K/home/rgo/ros2/capra/src/robot_sim_ros2_pkg/src/robot_sim_ros2_node.cpp:42:71:[m[K [01;31m[Kerror: [m[Ktemplate argument 3 is invalid
[1.261s] [01m[K/home/rgo/ros2/capra/src/robot_sim_ros2_pkg/src/robot_sim_ros2_node.cpp:42:74:[m[K [01;31m[Kerror: [m[Kexpected â€˜[01m[K;[m[Kâ€™ at end of member declaration
[1.261s]    42 |     rclcpp::Subscription<geometry_msgs::msg::PoseWithCovarianceStamped>::[01;31m[KSharedPtr[m[K subscriber_;
[1.261s]       |                                                                          [01;31m[K^~~~~~~~~[m[K
[1.261s]       |                                                                                   [32m[K;[m[K
[1.263s] [01m[K/home/rgo/ros2/capra/src/robot_sim_ros2_pkg/src/robot_sim_ros2_node.cpp:42:84:[m[K [01;31m[Kerror: [m[Kâ€˜[01m[Ksubscriber_[m[Kâ€™ does not name a type
[1.263s]    42 |     rclcpp::Subscription<geometry_msgs::msg::PoseWithCovarianceStamped>::SharedPtr [01;31m[Ksubscriber_[m[K;
[1.263s]       |                                                                                    [01;31m[K^~~~~~~~~~~[m[K
[1.263s] [01m[K/home/rgo/ros2/capra/src/robot_sim_ros2_pkg/src/robot_sim_ros2_node.cpp:45:48:[m[K [01;31m[Kerror: [m[Kâ€˜[01m[Kgeometry_msgs::msg::PoseWithCovarianceStamped[m[Kâ€™ has not been declared
[1.263s]    45 |     void subscribe_message(geometry_msgs::msg::[01;31m[KPoseWithCovarianceStamped[m[K::SharedPtr msg)
[1.263s]       |                                                [01;31m[K^~~~~~~~~~~~~~~~~~~~~~~~~[m[K
[1.263s] [01m[K/home/rgo/ros2/capra/src/robot_sim_ros2_pkg/src/robot_sim_ros2_node.cpp:45:85:[m[K [01;31m[Kerror: [m[Kexpected â€˜[01m[K,[m[Kâ€™ or â€˜[01m[K...[m[Kâ€™ before â€˜[01m[Kmsg[m[Kâ€™
[1.263s]    45 |     void subscribe_message(geometry_msgs::msg::PoseWithCovarianceStamped::SharedPtr [01;31m[Kmsg[m[K)
[1.263s]       |                                                                                     [01;31m[K^~~[m[K
[1.267s] [01m[K/home/rgo/ros2/capra/src/robot_sim_ros2_pkg/src/robot_sim_ros2_node.cpp:[m[K In constructor â€˜[01m[KRobotSimRos2Node::RobotSimRos2Node()[m[Kâ€™:
[1.267s] [01m[K/home/rgo/ros2/capra/src/robot_sim_ros2_pkg/src/robot_sim_ros2_node.cpp:31:7:[m[K [01;31m[Kerror: [m[Kâ€˜[01m[Ksubscriber_[m[Kâ€™ was not declared in this scope
[1.267s]    31 |       [01;31m[Ksubscriber_[m[K = this->create_subscription<geometry_msgs::msg::PoseWithCovarianceStamped>("rgo/pos_vel", 1, std::bind(&RobotSimRos2Node::subscribe_message, this, _1));
[1.267s]       |       [01;31m[K^~~~~~~~~~~[m[K
[1.268s] [01m[K/home/rgo/ros2/capra/src/robot_sim_ros2_pkg/src/robot_sim_ros2_node.cpp:31:67:[m[K [01;31m[Kerror: [m[Kâ€˜[01m[KPoseWithCovarianceStamped[m[Kâ€™ is not a member of â€˜[01m[Kgeometry_msgs::msg[m[Kâ€™
[1.268s]    31 |       subscriber_ = this->create_subscription<geometry_msgs::msg::[01;31m[KPoseWithCovarianceStamped[m[K>("rgo/pos_vel", 1, std::bind(&RobotSimRos2Node::subscribe_message, this, _1));
[1.268s]       |                                                                   [01;31m[K^~~~~~~~~~~~~~~~~~~~~~~~~[m[K
[1.268s] [01m[K/home/rgo/ros2/capra/src/robot_sim_ros2_pkg/src/robot_sim_ros2_node.cpp:31:67:[m[K [01;31m[Kerror: [m[Kâ€˜[01m[KPoseWithCovarianceStamped[m[Kâ€™ is not a member of â€˜[01m[Kgeometry_msgs::msg[m[Kâ€™
[1.276s] [01m[K/home/rgo/ros2/capra/src/robot_sim_ros2_pkg/src/robot_sim_ros2_node.cpp:31:169:[m[K [01;31m[Kerror: [m[Kno matching function for call to â€˜[01m[KRobotSimRos2Node::create_subscription<<expression error> >(const char [12], int, std::_Bind_helper<false, void (RobotSimRos2Node::*)(int), RobotSimRos2Node*, const std::_Placeholder<1>&>::type)[m[Kâ€™
[1.276s]    31 | ption<geometry_msgs::msg::PoseWithCovarianceStamped>("rgo/pos_vel", 1, std::bind(&RobotSimRos2Node::subscribe_message, this, _1)[01;31m[K)[m[K;
[1.277s]       |                                                                                                                                 [01;31m[K^[m[K
[1.277s] 
[1.277s] In file included from [01m[K/opt/ros/foxy/include/rclcpp/executors/single_threaded_executor.hpp:28[m[K,
[1.277s]                  from [01m[K/opt/ros/foxy/include/rclcpp/executors.hpp:22[m[K,
[1.277s]                  from [01m[K/opt/ros/foxy/include/rclcpp/rclcpp.hpp:146[m[K,
[1.277s]                  from [01m[K/home/rgo/ros2/capra/src/robot_sim_ros2_pkg/src/robot_sim_ros2_node.cpp:6[m[K:
[1.277s] [01m[K/opt/ros/foxy/include/rclcpp/node.hpp:213:3:[m[K [01;36m[Knote: [m[Kcandidate: â€˜[01m[Ktemplate<class MessageT, class CallbackT, class AllocatorT, class CallbackMessageT, class SubscriptionT, class MessageMemoryStrategyT> std::shared_ptr<SubscriptionT> rclcpp::Node::create_subscription(const string&, const rclcpp::QoS&, CallbackT&&, const rclcpp::SubscriptionOptionsWithAllocator<AllocatorT>&, typename MessageMemoryStrategyT::SharedPtr)[m[Kâ€™
[1.277s]   213 |   [01;36m[Kcreate_subscription[m[K(
[1.277s]       |   [01;36m[K^~~~~~~~~~~~~~~~~~~[m[K
[1.277s] [01m[K/opt/ros/foxy/include/rclcpp/node.hpp:213:3:[m[K [01;36m[Knote: [m[K  template argument deduction/substitution failed:
[1.277s] [01m[K/home/rgo/ros2/capra/src/robot_sim_ros2_pkg/src/robot_sim_ros2_node.cpp:31:169:[m[K [01;31m[Kerror: [m[Ktemplate argument 1 is invalid
[1.277s]    31 | ption<geometry_msgs::msg::PoseWithCovarianceStamped>("rgo/pos_vel", 1, std::bind(&RobotSimRos2Node::subscribe_message, this, _1)[01;31m[K)[m[K;
[1.277s]       |                                                                                                                                 [01;31m[K^[m[K
[1.277s] 
[1.288s] [01m[K/home/rgo/ros2/capra/src/robot_sim_ros2_pkg/src/robot_sim_ros2_node.cpp:[m[K In member function â€˜[01m[Kvoid RobotSimRos2Node::subscribe_message(int)[m[Kâ€™:
[1.288s] [01m[K/home/rgo/ros2/capra/src/robot_sim_ros2_pkg/src/robot_sim_ros2_node.cpp:45:75:[m[K [01;35m[Kwarning: [m[Kunused parameter â€˜[01m[KSharedPtr[m[Kâ€™ [[01;35m[K-Wunused-parameter[m[K]
[1.288s]    45 |     void subscribe_message([01;35m[Kgeometry_msgs::msg::PoseWithCovarianceStamped::SharedPtr[m[K msg)
[1.288s]       |                            [01;35m[K~~~~~~~~~~~~~~~~~~~~~~~~~~~~~~~~~~~~~~~~~~~~~~~^~~~~~~~~[m[K
[1.289s] [01m[K/home/rgo/ros2/capra/src/robot_sim_ros2_pkg/src/robot_sim_ros2_node.cpp:[m[K In member function â€˜[01m[Kvoid RobotSimRos2Node::timer_callback()[m[Kâ€™:
[1.289s] [01m[K/home/rgo/ros2/capra/src/robot_sim_ros2_pkg/src/robot_sim_ros2_node.cpp:58:33:[m[K [01;31m[Kerror: [m[Kâ€˜[01m[Ki[m[Kâ€™ was not declared in this scope
[1.289s]    58 |       message.angular.z = 2.0 + [01;31m[Ki[m[K;
[1.289s]       |                                 [01;31m[K^[m[K
[2.109s] make[2]: *** [CMakeFiles/robot_sim_ros2_node.dir/build.make:63: CMakeFiles/robot_sim_ros2_node.dir/src/robot_sim_ros2_node.cpp.o] Error 1
[2.110s] make[1]: *** [CMakeFiles/Makefile2:78: CMakeFiles/robot_sim_ros2_node.dir/all] Error 2
[2.110s] make: *** [Makefile:141: all] Error 2
[2.112s] Invoked command in '/home/rgo/ros2/capra/src/build/robot_sim_ros2_pkg' returned '2': CMAKE_PREFIX_PATH=${CMAKE_PREFIX_PATH}:/opt/ros/foxy CONDA_PROMPT_MODIFIER=(base) /usr/bin/cmake --build /home/rgo/ros2/capra/src/build/robot_sim_ros2_pkg -- -j8 -l8
