[0.022s] Invoking command in '/home/rgo/ros2/capra/src/build/robot_sim_ros2_pkg': CMAKE_PREFIX_PATH=${CMAKE_PREFIX_PATH}:/opt/ros/foxy CONDA_PROMPT_MODIFIER=(base) /usr/bin/cmake --build /home/rgo/ros2/capra/src/build/robot_sim_ros2_pkg -- -j8 -l8
[0.069s] [ 50%] [32mBuilding CXX object CMakeFiles/robot_sim_ros2_node.dir/src/robot_sim_ros2_node.cpp.o[0m
[0.185s] [01m[K/home/rgo/ros2/capra/src/robot_sim_ros2_pkg/src/robot_sim_ros2_node.cpp:14:10:[m[K [01;31m[Kfatal error: [m[Knav2_amcl/amcl_node.hpp: No such file or directory
[0.185s]    14 | #include [01;31m[K"nav2_amcl/amcl_node.hpp"[m[K
[0.185s]       |          [01;31m[K^~~~~~~~~~~~~~~~~~~~~~~~~[m[K
[0.185s] compilation terminated.
[0.187s] make[2]: *** [CMakeFiles/robot_sim_ros2_node.dir/build.make:63: CMakeFiles/robot_sim_ros2_node.dir/src/robot_sim_ros2_node.cpp.o] Error 1
[0.187s] make[1]: *** [CMakeFiles/Makefile2:78: CMakeFiles/robot_sim_ros2_node.dir/all] Error 2
[0.187s] make: *** [Makefile:141: all] Error 2
[0.189s] Invoked command in '/home/rgo/ros2/capra/src/build/robot_sim_ros2_pkg' returned '2': CMAKE_PREFIX_PATH=${CMAKE_PREFIX_PATH}:/opt/ros/foxy CONDA_PROMPT_MODIFIER=(base) /usr/bin/cmake --build /home/rgo/ros2/capra/src/build/robot_sim_ros2_pkg -- -j8 -l8
