[01m[K/home/rgo/ros2/capra/src/robot_sim_ros2_pkg/src/robot_sim_ros2_node.cpp:[m[K In member function â€˜[01m[Kvoid RobotSimRos2Node::subscribe_message(geometry_msgs::msg::Pose_<std::allocator<void> >::SharedPtr)[m[Kâ€™:
[01m[K/home/rgo/ros2/capra/src/robot_sim_ros2_pkg/src/robot_sim_ros2_node.cpp:50:18:[m[K [01;31m[Kerror: [m[Kâ€˜[01m[Krgo_pos[m[Kâ€™ was not declared in this scope; did you mean â€˜[01m[Krgo_pose[m[Kâ€™?
   50 |         float x= [01;31m[Krgo_pos[m[K.x;
      |                  [01;31m[K^~~~~~~[m[K
      |                  [32m[Krgo_pose[m[K
[01m[K/home/rgo/ros2/capra/src/robot_sim_ros2_pkg/src/robot_sim_ros2_node.cpp:50:15:[m[K [01;35m[Kwarning: [m[Kunused variable â€˜[01m[Kx[m[Kâ€™ [[01;35m[K-Wunused-variable[m[K]
   50 |         float [01;35m[Kx[m[K= rgo_pos.x;
      |               [01;35m[K^[m[K
make[2]: *** [CMakeFiles/robot_sim_ros2_node.dir/build.make:63: CMakeFiles/robot_sim_ros2_node.dir/src/robot_sim_ros2_node.cpp.o] Error 1
make[1]: *** [CMakeFiles/Makefile2:78: CMakeFiles/robot_sim_ros2_node.dir/all] Error 2
make: *** [Makefile:141: all] Error 2
