[0.017s] Invoking command in '/home/rgo/ros2/capra/src/build/robot_sim_ros2_pkg': CMAKE_PREFIX_PATH=${CMAKE_PREFIX_PATH}:/opt/ros/foxy CONDA_PROMPT_MODIFIER=(base) /usr/bin/cmake --build /home/rgo/ros2/capra/src/build/robot_sim_ros2_pkg -- -j8 -l8
[0.051s] [35m[1mScanning dependencies of target robot_sim_ros2_node[0m
[0.075s] [ 50%] [32mBuilding CXX object CMakeFiles/robot_sim_ros2_node.dir/src/robot_sim_ros2_node.cpp.o[0m
[1.095s] [01m[K/home/rgo/ros2/capra/src/robot_sim_ros2_pkg/src/robot_sim_ros2_node.cpp:39:23:[m[K [01;31m[Kerror: [m[Kâ€˜[01m[KOdometry[m[Kâ€™ was not declared in this scope
[1.095s]    39 |     rclcpp::Publisher<[01;31m[KOdometry[m[K>::SharedPtr o_publisher_;
[1.095s]       |                       [01;31m[K^~~~~~~~[m[K
[1.095s] [01m[K/home/rgo/ros2/capra/src/robot_sim_ros2_pkg/src/robot_sim_ros2_node.cpp:39:31:[m[K [01;31m[Kerror: [m[Ktemplate argument 1 is invalid
[1.095s]    39 |     rclcpp::Publisher<Odometry[01;31m[K>[m[K::SharedPtr o_publisher_;
[1.095s]       |                               [01;31m[K^[m[K
[1.095s] [01m[K/home/rgo/ros2/capra/src/robot_sim_ros2_pkg/src/robot_sim_ros2_node.cpp:39:34:[m[K [01;31m[Kerror: [m[Kexpected â€˜[01m[K;[m[Kâ€™ at end of member declaration
[1.095s]    39 |     rclcpp::Publisher<Odometry>::[01;31m[KSharedPtr[m[K o_publisher_;
[1.095s]       |                                  [01;31m[K^~~~~~~~~[m[K
[1.095s]       |                                           [32m[K;[m[K
[1.097s] [01m[K/home/rgo/ros2/capra/src/robot_sim_ros2_pkg/src/robot_sim_ros2_node.cpp:39:44:[m[K [01;31m[Kerror: [m[Kâ€˜[01m[Ko_publisher_[m[Kâ€™ does not name a type; did you mean â€˜[01m[Krcl_publisher_t[m[Kâ€™?
[1.097s]    39 |     rclcpp::Publisher<Odometry>::SharedPtr [01;31m[Ko_publisher_[m[K;
[1.097s]       |                                            [01;31m[K^~~~~~~~~~~~[m[K
[1.097s]       |                                            [32m[Krcl_publisher_t[m[K
[1.120s] [01m[K/home/rgo/ros2/capra/src/robot_sim_ros2_pkg/src/robot_sim_ros2_node.cpp:[m[K In constructor â€˜[01m[KRobotSimRos2Node::RobotSimRos2Node()[m[Kâ€™:
[1.120s] [01m[K/home/rgo/ros2/capra/src/robot_sim_ros2_pkg/src/robot_sim_ros2_node.cpp:30:7:[m[K [01;31m[Kerror: [m[Kâ€˜[01m[Kodometry_publisher_[m[Kâ€™ was not declared in this scope; did you mean â€˜[01m[Kcount_publishers[m[Kâ€™?
[1.121s]    30 |       [01;31m[Kodometry_publisher_[m[K = this->create_publisher<Odometry>("robot_sim_odometry", 1);
[1.121s]       |       [01;31m[K^~~~~~~~~~~~~~~~~~~[m[K
[1.121s]       |       [32m[Kcount_publishers[m[K
[1.122s] [01m[K/home/rgo/ros2/capra/src/robot_sim_ros2_pkg/src/robot_sim_ros2_node.cpp:30:52:[m[K [01;31m[Kerror: [m[Kâ€˜[01m[KOdometry[m[Kâ€™ was not declared in this scope
[1.123s]    30 |       odometry_publisher_ = this->create_publisher<[01;31m[KOdometry[m[K>("robot_sim_odometry", 1);
[1.123s]       |                                                    [01;31m[K^~~~~~~~[m[K
[1.123s] [01m[K/home/rgo/ros2/capra/src/robot_sim_ros2_pkg/src/robot_sim_ros2_node.cpp:30:85:[m[K [01;31m[Kerror: [m[Kno matching function for call to â€˜[01m[KRobotSimRos2Node::create_publisher<<expression error> >(const char [19], int)[m[Kâ€™
[1.123s]    30 |       odometry_publisher_ = this->create_publisher<Odometry>("robot_sim_odometry", 1[01;31m[K)[m[K;
[1.123s]       |                                                                                     [01;31m[K^[m[K
[1.123s] In file included from [01m[K/opt/ros/foxy/include/rclcpp/node.hpp:1224[m[K,
[1.123s]                  from [01m[K/opt/ros/foxy/include/rclcpp/executors/single_threaded_executor.hpp:28[m[K,
[1.123s]                  from [01m[K/opt/ros/foxy/include/rclcpp/executors.hpp:22[m[K,
[1.123s]                  from [01m[K/opt/ros/foxy/include/rclcpp/rclcpp.hpp:146[m[K,
[1.123s]                  from [01m[K/home/rgo/ros2/capra/src/robot_sim_ros2_pkg/src/robot_sim_ros2_node.cpp:6[m[K:
[1.123s] [01m[K/opt/ros/foxy/include/rclcpp/node_impl.hpp:71:1:[m[K [01;36m[Knote: [m[Kcandidate: â€˜[01m[Ktemplate<class MessageT, class AllocatorT, class PublisherT> std::shared_ptr<PublisherT> rclcpp::Node::create_publisher(const string&, const rclcpp::QoS&, const rclcpp::PublisherOptionsWithAllocator<AllocatorT>&)[m[Kâ€™
[1.123s]    71 | [01;36m[KNode[m[K::create_publisher(
[1.123s]       | [01;36m[K^~~~[m[K
[1.123s] [01m[K/opt/ros/foxy/include/rclcpp/node_impl.hpp:71:1:[m[K [01;36m[Knote: [m[K  template argument deduction/substitution failed:
[1.123s] [01m[K/home/rgo/ros2/capra/src/robot_sim_ros2_pkg/src/robot_sim_ros2_node.cpp:30:85:[m[K [01;31m[Kerror: [m[Ktemplate argument 1 is invalid
[1.123s]    30 |       odometry_publisher_ = this->create_publisher<Odometry>("robot_sim_odometry", 1[01;31m[K)[m[K;
[1.124s]       |                                                                                     [01;31m[K^[m[K
[2.430s] make[2]: *** [CMakeFiles/robot_sim_ros2_node.dir/build.make:63: CMakeFiles/robot_sim_ros2_node.dir/src/robot_sim_ros2_node.cpp.o] Error 1
[2.430s] make[1]: *** [CMakeFiles/Makefile2:78: CMakeFiles/robot_sim_ros2_node.dir/all] Error 2
[2.430s] make: *** [Makefile:141: all] Error 2
[2.433s] Invoked command in '/home/rgo/ros2/capra/src/build/robot_sim_ros2_pkg' returned '2': CMAKE_PREFIX_PATH=${CMAKE_PREFIX_PATH}:/opt/ros/foxy CONDA_PROMPT_MODIFIER=(base) /usr/bin/cmake --build /home/rgo/ros2/capra/src/build/robot_sim_ros2_pkg -- -j8 -l8
