[0.023s] Invoking command in '/home/rgo/ros2/capra/src/build/rgo_ros2_pkg': CMAKE_PREFIX_PATH=/opt/ros/foxy CONDA_PROMPT_MODIFIER=(base) /usr/bin/cmake --build /home/rgo/ros2/capra/src/build/rgo_ros2_pkg -- -j8 -l8
[0.075s] [35m[1mScanning dependencies of target rgo_ros2_node[0m
[0.112s] [ 50%] [32mBuilding CXX object CMakeFiles/rgo_ros2_node.dir/src/rgo_ros2_node.cpp.o[0m
[1.313s] [01m[K/home/rgo/ros2/capra/src/rgo_ros2_pkg/src/rgo_ros2_node.cpp:38:43:[m[K [01;31m[Kerror: [m[Kâ€˜[01m[KPoseWithCovarianceStamped[m[Kâ€™ is not a member of â€˜[01m[Kgeometry_msgs::msg[m[Kâ€™
[1.313s]    38 |     rclcpp::Publisher<geometry_msgs::msg::[01;31m[KPoseWithCovarianceStamped[m[K>::SharedPtr _pose_publisher;
[1.313s]       |                                           [01;31m[K^~~~~~~~~~~~~~~~~~~~~~~~~[m[K
[1.313s] [01m[K/home/rgo/ros2/capra/src/rgo_ros2_pkg/src/rgo_ros2_node.cpp:38:43:[m[K [01;31m[Kerror: [m[Kâ€˜[01m[KPoseWithCovarianceStamped[m[Kâ€™ is not a member of â€˜[01m[Kgeometry_msgs::msg[m[Kâ€™
[1.314s] [01m[K/home/rgo/ros2/capra/src/rgo_ros2_pkg/src/rgo_ros2_node.cpp:38:68:[m[K [01;31m[Kerror: [m[Ktemplate argument 1 is invalid
[1.314s]    38 |     rclcpp::Publisher<geometry_msgs::msg::PoseWithCovarianceStamped[01;31m[K>[m[K::SharedPtr _pose_publisher;
[1.314s]       |                                                                    [01;31m[K^[m[K
[1.314s] [01m[K/home/rgo/ros2/capra/src/rgo_ros2_pkg/src/rgo_ros2_node.cpp:38:71:[m[K [01;31m[Kerror: [m[Kexpected â€˜[01m[K;[m[Kâ€™ at end of member declaration
[1.314s]    38 |     rclcpp::Publisher<geometry_msgs::msg::PoseWithCovarianceStamped>::[01;31m[KSharedPtr[m[K _pose_publisher;
[1.314s]       |                                                                       [01;31m[K^~~~~~~~~[m[K
[1.314s]       |                                                                                [32m[K;[m[K
[1.319s] [01m[K/home/rgo/ros2/capra/src/rgo_ros2_pkg/src/rgo_ros2_node.cpp:38:81:[m[K [01;31m[Kerror: [m[Kâ€˜[01m[K_pose_publisher[m[Kâ€™ does not name a type
[1.319s]    38 |     rclcpp::Publisher<geometry_msgs::msg::PoseWithCovarianceStamped>::SharedPtr [01;31m[K_pose_publisher[m[K;
[1.319s]       |                                                                                 [01;31m[K^~~~~~~~~~~~~~~[m[K
[1.350s] [01m[K/home/rgo/ros2/capra/src/rgo_ros2_pkg/src/rgo_ros2_node.cpp:[m[K In constructor â€˜[01m[KRgoRos2Node::RgoRos2Node()[m[Kâ€™:
[1.350s] [01m[K/home/rgo/ros2/capra/src/rgo_ros2_pkg/src/rgo_ros2_node.cpp:28:7:[m[K [01;31m[Kerror: [m[Kâ€˜[01m[K_pose_publisher[m[Kâ€™ was not declared in this scope; did you mean â€˜[01m[Kcreate_publisher[m[Kâ€™?
[1.350s]    28 |       [01;31m[K_pose_publisher[m[K = this->create_publisher<geometry_msgs::msg::PoseWithCovarianceStamped>("/rgo_pose_with_cov", 1);
[1.350s]       |       [01;31m[K^~~~~~~~~~~~~~~[m[K
[1.350s]       |       [32m[Kcreate_publisher[m[K
[1.350s] [01m[K/home/rgo/ros2/capra/src/rgo_ros2_pkg/src/rgo_ros2_node.cpp:28:68:[m[K [01;31m[Kerror: [m[Kâ€˜[01m[KPoseWithCovarianceStamped[m[Kâ€™ is not a member of â€˜[01m[Kgeometry_msgs::msg[m[Kâ€™
[1.350s]    28 |       _pose_publisher = this->create_publisher<geometry_msgs::msg::[01;31m[KPoseWithCovarianceStamped[m[K>("/rgo_pose_with_cov", 1);
[1.350s]       |                                                                    [01;31m[K^~~~~~~~~~~~~~~~~~~~~~~~~[m[K
[1.351s] [01m[K/home/rgo/ros2/capra/src/rgo_ros2_pkg/src/rgo_ros2_node.cpp:28:68:[m[K [01;31m[Kerror: [m[Kâ€˜[01m[KPoseWithCovarianceStamped[m[Kâ€™ is not a member of â€˜[01m[Kgeometry_msgs::msg[m[Kâ€™
[1.351s] [01m[K/home/rgo/ros2/capra/src/rgo_ros2_pkg/src/rgo_ros2_node.cpp:28:118:[m[K [01;31m[Kerror: [m[Kno matching function for call to â€˜[01m[KRgoRos2Node::create_publisher<<expression error> >(const char [19], int)[m[Kâ€™
[1.351s]    28 |       _pose_publisher = this->create_publisher<geometry_msgs::msg::PoseWithCovarianceStamped>("/rgo_pose_with_cov", 1[01;31m[K)[m[K;
[1.351s]       |                                                                                                                      [01;31m[K^[m[K
[1.351s] In file included from [01m[K/opt/ros/foxy/include/rclcpp/node.hpp:1224[m[K,
[1.351s]                  from [01m[K/opt/ros/foxy/include/rclcpp/executors/single_threaded_executor.hpp:28[m[K,
[1.351s]                  from [01m[K/opt/ros/foxy/include/rclcpp/executors.hpp:22[m[K,
[1.351s]                  from [01m[K/opt/ros/foxy/include/rclcpp/rclcpp.hpp:146[m[K,
[1.351s]                  from [01m[K/home/rgo/ros2/capra/src/rgo_ros2_pkg/src/rgo_ros2_node.cpp:6[m[K:
[1.351s] [01m[K/opt/ros/foxy/include/rclcpp/node_impl.hpp:71:1:[m[K [01;36m[Knote: [m[Kcandidate: â€˜[01m[Ktemplate<class MessageT, class AllocatorT, class PublisherT> std::shared_ptr<PublisherT> rclcpp::Node::create_publisher(const string&, const rclcpp::QoS&, const rclcpp::PublisherOptionsWithAllocator<AllocatorT>&)[m[Kâ€™
[1.351s]    71 | [01;36m[KNode[m[K::create_publisher(
[1.351s]       | [01;36m[K^~~~[m[K
[1.351s] [01m[K/opt/ros/foxy/include/rclcpp/node_impl.hpp:71:1:[m[K [01;36m[Knote: [m[K  template argument deduction/substitution failed:
[1.351s] [01m[K/home/rgo/ros2/capra/src/rgo_ros2_pkg/src/rgo_ros2_node.cpp:28:118:[m[K [01;31m[Kerror: [m[Ktemplate argument 1 is invalid
[1.352s]    28 |       _pose_publisher = this->create_publisher<geometry_msgs::msg::PoseWithCovarianceStamped>("/rgo_pose_with_cov", 1[01;31m[K)[m[K;
[1.352s]       |                                                                                                                      [01;31m[K^[m[K
[1.371s] [01m[K/home/rgo/ros2/capra/src/rgo_ros2_pkg/src/rgo_ros2_node.cpp:[m[K In member function â€˜[01m[Kvoid RgoRos2Node::timer_callback()[m[Kâ€™:
[1.371s] [01m[K/home/rgo/ros2/capra/src/rgo_ros2_pkg/src/rgo_ros2_node.cpp:61:27:[m[K [01;31m[Kerror: [m[Kâ€˜[01m[KPoseWithCovarianceStamped[m[Kâ€™ is not a member of â€˜[01m[Kgeometry_msgs::msg[m[Kâ€™
[1.371s]    61 |       geometry_msgs::msg::[01;31m[KPoseWithCovarianceStamped[m[K pose{};
[1.371s]       |                           [01;31m[K^~~~~~~~~~~~~~~~~~~~~~~~~[m[K
[1.371s] [01m[K/home/rgo/ros2/capra/src/rgo_ros2_pkg/src/rgo_ros2_node.cpp:62:25:[m[K [01;31m[Kerror: [m[Kexpected initializer before â€˜[01m[Kgeometry_msgs[m[Kâ€™
[1.371s]    62 |       auto pose_message [01;31m[Kgeometry_msgs[m[K::msg::PoseWithCovarianceStamped();
[1.371s]       |                         [01;31m[K^~~~~~~~~~~~~[m[K
[1.372s] [01m[K/home/rgo/ros2/capra/src/rgo_ros2_pkg/src/rgo_ros2_node.cpp:63:7:[m[K [01;31m[Kerror: [m[Kâ€˜[01m[Kpose[m[Kâ€™ was not declared in this scope; did you mean â€˜[01m[Kpclose[m[Kâ€™?
[1.372s]    63 |       [01;31m[Kpose[m[K.pose.pose.position.x = 4.0 + i;
[1.373s]       |       [01;31m[K^~~~[m[K
[1.373s]       |       [32m[Kpclose[m[K
[1.377s] [01m[K/home/rgo/ros2/capra/src/rgo_ros2_pkg/src/rgo_ros2_node.cpp:72:6:[m[K [01;31m[Kerror: [m[Kâ€˜[01m[K_pose_publisher[m[Kâ€™ was not declared in this scope; did you mean â€˜[01m[Kcreate_publisher[m[Kâ€™?
[1.377s]    72 |      [01;31m[K_pose_publisher[m[K->publish(pose);
[1.377s]       |      [01;31m[K^~~~~~~~~~~~~~~[m[K
[1.377s]       |      [32m[Kcreate_publisher[m[K
[2.897s] make[2]: *** [CMakeFiles/rgo_ros2_node.dir/build.make:63: CMakeFiles/rgo_ros2_node.dir/src/rgo_ros2_node.cpp.o] Error 1
[2.897s] make[1]: *** [CMakeFiles/Makefile2:78: CMakeFiles/rgo_ros2_node.dir/all] Error 2
[2.897s] make: *** [Makefile:141: all] Error 2
[2.900s] Invoked command in '/home/rgo/ros2/capra/src/build/rgo_ros2_pkg' returned '2': CMAKE_PREFIX_PATH=/opt/ros/foxy CONDA_PROMPT_MODIFIER=(base) /usr/bin/cmake --build /home/rgo/ros2/capra/src/build/rgo_ros2_pkg -- -j8 -l8
