[0.062s] Invoking command in '/home/rgo/ros2/capra/src/build/rgo_ros2_pkg': CMAKE_PREFIX_PATH=${CMAKE_PREFIX_PATH}:/opt/ros/foxy /usr/bin/cmake --build /home/rgo/ros2/capra/src/build/rgo_ros2_pkg -- -j6 -l6
[0.351s] [35m[1mScanning dependencies of target rgo_ros2_node[0m
[0.507s] [ 33%] [32mBuilding CXX object CMakeFiles/rgo_ros2_node.dir/src/rgo_ros2_node.cpp.o[0m
[0.513s] [ 66%] [32mBuilding CXX object CMakeFiles/rgo_ros2_node.dir/src/main.cpp.o[0m
[5.335s] In file included from [01m[K/usr/local/include/RgoSDK/Services.h:7[m[K,
[5.344s]                  from [01m[K/usr/local/include/RgoSDK/PerceptionEngine.h:3[m[K,
[5.347s]                  from [01m[K/home/rgo/ros2/capra/src/rgo_ros2_pkg/include/rgo_ros2_node.h:8[m[K,
[5.350s]                  from [01m[K/home/rgo/ros2/capra/src/rgo_ros2_pkg/src/rgo_ros2_node.cpp:1[m[K:
[5.352s] [01m[K/usr/local/include/RgoSDK/PointsService.h:33:8:[m[K [01;31m[Kerror: [m[Kâ€˜[01m[Koptional[m[Kâ€™ in namespace â€˜[01m[Kstd[m[Kâ€™ does not name a template type
[5.355s]    33 |   std::[01;31m[Koptional[m[K<PointOfInterest> GetById(PointId point_id) const;
[5.357s]       |        [01;31m[K^~~~~~~~[m[K
[5.360s] [01m[K/usr/local/include/RgoSDK/PointsService.h:33:3:[m[K [01;36m[Knote: [m[Kâ€˜[01m[Kstd::optional[m[Kâ€™ is only available from C++17 onwards
[5.363s]    33 |   [01;36m[Kstd[m[K::optional<PointOfInterest> GetById(PointId point_id) const;
[5.365s]       |   [01;36m[K^~~[m[K
[5.367s] In file included from [01m[K/usr/local/include/RgoSDK/Services.h:7[m[K,
[5.370s]                  from [01m[K/usr/local/include/RgoSDK/PerceptionEngine.h:3[m[K,
[5.371s]                  from [01m[K/home/rgo/ros2/capra/src/rgo_ros2_pkg/include/rgo_ros2_node.h:8[m[K,
[5.372s]                  from [01m[K/home/rgo/ros2/capra/src/rgo_ros2_pkg/src/main.cpp:3[m[K:
[5.373s] [01m[K/usr/local/include/RgoSDK/PointsService.h:33:8:[m[K [01;31m[Kerror: [m[Kâ€˜[01m[Koptional[m[Kâ€™ in namespace â€˜[01m[Kstd[m[Kâ€™ does not name a template type
[5.374s]    33 |   std::[01;31m[Koptional[m[K<PointOfInterest> GetById(PointId point_id) const;
[5.375s]       |        [01;31m[K^~~~~~~~[m[K
[5.377s] [01m[K/usr/local/include/RgoSDK/PointsService.h:33:3:[m[K [01;36m[Knote: [m[Kâ€˜[01m[Kstd::optional[m[Kâ€™ is only available from C++17 onwards
[5.378s]    33 |   [01;36m[Kstd[m[K::optional<PointOfInterest> GetById(PointId point_id) const;
[5.379s]       |   [01;36m[K^~~[m[K
[11.766s] make[2]: *** [CMakeFiles/rgo_ros2_node.dir/build.make:63: CMakeFiles/rgo_ros2_node.dir/src/main.cpp.o] Error 1
[11.769s] make[2]: *** Waiting for unfinished jobs....
[19.771s] make[2]: *** [CMakeFiles/rgo_ros2_node.dir/build.make:76: CMakeFiles/rgo_ros2_node.dir/src/rgo_ros2_node.cpp.o] Error 1
[19.779s] make[1]: *** [CMakeFiles/Makefile2:78: CMakeFiles/rgo_ros2_node.dir/all] Error 2
[19.788s] make: *** [Makefile:141: all] Error 2
[19.800s] Invoked command in '/home/rgo/ros2/capra/src/build/rgo_ros2_pkg' returned '2': CMAKE_PREFIX_PATH=${CMAKE_PREFIX_PATH}:/opt/ros/foxy /usr/bin/cmake --build /home/rgo/ros2/capra/src/build/rgo_ros2_pkg -- -j6 -l6
