[0.084s] Invoking command in '/home/rgo/ros2/capra/src/build/rgo_ros2_pkg': CMAKE_PREFIX_PATH=${CMAKE_PREFIX_PATH}:/opt/ros/foxy /usr/bin/cmake --build /home/rgo/ros2/capra/src/build/rgo_ros2_pkg -- -j6 -l6
[0.392s] [35m[1mScanning dependencies of target rgo_ros2_node[0m
[0.505s] [ 50%] [32mBuilding CXX object CMakeFiles/rgo_ros2_node.dir/src/rgo_ros2_node.cpp.o[0m
[5.919s] [01m[K/home/rgo/ros2/capra/src/rgo_ros2_pkg/src/rgo_ros2_node.cpp:[m[K In function â€˜[01m[Kint main(int, char**)[m[Kâ€™:
[5.919s] [01m[K/home/rgo/ros2/capra/src/rgo_ros2_pkg/src/rgo_ros2_node.cpp:93:33:[m[K [01;31m[Kerror: [m[Kâ€˜[01m[KRgoRos2NodeDummy[m[Kâ€™ was not declared in this scope; did you mean â€˜[01m[KRgoRos2Node[m[Kâ€™?
[5.920s]    93 |   rclcpp::spin(std::make_shared<[01;31m[KRgoRos2NodeDummy[m[K>());
[5.921s]       |                                 [01;31m[K^~~~~~~~~~~~~~~~[m[K
[5.921s]       |                                 [32m[KRgoRos2Node[m[K
[5.924s] [01m[K/home/rgo/ros2/capra/src/rgo_ros2_pkg/src/rgo_ros2_node.cpp:93:51:[m[K [01;31m[Kerror: [m[Kno matching function for call to â€˜[01m[Kmake_shared<<expression error> >()[m[Kâ€™
[5.925s]    93 |   rclcpp::spin(std::make_shared<RgoRos2NodeDummy>([01;31m[K)[m[K);
[5.925s]       |                                                   [01;31m[K^[m[K
[5.926s] In file included from [01m[K/usr/include/c++/9/memory:81[m[K,
[5.926s]                  from [01m[K/home/rgo/ros2/capra/src/rgo_ros2_pkg/src/rgo_ros2_node.cpp:3[m[K:
[5.927s] [01m[K/usr/include/c++/9/bits/shared_ptr.h:714:5:[m[K [01;36m[Knote: [m[Kcandidate: â€˜[01m[Ktemplate<class _Tp, class ... _Args> std::shared_ptr<_Tp> std::make_shared(_Args&& ...)[m[Kâ€™
[5.927s]   714 |     [01;36m[Kmake_shared[m[K(_Args&&... __args)
[5.928s]       |     [01;36m[K^~~~~~~~~~~[m[K
[5.929s] [01m[K/usr/include/c++/9/bits/shared_ptr.h:714:5:[m[K [01;36m[Knote: [m[K  template argument deduction/substitution failed:
[5.929s] [01m[K/home/rgo/ros2/capra/src/rgo_ros2_pkg/src/rgo_ros2_node.cpp:93:51:[m[K [01;31m[Kerror: [m[Ktemplate argument 1 is invalid
[5.930s]    93 |   rclcpp::spin(std::make_shared<RgoRos2NodeDummy>([01;31m[K)[m[K);
[5.930s]       |                                                   [01;31m[K^[m[K
[15.346s] make[2]: *** [CMakeFiles/rgo_ros2_node.dir/build.make:63: CMakeFiles/rgo_ros2_node.dir/src/rgo_ros2_node.cpp.o] Error 1
[15.360s] make[1]: *** [CMakeFiles/Makefile2:78: CMakeFiles/rgo_ros2_node.dir/all] Error 2
[15.362s] make: *** [Makefile:141: all] Error 2
[15.366s] Invoked command in '/home/rgo/ros2/capra/src/build/rgo_ros2_pkg' returned '2': CMAKE_PREFIX_PATH=${CMAKE_PREFIX_PATH}:/opt/ros/foxy /usr/bin/cmake --build /home/rgo/ros2/capra/src/build/rgo_ros2_pkg -- -j6 -l6
