[35m[1mScanning dependencies of target rgo_ros2_node[0m
[ 50%] [32mBuilding CXX object CMakeFiles/rgo_ros2_node.dir/src/rgo_ros2_node.cpp.o[0m
[01m[K/home/rgo/ros2/capra/src/rgo_ros2_pkg/src/rgo_ros2_node.cpp:[m[K In member function â€˜[01m[Kvoid RgoRos2Node::timer_callback()[m[Kâ€™:
[01m[K/home/rgo/ros2/capra/src/rgo_ros2_pkg/src/rgo_ros2_node.cpp:41:46:[m[K [01;31m[Kerror: [m[Kexpected primary-expression before â€˜[01m[K;[m[Kâ€™ token
   41 |       auto message = geometry_msgs::msg::Pose[01;31m[K;[m[K
      |                                              [01;31m[K^[m[K
[01m[K/home/rgo/ros2/capra/src/rgo_ros2_pkg/src/rgo_ros2_node.cpp:42:25:[m[K [01;31m[Kerror: [m[Kâ€˜[01m[Ki[m[Kâ€™ was not declared in this scope
   42 |       message.x = 4.0 + [01;31m[Ki[m[K;
      |                         [01;31m[K^[m[K
make[2]: *** [CMakeFiles/rgo_ros2_node.dir/build.make:63: CMakeFiles/rgo_ros2_node.dir/src/rgo_ros2_node.cpp.o] Error 1
make[1]: *** [CMakeFiles/Makefile2:78: CMakeFiles/rgo_ros2_node.dir/all] Error 2
make: *** [Makefile:141: all] Error 2
