[35m[1mScanning dependencies of target rgo_ros2_node[0m
[ 33%] [32mBuilding CXX object CMakeFiles/rgo_ros2_node.dir/src/rgo_ros2_node.cpp.o[0m
[01m[K/home/rgo/ros2/capra/src/rgo_ros2_pkg/src/rgo_ros2_node.cpp:25:6:[m[K [01;31m[Kerror: [m[Kno declaration matches â€˜[01m[Kvoid RgoRos2Node::initPerceptionEngine()[m[Kâ€™
   25 | void [01;31m[KRgoRos2Node[m[K::initPerceptionEngine()
      |      [01;31m[K^~~~~~~~~~~[m[K
[01m[K/home/rgo/ros2/capra/src/rgo_ros2_pkg/src/rgo_ros2_node.cpp:25:6:[m[K [01;36m[Knote: [m[Kno functions named â€˜[01m[Kvoid RgoRos2Node::initPerceptionEngine()[m[Kâ€™
In file included from [01m[K/home/rgo/ros2/capra/src/rgo_ros2_pkg/src/rgo_ros2_node.cpp:1[m[K:
[01m[K/home/rgo/ros2/capra/src/rgo_ros2_pkg/include/rgo_ros2_node.h:27:7:[m[K [01;36m[Knote: [m[Kâ€˜[01m[Kclass RgoRos2Node[m[Kâ€™ defined here
   27 | class [01;36m[KRgoRos2Node[m[K : public rclcpp::Node
      |       [01;36m[K^~~~~~~~~~~[m[K
make[2]: *** [CMakeFiles/rgo_ros2_node.dir/build.make:76: CMakeFiles/rgo_ros2_node.dir/src/rgo_ros2_node.cpp.o] Error 1
make[1]: *** [CMakeFiles/Makefile2:78: CMakeFiles/rgo_ros2_node.dir/all] Error 2
make: *** [Makefile:141: all] Error 2
