[0.017s] Invoking command in '/home/rgo/ros2/capra/src/build/rgo_ros2_pkg': CMAKE_PREFIX_PATH=/opt/ros/foxy CONDA_PROMPT_MODIFIER=(base) /usr/bin/cmake --build /home/rgo/ros2/capra/src/build/rgo_ros2_pkg -- -j8 -l8
[0.054s] [35m[1mScanning dependencies of target rgo_ros2_node[0m
[0.077s] [ 50%] [32mBuilding CXX object CMakeFiles/rgo_ros2_node.dir/src/rgo_ros2_node.cpp.o[0m
[1.097s] [01m[K/home/rgo/ros2/capra/src/rgo_ros2_pkg/src/rgo_ros2_node.cpp:35:43:[m[K [01;31m[Kerror: [m[Kâ€˜[01m[KPoseWithCovarianceStamped[m[Kâ€™ is not a member of â€˜[01m[Kgeometry_msgs::msg[m[Kâ€™
[1.097s]    35 |     rclcpp::Publisher<geometry_msgs::msg::[01;31m[KPoseWithCovarianceStamped[m[K>::SharedPtr pos_publisher_;
[1.098s]       |                                           [01;31m[K^~~~~~~~~~~~~~~~~~~~~~~~~[m[K
[1.098s] [01m[K/home/rgo/ros2/capra/src/rgo_ros2_pkg/src/rgo_ros2_node.cpp:35:43:[m[K [01;31m[Kerror: [m[Kâ€˜[01m[KPoseWithCovarianceStamped[m[Kâ€™ is not a member of â€˜[01m[Kgeometry_msgs::msg[m[Kâ€™
[1.098s] [01m[K/home/rgo/ros2/capra/src/rgo_ros2_pkg/src/rgo_ros2_node.cpp:35:68:[m[K [01;31m[Kerror: [m[Ktemplate argument 1 is invalid
[1.098s]    35 |     rclcpp::Publisher<geometry_msgs::msg::PoseWithCovarianceStamped[01;31m[K>[m[K::SharedPtr pos_publisher_;
[1.098s]       |                                                                    [01;31m[K^[m[K
[1.098s] [01m[K/home/rgo/ros2/capra/src/rgo_ros2_pkg/src/rgo_ros2_node.cpp:35:71:[m[K [01;31m[Kerror: [m[Kexpected â€˜[01m[K;[m[Kâ€™ at end of member declaration
[1.098s]    35 |     rclcpp::Publisher<geometry_msgs::msg::PoseWithCovarianceStamped>::[01;31m[KSharedPtr[m[K pos_publisher_;
[1.098s]       |                                                                       [01;31m[K^~~~~~~~~[m[K
[1.098s]       |                                                                                [32m[K;[m[K
[1.100s] [01m[K/home/rgo/ros2/capra/src/rgo_ros2_pkg/src/rgo_ros2_node.cpp:35:81:[m[K [01;31m[Kerror: [m[Kâ€˜[01m[Kpos_publisher_[m[Kâ€™ does not name a type; did you mean â€˜[01m[Krcl_publisher_t[m[Kâ€™?
[1.100s]    35 |     rclcpp::Publisher<geometry_msgs::msg::PoseWithCovarianceStamped>::SharedPtr [01;31m[Kpos_publisher_[m[K;
[1.100s]       |                                                                                 [01;31m[K^~~~~~~~~~~~~~[m[K
[1.100s]       |                                                                                 [32m[Krcl_publisher_t[m[K
[1.122s] [01m[K/home/rgo/ros2/capra/src/rgo_ros2_pkg/src/rgo_ros2_node.cpp:[m[K In constructor â€˜[01m[KRgoRos2Node::RgoRos2Node()[m[Kâ€™:
[1.122s] [01m[K/home/rgo/ros2/capra/src/rgo_ros2_pkg/src/rgo_ros2_node.cpp:27:7:[m[K [01;31m[Kerror: [m[Kâ€˜[01m[Kpos_publisher_[m[Kâ€™ was not declared in this scope; did you mean â€˜[01m[Kpublisher_[m[Kâ€™?
[1.123s]    27 |       [01;31m[Kpos_publisher_[m[K = this->create_publisher<geometry_msgs::msg::PoseWithCovarianceStamped>("rgo_pos_with_cov",1);
[1.123s]       |       [01;31m[K^~~~~~~~~~~~~~[m[K
[1.123s]       |       [32m[Kpublisher_[m[K
[1.123s] [01m[K/home/rgo/ros2/capra/src/rgo_ros2_pkg/src/rgo_ros2_node.cpp:27:67:[m[K [01;31m[Kerror: [m[Kâ€˜[01m[KPoseWithCovarianceStamped[m[Kâ€™ is not a member of â€˜[01m[Kgeometry_msgs::msg[m[Kâ€™
[1.123s]    27 |       pos_publisher_ = this->create_publisher<geometry_msgs::msg::[01;31m[KPoseWithCovarianceStamped[m[K>("rgo_pos_with_cov",1);
[1.123s]       |                                                                   [01;31m[K^~~~~~~~~~~~~~~~~~~~~~~~~[m[K
[1.123s] [01m[K/home/rgo/ros2/capra/src/rgo_ros2_pkg/src/rgo_ros2_node.cpp:27:67:[m[K [01;31m[Kerror: [m[Kâ€˜[01m[KPoseWithCovarianceStamped[m[Kâ€™ is not a member of â€˜[01m[Kgeometry_msgs::msg[m[Kâ€™
[1.124s] [01m[K/home/rgo/ros2/capra/src/rgo_ros2_pkg/src/rgo_ros2_node.cpp:27:114:[m[K [01;31m[Kerror: [m[Kno matching function for call to â€˜[01m[KRgoRos2Node::create_publisher<<expression error> >(const char [17], int)[m[Kâ€™
[1.124s]    27 |       pos_publisher_ = this->create_publisher<geometry_msgs::msg::PoseWithCovarianceStamped>("rgo_pos_with_cov",1[01;31m[K)[m[K;
[1.124s]       |                                                                                                                  [01;31m[K^[m[K
[1.124s] In file included from [01m[K/opt/ros/foxy/include/rclcpp/node.hpp:1224[m[K,
[1.124s]                  from [01m[K/opt/ros/foxy/include/rclcpp/executors/single_threaded_executor.hpp:28[m[K,
[1.124s]                  from [01m[K/opt/ros/foxy/include/rclcpp/executors.hpp:22[m[K,
[1.124s]                  from [01m[K/opt/ros/foxy/include/rclcpp/rclcpp.hpp:146[m[K,
[1.124s]                  from [01m[K/home/rgo/ros2/capra/src/rgo_ros2_pkg/src/rgo_ros2_node.cpp:6[m[K:
[1.124s] [01m[K/opt/ros/foxy/include/rclcpp/node_impl.hpp:71:1:[m[K [01;36m[Knote: [m[Kcandidate: â€˜[01m[Ktemplate<class MessageT, class AllocatorT, class PublisherT> std::shared_ptr<PublisherT> rclcpp::Node::create_publisher(const string&, const rclcpp::QoS&, const rclcpp::PublisherOptionsWithAllocator<AllocatorT>&)[m[Kâ€™
[1.124s]    71 | [01;36m[KNode[m[K::create_publisher(
[1.124s]       | [01;36m[K^~~~[m[K
[1.124s] [01m[K/opt/ros/foxy/include/rclcpp/node_impl.hpp:71:1:[m[K [01;36m[Knote: [m[K  template argument deduction/substitution failed:
[1.124s] [01m[K/home/rgo/ros2/capra/src/rgo_ros2_pkg/src/rgo_ros2_node.cpp:27:114:[m[K [01;31m[Kerror: [m[Ktemplate argument 1 is invalid
[1.124s]    27 |       pos_publisher_ = this->create_publisher<geometry_msgs::msg::PoseWithCovarianceStamped>("rgo_pos_with_cov",1[01;31m[K)[m[K;
[1.124s]       |                                                                                                                  [01;31m[K^[m[K
[1.141s] [01m[K/home/rgo/ros2/capra/src/rgo_ros2_pkg/src/rgo_ros2_node.cpp:[m[K In member function â€˜[01m[Kvoid RgoRos2Node::timer_callback()[m[Kâ€™:
[1.142s] [01m[K/home/rgo/ros2/capra/src/rgo_ros2_pkg/src/rgo_ros2_node.cpp:57:46:[m[K [01;31m[Kerror: [m[Kâ€˜[01m[KPoseWithCovarianceStamped[m[Kâ€™ is not a member of â€˜[01m[Kgeometry_msgs::msg[m[Kâ€™
[1.142s]    57 |       auto pos_message = geometry_msgs::msg::[01;31m[KPoseWithCovarianceStamped[m[K();
[1.142s]       |                                              [01;31m[K^~~~~~~~~~~~~~~~~~~~~~~~~[m[K
[2.432s] make[2]: *** [CMakeFiles/rgo_ros2_node.dir/build.make:63: CMakeFiles/rgo_ros2_node.dir/src/rgo_ros2_node.cpp.o] Error 1
[2.432s] make[1]: *** [CMakeFiles/Makefile2:78: CMakeFiles/rgo_ros2_node.dir/all] Error 2
[2.432s] make: *** [Makefile:141: all] Error 2
[2.434s] Invoked command in '/home/rgo/ros2/capra/src/build/rgo_ros2_pkg' returned '2': CMAKE_PREFIX_PATH=/opt/ros/foxy CONDA_PROMPT_MODIFIER=(base) /usr/bin/cmake --build /home/rgo/ros2/capra/src/build/rgo_ros2_pkg -- -j8 -l8
