[0.065s] Invoking command in '/home/rgo/ros2/capra/src/build/rgo_ros2_pkg': CMAKE_PREFIX_PATH=${CMAKE_PREFIX_PATH}:/opt/ros/foxy /usr/bin/cmake --build /home/rgo/ros2/capra/src/build/rgo_ros2_pkg -- -j6 -l6
[0.199s] [35m[1mScanning dependencies of target rgo_ros2_node[0m
[1.065s] [ 33%] [32mBuilding CXX object CMakeFiles/rgo_ros2_node.dir/src/main.cpp.o[0m
[1.086s] [ 66%] [32mBuilding CXX object CMakeFiles/rgo_ros2_node.dir/src/rgo_ros2_node.cpp.o[0m
[5.956s] In file included from [01m[K/usr/local/include/RgoSDK/Services.h:7[m[K,
[5.958s]                  from [01m[K/usr/local/include/RgoSDK/PerceptionEngine.h:3[m[K,
[5.960s]                  from [01m[K/home/rgo/ros2/capra/src/rgo_ros2_pkg/include/rgo_ros2_node.h:8[m[K,
[5.962s]                  from [01m[K/home/rgo/ros2/capra/src/rgo_ros2_pkg/src/main.cpp:2[m[K:
[5.963s] [01m[K/usr/local/include/RgoSDK/PointsService.h:33:8:[m[K [01;31m[Kerror: [m[Kâ€˜[01m[Koptional[m[Kâ€™ in namespace â€˜[01m[Kstd[m[Kâ€™ does not name a template type
[5.965s]    33 |   std::[01;31m[Koptional[m[K<PointOfInterest> GetById(PointId point_id) const;
[5.967s]       |        [01;31m[K^~~~~~~~[m[K
[5.969s] In file included from [01m[K/usr/local/include/RgoSDK/Services.h:7[m[K,
[5.971s]                  from [01m[K/usr/local/include/RgoSDK/PerceptionEngine.h:3[m[K,
[5.972s]                  from [01m[K/home/rgo/ros2/capra/src/rgo_ros2_pkg/include/rgo_ros2_node.h:8[m[K,
[5.974s]                  from [01m[K/home/rgo/ros2/capra/src/rgo_ros2_pkg/src/rgo_ros2_node.cpp:1[m[K:
[5.976s] [01m[K/usr/local/include/RgoSDK/PointsService.h:33:8:[m[K [01;31m[Kerror: [m[Kâ€˜[01m[Koptional[m[Kâ€™ in namespace â€˜[01m[Kstd[m[Kâ€™ does not name a template type
[5.977s]    33 |   std::[01;31m[Koptional[m[K<PointOfInterest> GetById(PointId point_id) const;
[5.978s]       |        [01;31m[K^~~~~~~~[m[K
[5.979s] [01m[K/usr/local/include/RgoSDK/PointsService.h:33:3:[m[K [01;36m[Knote: [m[Kâ€˜[01m[Kstd::optional[m[Kâ€™ is only available from C++17 onwards
[5.981s]    33 |   [01;36m[Kstd[m[K::optional<PointOfInterest> GetById(PointId point_id) const;
[5.982s]       |   [01;36m[K^~~[m[K
[5.983s] [01m[K/usr/local/include/RgoSDK/PointsService.h:33:3:[m[K [01;36m[Knote: [m[Kâ€˜[01m[Kstd::optional[m[Kâ€™ is only available from C++17 onwards
[5.984s]    33 |   [01;36m[Kstd[m[K::optional<PointOfInterest> GetById(PointId point_id) const;
[5.985s]       |   [01;36m[K^~~[m[K
[12.423s] make[2]: *** [CMakeFiles/rgo_ros2_node.dir/build.make:63: CMakeFiles/rgo_ros2_node.dir/src/main.cpp.o] Error 1
[12.426s] make[2]: *** Waiting for unfinished jobs....
[20.479s] make[2]: *** [CMakeFiles/rgo_ros2_node.dir/build.make:76: CMakeFiles/rgo_ros2_node.dir/src/rgo_ros2_node.cpp.o] Error 1
[20.495s] make[1]: *** [CMakeFiles/Makefile2:78: CMakeFiles/rgo_ros2_node.dir/all] Error 2
[20.497s] make: *** [Makefile:141: all] Error 2
[20.500s] Invoked command in '/home/rgo/ros2/capra/src/build/rgo_ros2_pkg' returned '2': CMAKE_PREFIX_PATH=${CMAKE_PREFIX_PATH}:/opt/ros/foxy /usr/bin/cmake --build /home/rgo/ros2/capra/src/build/rgo_ros2_pkg -- -j6 -l6
