-- Found ament_cmake: 0.9.9 (/opt/ros/foxy/share/ament_cmake/cmake)
-- Using PYTHON_EXECUTABLE: /usr/bin/python3
-- Found rclcpp: 2.4.1 (/opt/ros/foxy/share/rclcpp/cmake)
-- Using all available rosidl_typesupport_c: rosidl_typesupport_fastrtps_c;rosidl_typesupport_introspection_c
-- Found rosidl_adapter: 1.2.1 (/opt/ros/foxy/share/rosidl_adapter/cmake)
-- Using all available rosidl_typesupport_cpp: rosidl_typesupport_fastrtps_cpp;rosidl_typesupport_introspection_cpp
-- Found rmw_implementation_cmake: 1.0.3 (/opt/ros/foxy/share/rmw_implementation_cmake/cmake)
-- Using RMW implementation 'rmw_fastrtps_cpp' as default
-- Found geometry_msgs: 2.0.5 (/opt/ros/foxy/share/geometry_msgs/cmake)
-- Found nav_msgs: 2.0.5 (/opt/ros/foxy/share/nav_msgs/cmake)
-- Found ament_lint_auto: 0.9.6 (/opt/ros/foxy/share/ament_lint_auto/cmake)
-- Added test 'copyright' to check source files copyright and LICENSE
-- Added test 'cppcheck' to perform static code analysis on C / C++ code
-- Configured cppcheck include dirs: $<BUILD_INTERFACE:/home/rgo/ros2/capra/src/rgo_ros2_pkg/include>
-- Configured cppcheck exclude dirs and/or files: 
-- Added test 'cpplint' to check C / C++ code against the Google style
-- Configured cpplint exclude dirs and/or files: 
-- Added test 'flake8' to check Python code syntax and style conventions
-- Added test 'lint_cmake' to check CMake code style
-- Added test 'pep257' to check Python code against some of the style conventions in PEP 257
-- Added test 'uncrustify' to check C / C++ code style
-- Configured uncrustify additional arguments: 
-- Added test 'xmllint' to check XML markup files
-- Configuring done
-- Generating done
-- Build files have been written to: /home/rgo/ros2/capra/src/build/rgo_ros2_pkg
[ 33%] [32mBuilding CXX object CMakeFiles/rgo_ros2_node.dir/src/rgo_ros2_node.cpp.o[0m
[ 66%] [32mBuilding CXX object CMakeFiles/rgo_ros2_node.dir/src/main.cpp.o[0m
In file included from [01m[K/usr/local/include/RgoSDK/Services.h:7[m[K,
                 from [01m[K/usr/local/include/RgoSDK/PerceptionEngine.h:3[m[K,
                 from [01m[K/home/rgo/ros2/capra/src/rgo_ros2_pkg/include/rgo_ros2_node.h:8[m[K,
                 from [01m[K/home/rgo/ros2/capra/src/rgo_ros2_pkg/src/rgo_ros2_node.cpp:1[m[K:
[01m[K/usr/local/include/RgoSDK/PointsService.h:33:8:[m[K [01;31m[Kerror: [m[Kâ€˜[01m[Koptional[m[Kâ€™ in namespace â€˜[01m[Kstd[m[Kâ€™ does not name a template type
   33 |   std::[01;31m[Koptional[m[K<PointOfInterest> GetById(PointId point_id) const;
      |        [01;31m[K^~~~~~~~[m[K
[01m[K/usr/local/include/RgoSDK/PointsService.h:33:3:[m[K [01;36m[Knote: [m[Kâ€˜[01m[Kstd::optional[m[Kâ€™ is only available from C++17 onwards
   33 |   [01;36m[Kstd[m[K::optional<PointOfInterest> GetById(PointId point_id) const;
      |   [01;36m[K^~~[m[K
In file included from [01m[K/usr/local/include/RgoSDK/Services.h:7[m[K,
                 from [01m[K/usr/local/include/RgoSDK/PerceptionEngine.h:3[m[K,
                 from [01m[K/home/rgo/ros2/capra/src/rgo_ros2_pkg/include/rgo_ros2_node.h:8[m[K,
                 from [01m[K/home/rgo/ros2/capra/src/rgo_ros2_pkg/src/main.cpp:3[m[K:
[01m[K/usr/local/include/RgoSDK/PointsService.h:33:8:[m[K [01;31m[Kerror: [m[Kâ€˜[01m[Koptional[m[Kâ€™ in namespace â€˜[01m[Kstd[m[Kâ€™ does not name a template type
   33 |   std::[01;31m[Koptional[m[K<PointOfInterest> GetById(PointId point_id) const;
      |        [01;31m[K^~~~~~~~[m[K
[01m[K/usr/local/include/RgoSDK/PointsService.h:33:3:[m[K [01;36m[Knote: [m[Kâ€˜[01m[Kstd::optional[m[Kâ€™ is only available from C++17 onwards
   33 |   [01;36m[Kstd[m[K::optional<PointOfInterest> GetById(PointId point_id) const;
      |   [01;36m[K^~~[m[K
make[2]: *** [CMakeFiles/rgo_ros2_node.dir/build.make:63: CMakeFiles/rgo_ros2_node.dir/src/main.cpp.o] Error 1
make[2]: *** Waiting for unfinished jobs....
make[2]: *** [CMakeFiles/rgo_ros2_node.dir/build.make:76: CMakeFiles/rgo_ros2_node.dir/src/rgo_ros2_node.cpp.o] Error 1
make[1]: *** [CMakeFiles/Makefile2:78: CMakeFiles/rgo_ros2_node.dir/all] Error 2
make: *** [Makefile:141: all] Error 2
