[0.087s] Invoking command in '/home/rgo/ros2/capra/src/build/rgo_ros2_pkg': CMAKE_PREFIX_PATH=${CMAKE_PREFIX_PATH}:/opt/ros/foxy /usr/bin/cmake /home/rgo/ros2/capra/src/rgo_ros2_pkg -DCMAKE_CXX_FLAGS=-std=c++17 -DCMAKE_INSTALL_PREFIX=/home/rgo/ros2/capra/src/install/rgo_ros2_pkg
[0.145s] -- Found ament_cmake: 0.9.9 (/opt/ros/foxy/share/ament_cmake/cmake)
[0.221s] -- Using PYTHON_EXECUTABLE: /usr/bin/python3
[0.982s] -- Found rclcpp: 2.4.1 (/opt/ros/foxy/share/rclcpp/cmake)
[1.114s] -- Using all available rosidl_typesupport_c: rosidl_typesupport_fastrtps_c;rosidl_typesupport_introspection_c
[1.125s] -- Found rosidl_adapter: 1.2.1 (/opt/ros/foxy/share/rosidl_adapter/cmake)
[1.477s] -- Using all available rosidl_typesupport_cpp: rosidl_typesupport_fastrtps_cpp;rosidl_typesupport_introspection_cpp
[1.641s] -- Found rmw_implementation_cmake: 1.0.3 (/opt/ros/foxy/share/rmw_implementation_cmake/cmake)
[1.645s] -- Using RMW implementation 'rmw_fastrtps_cpp' as default
[2.139s] -- Found geometry_msgs: 2.0.5 (/opt/ros/foxy/share/geometry_msgs/cmake)
[2.250s] -- Found nav_msgs: 2.0.5 (/opt/ros/foxy/share/nav_msgs/cmake)
[2.492s] -- Found ament_lint_auto: 0.9.6 (/opt/ros/foxy/share/ament_lint_auto/cmake)
[2.968s] -- Added test 'copyright' to check source files copyright and LICENSE
[3.008s] -- Added test 'cppcheck' to perform static code analysis on C / C++ code
[3.010s] -- Configured cppcheck include dirs: $<BUILD_INTERFACE:/home/rgo/ros2/capra/src/rgo_ros2_pkg/include>
[3.013s] -- Configured cppcheck exclude dirs and/or files: 
[3.044s] -- Added test 'cpplint' to check C / C++ code against the Google style
[3.048s] -- Configured cpplint exclude dirs and/or files: 
[3.053s] -- Added test 'flake8' to check Python code syntax and style conventions
[3.056s] -- Added test 'lint_cmake' to check CMake code style
[3.063s] -- Added test 'pep257' to check Python code against some of the style conventions in PEP 257
[3.100s] -- Added test 'uncrustify' to check C / C++ code style
[3.102s] -- Configured uncrustify additional arguments: 
[3.103s] -- Added test 'xmllint' to check XML markup files
[3.110s] -- Configuring done
[3.135s] -- Generating done
[3.141s] -- Build files have been written to: /home/rgo/ros2/capra/src/build/rgo_ros2_pkg
[3.172s] Invoked command in '/home/rgo/ros2/capra/src/build/rgo_ros2_pkg' returned '0': CMAKE_PREFIX_PATH=${CMAKE_PREFIX_PATH}:/opt/ros/foxy /usr/bin/cmake /home/rgo/ros2/capra/src/rgo_ros2_pkg -DCMAKE_CXX_FLAGS=-std=c++17 -DCMAKE_INSTALL_PREFIX=/home/rgo/ros2/capra/src/install/rgo_ros2_pkg
[3.189s] Invoking command in '/home/rgo/ros2/capra/src/build/rgo_ros2_pkg': CMAKE_PREFIX_PATH=${CMAKE_PREFIX_PATH}:/opt/ros/foxy /usr/bin/cmake --build /home/rgo/ros2/capra/src/build/rgo_ros2_pkg -- -j6 -l6
[3.404s] [ 33%] [32mBuilding CXX object CMakeFiles/rgo_ros2_node.dir/src/rgo_ros2_node.cpp.o[0m
[3.419s] [ 66%] [32mBuilding CXX object CMakeFiles/rgo_ros2_node.dir/src/main.cpp.o[0m
[8.429s] In file included from [01m[K/usr/local/include/RgoSDK/Services.h:7[m[K,
[8.431s]                  from [01m[K/usr/local/include/RgoSDK/PerceptionEngine.h:3[m[K,
[8.434s]                  from [01m[K/home/rgo/ros2/capra/src/rgo_ros2_pkg/include/rgo_ros2_node.h:8[m[K,
[8.436s]                  from [01m[K/home/rgo/ros2/capra/src/rgo_ros2_pkg/src/rgo_ros2_node.cpp:1[m[K:
[8.439s] [01m[K/usr/local/include/RgoSDK/PointsService.h:33:8:[m[K [01;31m[Kerror: [m[Kâ€˜[01m[Koptional[m[Kâ€™ in namespace â€˜[01m[Kstd[m[Kâ€™ does not name a template type
[8.441s]    33 |   std::[01;31m[Koptional[m[K<PointOfInterest> GetById(PointId point_id) const;
[8.443s]       |        [01;31m[K^~~~~~~~[m[K
[8.446s] [01m[K/usr/local/include/RgoSDK/PointsService.h:33:3:[m[K [01;36m[Knote: [m[Kâ€˜[01m[Kstd::optional[m[Kâ€™ is only available from C++17 onwards
[8.448s]    33 |   [01;36m[Kstd[m[K::optional<PointOfInterest> GetById(PointId point_id) const;
[8.452s]       |   [01;36m[K^~~[m[K
[12.441s] In file included from [01m[K/usr/local/include/RgoSDK/Services.h:7[m[K,
[12.443s]                  from [01m[K/usr/local/include/RgoSDK/PerceptionEngine.h:3[m[K,
[12.445s]                  from [01m[K/home/rgo/ros2/capra/src/rgo_ros2_pkg/include/rgo_ros2_node.h:8[m[K,
[12.446s]                  from [01m[K/home/rgo/ros2/capra/src/rgo_ros2_pkg/src/main.cpp:3[m[K:
[12.448s] [01m[K/usr/local/include/RgoSDK/PointsService.h:33:8:[m[K [01;31m[Kerror: [m[Kâ€˜[01m[Koptional[m[Kâ€™ in namespace â€˜[01m[Kstd[m[Kâ€™ does not name a template type
[12.450s]    33 |   std::[01;31m[Koptional[m[K<PointOfInterest> GetById(PointId point_id) const;
[12.452s]       |        [01;31m[K^~~~~~~~[m[K
[12.453s] [01m[K/usr/local/include/RgoSDK/PointsService.h:33:3:[m[K [01;36m[Knote: [m[Kâ€˜[01m[Kstd::optional[m[Kâ€™ is only available from C++17 onwards
[12.455s]    33 |   [01;36m[Kstd[m[K::optional<PointOfInterest> GetById(PointId point_id) const;
[12.457s]       |   [01;36m[K^~~[m[K
[24.246s] make[2]: *** [CMakeFiles/rgo_ros2_node.dir/build.make:63: CMakeFiles/rgo_ros2_node.dir/src/main.cpp.o] Error 1
[24.248s] make[2]: *** Waiting for unfinished jobs....
[24.258s] make[2]: *** [CMakeFiles/rgo_ros2_node.dir/build.make:76: CMakeFiles/rgo_ros2_node.dir/src/rgo_ros2_node.cpp.o] Error 1
[24.260s] make[1]: *** [CMakeFiles/Makefile2:78: CMakeFiles/rgo_ros2_node.dir/all] Error 2
[24.260s] make: *** [Makefile:141: all] Error 2
[24.277s] Invoked command in '/home/rgo/ros2/capra/src/build/rgo_ros2_pkg' returned '2': CMAKE_PREFIX_PATH=${CMAKE_PREFIX_PATH}:/opt/ros/foxy /usr/bin/cmake --build /home/rgo/ros2/capra/src/build/rgo_ros2_pkg -- -j6 -l6
