[01m[K/home/rgo/ros2/capra/src/rgo_ros2_pkg/src/rgo_ros2_node.cpp:[m[K In member function â€˜[01m[Kvoid RgoRos2Node::InitPerceptionEngine()[m[Kâ€™:
[01m[K/home/rgo/ros2/capra/src/rgo_ros2_pkg/src/rgo_ros2_node.cpp:34:3:[m[K [01;31m[Kerror: [m[Kâ€˜[01m[KINFO_LOG[m[Kâ€™ was not declared in this scope
   34 |   [01;31m[KINFO_LOG[m[K("rgo ros2 client", "Init pe")
      |   [01;31m[K^~~~~~~~[m[K
[01m[K/home/rgo/ros2/capra/src/rgo_ros2_pkg/src/rgo_ros2_node.cpp:[m[K In member function â€˜[01m[Kvoid RgoRos2Node::StartPerceptionEngine()[m[Kâ€™:
[01m[K/home/rgo/ros2/capra/src/rgo_ros2_pkg/src/rgo_ros2_node.cpp:44:5:[m[K [01;31m[Kerror: [m[Kâ€˜[01m[KINFO_LOG[m[Kâ€™ was not declared in this scope
   44 |     [01;31m[KINFO_LOG[m[K("rgo ros2 client", "Start: starting pe")
      |     [01;31m[K^~~~~~~~[m[K
make[2]: *** [CMakeFiles/rgo_ros2_node.dir/build.make:76: CMakeFiles/rgo_ros2_node.dir/src/rgo_ros2_node.cpp.o] Error 1
make[1]: *** [CMakeFiles/Makefile2:78: CMakeFiles/rgo_ros2_node.dir/all] Error 2
make: *** [Makefile:141: all] Error 2
