[0.057s] Invoking command in '/home/rgo/ros2/capra/src/build/rgo_ros2_pkg': CMAKE_PREFIX_PATH=${CMAKE_PREFIX_PATH}:/opt/ros/foxy /usr/bin/cmake --build /home/rgo/ros2/capra/src/build/rgo_ros2_pkg -- -j6 -l6
[0.202s] [35m[1mScanning dependencies of target rgo_ros2_node[0m
[0.336s] [ 66%] [32mBuilding CXX object CMakeFiles/rgo_ros2_node.dir/src/main.cpp.o[0m
[0.339s] [ 66%] [32mBuilding CXX object CMakeFiles/rgo_ros2_node.dir/src/rgo_ros2_node.cpp.o[0m
[11.234s] [01m[K/home/rgo/ros2/capra/src/rgo_ros2_pkg/src/rgo_ros2_node.cpp:[m[K In member function â€˜[01m[Kvoid RgoRos2Node::InitPerceptionEngine()[m[Kâ€™:
[11.237s] [01m[K/home/rgo/ros2/capra/src/rgo_ros2_pkg/src/rgo_ros2_node.cpp:34:3:[m[K [01;31m[Kerror: [m[Kâ€˜[01m[KINFO_LOG[m[Kâ€™ was not declared in this scope
[11.239s]    34 |   [01;31m[KINFO_LOG[m[K("rgo ros2 client", "Init pe")
[11.242s]       |   [01;31m[K^~~~~~~~[m[K
[11.289s] [01m[K/home/rgo/ros2/capra/src/rgo_ros2_pkg/src/rgo_ros2_node.cpp:[m[K In member function â€˜[01m[Kvoid RgoRos2Node::StartPerceptionEngine()[m[Kâ€™:
[11.292s] [01m[K/home/rgo/ros2/capra/src/rgo_ros2_pkg/src/rgo_ros2_node.cpp:44:5:[m[K [01;31m[Kerror: [m[Kâ€˜[01m[KINFO_LOG[m[Kâ€™ was not declared in this scope
[11.294s]    44 |     [01;31m[KINFO_LOG[m[K("rgo ros2 client", "Start: starting pe")
[11.297s]       |     [01;31m[K^~~~~~~~[m[K
[21.427s] make[2]: *** [CMakeFiles/rgo_ros2_node.dir/build.make:76: CMakeFiles/rgo_ros2_node.dir/src/rgo_ros2_node.cpp.o] Error 1
[21.427s] make[1]: *** [CMakeFiles/Makefile2:78: CMakeFiles/rgo_ros2_node.dir/all] Error 2
[21.429s] make: *** [Makefile:141: all] Error 2
[21.452s] Invoked command in '/home/rgo/ros2/capra/src/build/rgo_ros2_pkg' returned '2': CMAKE_PREFIX_PATH=${CMAKE_PREFIX_PATH}:/opt/ros/foxy /usr/bin/cmake --build /home/rgo/ros2/capra/src/build/rgo_ros2_pkg -- -j6 -l6
