[0.000000] (-) TimerEvent: {}
[0.000899] (rgo_ros2_pkg) JobQueued: {'identifier': 'rgo_ros2_pkg', 'dependencies': OrderedDict()}
[0.001409] (robot_sim_ros2_pkg) JobQueued: {'identifier': 'robot_sim_ros2_pkg', 'dependencies': OrderedDict()}
[0.001483] (rgo_ros2_pkg) JobStarted: {'identifier': 'rgo_ros2_pkg'}
[0.011261] (robot_sim_ros2_pkg) JobStarted: {'identifier': 'robot_sim_ros2_pkg'}
[0.020885] (rgo_ros2_pkg) JobProgress: {'identifier': 'rgo_ros2_pkg', 'progress': 'cmake'}
[0.021771] (rgo_ros2_pkg) JobProgress: {'identifier': 'rgo_ros2_pkg', 'progress': 'build'}
[0.022751] (rgo_ros2_pkg) Command: {'cmd': ['/usr/bin/cmake', '--build', '/home/rgo/ros2/capra/src/build/rgo_ros2_pkg', '--', '-j8', '-l8'], 'cwd': '/home/rgo/ros2/capra/src/build/rgo_ros2_pkg', 'env': OrderedDict([('GJS_DEBUG_TOPICS', 'JS ERROR;JS LOG'), ('LESSOPEN', '| /usr/bin/lesspipe %s'), ('CONDA_PROMPT_MODIFIER', '(base)'), ('LANGUAGE', 'en_IL:en'), ('USER', 'rgo'), ('SSH_AGENT_PID', '1548'), ('XDG_SESSION_TYPE', 'x11'), ('GIT_ASKPASS', '/usr/share/code/resources/app/extensions/git/dist/askpass.sh'), ('SHLVL', '1'), ('LD_LIBRARY_PATH', '/opt/ros/foxy/opt/yaml_cpp_vendor/lib:/opt/ros/foxy/opt/rviz_ogre_vendor/lib:/opt/ros/foxy/lib/x86_64-linux-gnu:/opt/ros/foxy/lib'), ('HOME', '/home/rgo'), ('CHROME_DESKTOP', 'code-url-handler.desktop'), ('CONDA_SHLVL', '1'), ('OLDPWD', '/home/rgo/ros2/capra/src/rgo_ros2_pkg'), ('TERM_PROGRAM_VERSION', '1.58.2'), ('DESKTOP_SESSION', 'ubuntu'), ('GIO_LAUNCHED_DESKTOP_FILE', '/usr/share/applications/code.desktop'), ('ROS_PYTHON_VERSION', '3'), ('GNOME_SHELL_SESSION_MODE', 'ubuntu'), ('GTK_MODULES', 'gail:atk-bridge'), ('VSCODE_GIT_ASKPASS_MAIN', '/usr/share/code/resources/app/extensions/git/dist/askpass-main.js'), ('VSCODE_GIT_ASKPASS_NODE', '/usr/share/code/code'), ('MANAGERPID', '1136'), ('DBUS_SESSION_BUS_ADDRESS', 'unix:path=/run/user/1000/bus'), ('COLORTERM', 'truecolor'), ('_CE_M', ''), ('GIO_LAUNCHED_DESKTOP_FILE_PID', '587251'), ('MANDATORY_PATH', '/usr/share/gconf/ubuntu.mandatory.path'), ('IM_CONFIG_PHASE', '1'), ('COLCON_PREFIX_PATH', '/home/rgo/ros2/capra/src/rgo_ros2_pkg/install'), ('ROS_DISTRO', 'foxy'), ('LOGNAME', 'rgo'), ('JOURNAL_STREAM', '8:41411'), ('_', '/usr/bin/colcon'), ('ROS_VERSION', '2'), ('XDG_SESSION_CLASS', 'user'), ('DEFAULTS_PATH', '/usr/share/gconf/ubuntu.default.path'), ('USERNAME', 'rgo'), ('TERM', 'xterm-256color'), ('GNOME_DESKTOP_SESSION_ID', 'this-is-deprecated'), ('_CE_CONDA', ''), ('ROS_LOCALHOST_ONLY', '0'), ('WINDOWPATH', '2'), ('PATH', '/home/rgo/.local/bin:/home/rgo/miniconda3/bin:/home/rgo/miniconda3/condabin:/opt/ros/foxy/bin:/home/rgo/.local/bin:/usr/local/sbin:/usr/local/bin:/usr/sbin:/usr/bin:/sbin:/bin:/usr/games:/usr/local/games:/snap/bin'), ('SESSION_MANAGER', 'local/rgo-ZenBook-UX450FDX-UX480FD:@/tmp/.ICE-unix/1683,unix/rgo-ZenBook-UX450FDX-UX480FD:/tmp/.ICE-unix/1683'), ('INVOCATION_ID', '764054fc1ce04582accd72971f8b0e2d'), ('XDG_MENU_PREFIX', 'gnome-'), ('XDG_RUNTIME_DIR', '/run/user/1000'), ('GDK_BACKEND', 'x11'), ('DISPLAY', ':0'), ('LANG', 'en_GB.UTF-8'), ('XDG_CURRENT_DESKTOP', 'Unity'), ('XMODIFIERS', '@im=ibus'), ('XDG_SESSION_DESKTOP', 'ubuntu'), ('XAUTHORITY', '/run/user/1000/gdm/Xauthority'), ('LS_COLORS', 'rs=0:di=01;34:ln=01;36:mh=00:pi=40;33:so=01;35:do=01;35:bd=40;33;01:cd=40;33;01:or=40;31;01:mi=00:su=37;41:sg=30;43:ca=30;41:tw=30;42:ow=34;42:st=37;44:ex=01;32:*.tar=01;31:*.tgz=01;31:*.arc=01;31:*.arj=01;31:*.taz=01;31:*.lha=01;31:*.lz4=01;31:*.lzh=01;31:*.lzma=01;31:*.tlz=01;31:*.txz=01;31:*.tzo=01;31:*.t7z=01;31:*.zip=01;31:*.z=01;31:*.dz=01;31:*.gz=01;31:*.lrz=01;31:*.lz=01;31:*.lzo=01;31:*.xz=01;31:*.zst=01;31:*.tzst=01;31:*.bz2=01;31:*.bz=01;31:*.tbz=01;31:*.tbz2=01;31:*.tz=01;31:*.deb=01;31:*.rpm=01;31:*.jar=01;31:*.war=01;31:*.ear=01;31:*.sar=01;31:*.rar=01;31:*.alz=01;31:*.ace=01;31:*.zoo=01;31:*.cpio=01;31:*.7z=01;31:*.rz=01;31:*.cab=01;31:*.wim=01;31:*.swm=01;31:*.dwm=01;31:*.esd=01;31:*.jpg=01;35:*.jpeg=01;35:*.mjpg=01;35:*.mjpeg=01;35:*.gif=01;35:*.bmp=01;35:*.pbm=01;35:*.pgm=01;35:*.ppm=01;35:*.tga=01;35:*.xbm=01;35:*.xpm=01;35:*.tif=01;35:*.tiff=01;35:*.png=01;35:*.svg=01;35:*.svgz=01;35:*.mng=01;35:*.pcx=01;35:*.mov=01;35:*.mpg=01;35:*.mpeg=01;35:*.m2v=01;35:*.mkv=01;35:*.webm=01;35:*.ogm=01;35:*.mp4=01;35:*.m4v=01;35:*.mp4v=01;35:*.vob=01;35:*.qt=01;35:*.nuv=01;35:*.wmv=01;35:*.asf=01;35:*.rm=01;35:*.rmvb=01;35:*.flc=01;35:*.avi=01;35:*.fli=01;35:*.flv=01;35:*.gl=01;35:*.dl=01;35:*.xcf=01;35:*.xwd=01;35:*.yuv=01;35:*.cgm=01;35:*.emf=01;35:*.ogv=01;35:*.ogx=01;35:*.aac=00;36:*.au=00;36:*.flac=00;36:*.m4a=00;36:*.mid=00;36:*.midi=00;36:*.mka=00;36:*.mp3=00;36:*.mpc=00;36:*.ogg=00;36:*.ra=00;36:*.wav=00;36:*.oga=00;36:*.opus=00;36:*.spx=00;36:*.xspf=00;36:'), ('VSCODE_GIT_IPC_HANDLE', '/run/user/1000/vscode-git-a968d0e22a.sock'), ('TERM_PROGRAM', 'vscode'), ('SSH_AUTH_SOCK', '/run/user/1000/keyring/ssh'), ('AMENT_PREFIX_PATH', '/home/rgo/ros2/capra/src/rgo_ros2_pkg/install/rgo_ros2_pkg:/opt/ros/foxy'), ('CONDA_PYTHON_EXE', '/home/rgo/miniconda3/bin/python'), ('ORIGINAL_XDG_CURRENT_DESKTOP', 'ubuntu:GNOME'), ('SHELL', '/bin/bash'), ('QT_ACCESSIBILITY', '1'), ('GDMSESSION', 'ubuntu'), ('LESSCLOSE', '/usr/bin/lesspipe %s %s'), ('CONDA_DEFAULT_ENV', 'base'), ('GPG_AGENT_INFO', '/run/user/1000/gnupg/S.gpg-agent:0:1'), ('GJS_DEBUG_OUTPUT', 'stderr'), ('QT_IM_MODULE', 'ibus'), ('PWD', '/home/rgo/ros2/capra/src/build/rgo_ros2_pkg'), ('XDG_CONFIG_DIRS', '/etc/xdg/xdg-ubuntu:/etc/xdg'), ('CONDA_EXE', '/home/rgo/miniconda3/bin/conda'), ('XDG_DATA_DIRS', '/usr/share/ubuntu:/usr/local/share/:/usr/share/:/var/lib/snapd/desktop'), ('PYTHONPATH', '/opt/ros/foxy/lib/python3.8/site-packages'), ('BREAKPAD_DUMP_LOCATION', '/home/rgo/.config/Code/exthost Crash Reports'), ('CONDA_PREFIX', '/home/rgo/miniconda3'), ('COLCON', '1'), ('CMAKE_PREFIX_PATH', '/home/rgo/ros2/capra/src/rgo_ros2_pkg/install/rgo_ros2_pkg:/opt/ros/foxy')]), 'shell': False}
[0.030008] (robot_sim_ros2_pkg) JobProgress: {'identifier': 'robot_sim_ros2_pkg', 'progress': 'cmake'}
[0.030892] (robot_sim_ros2_pkg) JobProgress: {'identifier': 'robot_sim_ros2_pkg', 'progress': 'build'}
[0.031537] (robot_sim_ros2_pkg) Command: {'cmd': ['/usr/bin/cmake', '--build', '/home/rgo/ros2/capra/src/build/robot_sim_ros2_pkg', '--', '-j8', '-l8'], 'cwd': '/home/rgo/ros2/capra/src/build/robot_sim_ros2_pkg', 'env': OrderedDict([('GJS_DEBUG_TOPICS', 'JS ERROR;JS LOG'), ('LESSOPEN', '| /usr/bin/lesspipe %s'), ('CONDA_PROMPT_MODIFIER', '(base)'), ('LANGUAGE', 'en_IL:en'), ('USER', 'rgo'), ('SSH_AGENT_PID', '1548'), ('XDG_SESSION_TYPE', 'x11'), ('GIT_ASKPASS', '/usr/share/code/resources/app/extensions/git/dist/askpass.sh'), ('SHLVL', '1'), ('LD_LIBRARY_PATH', '/opt/ros/foxy/opt/yaml_cpp_vendor/lib:/opt/ros/foxy/opt/rviz_ogre_vendor/lib:/opt/ros/foxy/lib/x86_64-linux-gnu:/opt/ros/foxy/lib'), ('HOME', '/home/rgo'), ('CHROME_DESKTOP', 'code-url-handler.desktop'), ('CONDA_SHLVL', '1'), ('OLDPWD', '/home/rgo/ros2/capra/src/rgo_ros2_pkg'), ('TERM_PROGRAM_VERSION', '1.58.2'), ('DESKTOP_SESSION', 'ubuntu'), ('GIO_LAUNCHED_DESKTOP_FILE', '/usr/share/applications/code.desktop'), ('ROS_PYTHON_VERSION', '3'), ('GNOME_SHELL_SESSION_MODE', 'ubuntu'), ('GTK_MODULES', 'gail:atk-bridge'), ('VSCODE_GIT_ASKPASS_MAIN', '/usr/share/code/resources/app/extensions/git/dist/askpass-main.js'), ('VSCODE_GIT_ASKPASS_NODE', '/usr/share/code/code'), ('MANAGERPID', '1136'), ('DBUS_SESSION_BUS_ADDRESS', 'unix:path=/run/user/1000/bus'), ('COLORTERM', 'truecolor'), ('_CE_M', ''), ('GIO_LAUNCHED_DESKTOP_FILE_PID', '587251'), ('MANDATORY_PATH', '/usr/share/gconf/ubuntu.mandatory.path'), ('IM_CONFIG_PHASE', '1'), ('COLCON_PREFIX_PATH', '/home/rgo/ros2/capra/src/rgo_ros2_pkg/install'), ('ROS_DISTRO', 'foxy'), ('LOGNAME', 'rgo'), ('JOURNAL_STREAM', '8:41411'), ('_', '/usr/bin/colcon'), ('ROS_VERSION', '2'), ('XDG_SESSION_CLASS', 'user'), ('DEFAULTS_PATH', '/usr/share/gconf/ubuntu.default.path'), ('USERNAME', 'rgo'), ('TERM', 'xterm-256color'), ('GNOME_DESKTOP_SESSION_ID', 'this-is-deprecated'), ('_CE_CONDA', ''), ('ROS_LOCALHOST_ONLY', '0'), ('WINDOWPATH', '2'), ('PATH', '/home/rgo/.local/bin:/home/rgo/miniconda3/bin:/home/rgo/miniconda3/condabin:/opt/ros/foxy/bin:/home/rgo/.local/bin:/usr/local/sbin:/usr/local/bin:/usr/sbin:/usr/bin:/sbin:/bin:/usr/games:/usr/local/games:/snap/bin'), ('SESSION_MANAGER', 'local/rgo-ZenBook-UX450FDX-UX480FD:@/tmp/.ICE-unix/1683,unix/rgo-ZenBook-UX450FDX-UX480FD:/tmp/.ICE-unix/1683'), ('INVOCATION_ID', '764054fc1ce04582accd72971f8b0e2d'), ('XDG_MENU_PREFIX', 'gnome-'), ('XDG_RUNTIME_DIR', '/run/user/1000'), ('GDK_BACKEND', 'x11'), ('DISPLAY', ':0'), ('LANG', 'en_GB.UTF-8'), ('XDG_CURRENT_DESKTOP', 'Unity'), ('XMODIFIERS', '@im=ibus'), ('XDG_SESSION_DESKTOP', 'ubuntu'), ('XAUTHORITY', '/run/user/1000/gdm/Xauthority'), ('LS_COLORS', 'rs=0:di=01;34:ln=01;36:mh=00:pi=40;33:so=01;35:do=01;35:bd=40;33;01:cd=40;33;01:or=40;31;01:mi=00:su=37;41:sg=30;43:ca=30;41:tw=30;42:ow=34;42:st=37;44:ex=01;32:*.tar=01;31:*.tgz=01;31:*.arc=01;31:*.arj=01;31:*.taz=01;31:*.lha=01;31:*.lz4=01;31:*.lzh=01;31:*.lzma=01;31:*.tlz=01;31:*.txz=01;31:*.tzo=01;31:*.t7z=01;31:*.zip=01;31:*.z=01;31:*.dz=01;31:*.gz=01;31:*.lrz=01;31:*.lz=01;31:*.lzo=01;31:*.xz=01;31:*.zst=01;31:*.tzst=01;31:*.bz2=01;31:*.bz=01;31:*.tbz=01;31:*.tbz2=01;31:*.tz=01;31:*.deb=01;31:*.rpm=01;31:*.jar=01;31:*.war=01;31:*.ear=01;31:*.sar=01;31:*.rar=01;31:*.alz=01;31:*.ace=01;31:*.zoo=01;31:*.cpio=01;31:*.7z=01;31:*.rz=01;31:*.cab=01;31:*.wim=01;31:*.swm=01;31:*.dwm=01;31:*.esd=01;31:*.jpg=01;35:*.jpeg=01;35:*.mjpg=01;35:*.mjpeg=01;35:*.gif=01;35:*.bmp=01;35:*.pbm=01;35:*.pgm=01;35:*.ppm=01;35:*.tga=01;35:*.xbm=01;35:*.xpm=01;35:*.tif=01;35:*.tiff=01;35:*.png=01;35:*.svg=01;35:*.svgz=01;35:*.mng=01;35:*.pcx=01;35:*.mov=01;35:*.mpg=01;35:*.mpeg=01;35:*.m2v=01;35:*.mkv=01;35:*.webm=01;35:*.ogm=01;35:*.mp4=01;35:*.m4v=01;35:*.mp4v=01;35:*.vob=01;35:*.qt=01;35:*.nuv=01;35:*.wmv=01;35:*.asf=01;35:*.rm=01;35:*.rmvb=01;35:*.flc=01;35:*.avi=01;35:*.fli=01;35:*.flv=01;35:*.gl=01;35:*.dl=01;35:*.xcf=01;35:*.xwd=01;35:*.yuv=01;35:*.cgm=01;35:*.emf=01;35:*.ogv=01;35:*.ogx=01;35:*.aac=00;36:*.au=00;36:*.flac=00;36:*.m4a=00;36:*.mid=00;36:*.midi=00;36:*.mka=00;36:*.mp3=00;36:*.mpc=00;36:*.ogg=00;36:*.ra=00;36:*.wav=00;36:*.oga=00;36:*.opus=00;36:*.spx=00;36:*.xspf=00;36:'), ('VSCODE_GIT_IPC_HANDLE', '/run/user/1000/vscode-git-a968d0e22a.sock'), ('TERM_PROGRAM', 'vscode'), ('SSH_AUTH_SOCK', '/run/user/1000/keyring/ssh'), ('AMENT_PREFIX_PATH', '/home/rgo/ros2/capra/src/rgo_ros2_pkg/install/rgo_ros2_pkg:/opt/ros/foxy'), ('CONDA_PYTHON_EXE', '/home/rgo/miniconda3/bin/python'), ('ORIGINAL_XDG_CURRENT_DESKTOP', 'ubuntu:GNOME'), ('SHELL', '/bin/bash'), ('QT_ACCESSIBILITY', '1'), ('GDMSESSION', 'ubuntu'), ('LESSCLOSE', '/usr/bin/lesspipe %s %s'), ('CONDA_DEFAULT_ENV', 'base'), ('GPG_AGENT_INFO', '/run/user/1000/gnupg/S.gpg-agent:0:1'), ('GJS_DEBUG_OUTPUT', 'stderr'), ('QT_IM_MODULE', 'ibus'), ('PWD', '/home/rgo/ros2/capra/src/build/robot_sim_ros2_pkg'), ('XDG_CONFIG_DIRS', '/etc/xdg/xdg-ubuntu:/etc/xdg'), ('CONDA_EXE', '/home/rgo/miniconda3/bin/conda'), ('XDG_DATA_DIRS', '/usr/share/ubuntu:/usr/local/share/:/usr/share/:/var/lib/snapd/desktop'), ('PYTHONPATH', '/opt/ros/foxy/lib/python3.8/site-packages'), ('BREAKPAD_DUMP_LOCATION', '/home/rgo/.config/Code/exthost Crash Reports'), ('CONDA_PREFIX', '/home/rgo/miniconda3'), ('COLCON', '1'), ('CMAKE_PREFIX_PATH', '/home/rgo/ros2/capra/src/rgo_ros2_pkg/install/rgo_ros2_pkg:/opt/ros/foxy')]), 'shell': False}
[0.054710] (robot_sim_ros2_pkg) StdoutLine: {'line': b'-- Found ament_cmake: 0.9.9 (/opt/ros/foxy/share/ament_cmake/cmake)\n'}
[0.062870] (rgo_ros2_pkg) StdoutLine: {'line': b'\x1b[35m\x1b[1mScanning dependencies of target rgo_ros2_node\x1b[0m\n'}
[0.074286] (robot_sim_ros2_pkg) StdoutLine: {'line': b'-- Using PYTHON_EXECUTABLE: /home/rgo/miniconda3/bin/python3\n'}
[0.086851] (rgo_ros2_pkg) StdoutLine: {'line': b'[ 50%] \x1b[32mBuilding CXX object CMakeFiles/rgo_ros2_node.dir/src/rgo_ros2_node.cpp.o\x1b[0m\n'}
[0.099667] (-) TimerEvent: {}
[0.187875] (robot_sim_ros2_pkg) StdoutLine: {'line': b'-- Found rclcpp: 2.4.1 (/opt/ros/foxy/share/rclcpp/cmake)\n'}
[0.199763] (-) TimerEvent: {}
[0.217673] (robot_sim_ros2_pkg) StdoutLine: {'line': b'-- Using all available rosidl_typesupport_c: rosidl_typesupport_fastrtps_c;rosidl_typesupport_introspection_c\n'}
[0.220807] (robot_sim_ros2_pkg) StdoutLine: {'line': b'-- Found rosidl_adapter: 1.2.1 (/opt/ros/foxy/share/rosidl_adapter/cmake)\n'}
[0.299876] (-) TimerEvent: {}
[0.331207] (robot_sim_ros2_pkg) StdoutLine: {'line': b'-- Using all available rosidl_typesupport_cpp: rosidl_typesupport_fastrtps_cpp;rosidl_typesupport_introspection_cpp\n'}
[0.373882] (robot_sim_ros2_pkg) StdoutLine: {'line': b'-- Found rmw_implementation_cmake: 1.0.3 (/opt/ros/foxy/share/rmw_implementation_cmake/cmake)\n'}
[0.375224] (robot_sim_ros2_pkg) StdoutLine: {'line': b"-- Using RMW implementation 'rmw_fastrtps_cpp' as default\n"}
[0.399965] (-) TimerEvent: {}
[0.498950] (robot_sim_ros2_pkg) StdoutLine: {'line': b'-- Found geometry_msgs: 2.0.5 (/opt/ros/foxy/share/geometry_msgs/cmake)\n'}
[0.500036] (-) TimerEvent: {}
[0.530194] (robot_sim_ros2_pkg) StdoutLine: {'line': b'-- Found nav_msgs: 2.0.5 (/opt/ros/foxy/share/nav_msgs/cmake)\n'}
[0.597442] (robot_sim_ros2_pkg) StdoutLine: {'line': b'-- Found ament_lint_auto: 0.9.6 (/opt/ros/foxy/share/ament_lint_auto/cmake)\n'}
[0.600128] (-) TimerEvent: {}
[0.652545] (robot_sim_ros2_pkg) StdoutLine: {'line': b"-- Added test 'copyright' to check source files copyright and LICENSE\n"}
[0.653198] (robot_sim_ros2_pkg) StdoutLine: {'line': b"-- Added test 'cppcheck' to perform static code analysis on C / C++ code\n"}
[0.653358] (robot_sim_ros2_pkg) StdoutLine: {'line': b'-- Configured cppcheck include dirs: \n'}
[0.653474] (robot_sim_ros2_pkg) StdoutLine: {'line': b'-- Configured cppcheck exclude dirs and/or files: \n'}
[0.653843] (robot_sim_ros2_pkg) StdoutLine: {'line': b"-- Added test 'cpplint' to check C / C++ code against the Google style\n"}
[0.653990] (robot_sim_ros2_pkg) StdoutLine: {'line': b'-- Configured cpplint exclude dirs and/or files: \n'}
[0.654345] (robot_sim_ros2_pkg) StdoutLine: {'line': b"-- Added test 'lint_cmake' to check CMake code style\n"}
[0.655050] (robot_sim_ros2_pkg) StdoutLine: {'line': b"-- Added test 'uncrustify' to check C / C++ code style\n"}
[0.655172] (robot_sim_ros2_pkg) StdoutLine: {'line': b'-- Configured uncrustify additional arguments: \n'}
[0.655318] (robot_sim_ros2_pkg) StdoutLine: {'line': b"-- Added test 'xmllint' to check XML markup files\n"}
[0.657386] (robot_sim_ros2_pkg) StdoutLine: {'line': b'-- Configuring done\n'}
[0.664981] (robot_sim_ros2_pkg) StdoutLine: {'line': b'-- Generating done\n'}
[0.666273] (robot_sim_ros2_pkg) StdoutLine: {'line': b'-- Build files have been written to: /home/rgo/ros2/capra/src/build/robot_sim_ros2_pkg\n'}
[0.688406] (robot_sim_ros2_pkg) StdoutLine: {'line': b'\x1b[35m\x1b[1mScanning dependencies of target robot_sim_ros2_node\x1b[0m\n'}
[0.700244] (-) TimerEvent: {}
[0.713659] (robot_sim_ros2_pkg) StdoutLine: {'line': b'[ 50%] \x1b[32mBuilding CXX object CMakeFiles/robot_sim_ros2_node.dir/src/robot_sim_ros2_node.cpp.o\x1b[0m\n'}
[0.800336] (-) TimerEvent: {}
[0.900595] (-) TimerEvent: {}
[1.000883] (-) TimerEvent: {}
[1.101172] (-) TimerEvent: {}
[1.201481] (-) TimerEvent: {}
[1.301767] (-) TimerEvent: {}
[1.402087] (-) TimerEvent: {}
[1.502376] (-) TimerEvent: {}
[1.602641] (-) TimerEvent: {}
[1.702877] (-) TimerEvent: {}
[1.769095] (robot_sim_ros2_pkg) StderrLine: {'line': b'\x1b[01m\x1b[K/home/rgo/ros2/capra/src/robot_sim_ros2_pkg/src/robot_sim_ros2_node.cpp:38:23:\x1b[m\x1b[K \x1b[01;31m\x1b[Kerror: \x1b[m\x1b[K\xe2\x80\x98\x1b[01m\x1b[Knav_msgs\x1b[m\x1b[K\xe2\x80\x99 was not declared in this scope\n'}
[1.769287] (robot_sim_ros2_pkg) StderrLine: {'line': b'   38 |     rclcpp::Publisher<\x1b[01;31m\x1b[Knav_msgs\x1b[m\x1b[K::msg::Odometry>::SharedPtr odometry_publisher_;\n'}
[1.769370] (robot_sim_ros2_pkg) StderrLine: {'line': b'      |                       \x1b[01;31m\x1b[K^~~~~~~~\x1b[m\x1b[K\n'}
[1.769447] (robot_sim_ros2_pkg) StderrLine: {'line': b'\x1b[01m\x1b[K/home/rgo/ros2/capra/src/robot_sim_ros2_pkg/src/robot_sim_ros2_node.cpp:38:46:\x1b[m\x1b[K \x1b[01;31m\x1b[Kerror: \x1b[m\x1b[Ktemplate argument 1 is invalid\n'}
[1.769521] (robot_sim_ros2_pkg) StderrLine: {'line': b'   38 |     rclcpp::Publisher<nav_msgs::msg::Odometry\x1b[01;31m\x1b[K>\x1b[m\x1b[K::SharedPtr odometry_publisher_;\n'}
[1.769593] (robot_sim_ros2_pkg) StderrLine: {'line': b'      |                                              \x1b[01;31m\x1b[K^\x1b[m\x1b[K\n'}
[1.769657] (robot_sim_ros2_pkg) StderrLine: {'line': b'\x1b[01m\x1b[K/home/rgo/ros2/capra/src/robot_sim_ros2_pkg/src/robot_sim_ros2_node.cpp:38:49:\x1b[m\x1b[K \x1b[01;31m\x1b[Kerror: \x1b[m\x1b[Kexpected \xe2\x80\x98\x1b[01m\x1b[K;\x1b[m\x1b[K\xe2\x80\x99 at end of member declaration\n'}
[1.769720] (robot_sim_ros2_pkg) StderrLine: {'line': b'   38 |     rclcpp::Publisher<nav_msgs::msg::Odometry>::\x1b[01;31m\x1b[KSharedPtr\x1b[m\x1b[K odometry_publisher_;\n'}
[1.769782] (robot_sim_ros2_pkg) StderrLine: {'line': b'      |                                                 \x1b[01;31m\x1b[K^~~~~~~~~\x1b[m\x1b[K\n'}
[1.769845] (robot_sim_ros2_pkg) StderrLine: {'line': b'      |                                                          \x1b[32m\x1b[K;\x1b[m\x1b[K\n'}
[1.772351] (robot_sim_ros2_pkg) StderrLine: {'line': b'\x1b[01m\x1b[K/home/rgo/ros2/capra/src/robot_sim_ros2_pkg/src/robot_sim_ros2_node.cpp:38:59:\x1b[m\x1b[K \x1b[01;31m\x1b[Kerror: \x1b[m\x1b[K\xe2\x80\x98\x1b[01m\x1b[Kodometry_publisher_\x1b[m\x1b[K\xe2\x80\x99 does not name a type\n'}
[1.772511] (robot_sim_ros2_pkg) StderrLine: {'line': b'   38 |     rclcpp::Publisher<nav_msgs::msg::Odometry>::SharedPtr \x1b[01;31m\x1b[Kodometry_publisher_\x1b[m\x1b[K;\n'}
[1.772607] (robot_sim_ros2_pkg) StderrLine: {'line': b'      |                                                           \x1b[01;31m\x1b[K^~~~~~~~~~~~~~~~~~~\x1b[m\x1b[K\n'}
[1.798704] (robot_sim_ros2_pkg) StderrLine: {'line': b'\x1b[01m\x1b[K/home/rgo/ros2/capra/src/robot_sim_ros2_pkg/src/robot_sim_ros2_node.cpp:\x1b[m\x1b[K In constructor \xe2\x80\x98\x1b[01m\x1b[KRobotSimRos2Node::RobotSimRos2Node()\x1b[m\x1b[K\xe2\x80\x99:\n'}
[1.798883] (robot_sim_ros2_pkg) StderrLine: {'line': b'\x1b[01m\x1b[K/home/rgo/ros2/capra/src/robot_sim_ros2_pkg/src/robot_sim_ros2_node.cpp:29:7:\x1b[m\x1b[K \x1b[01;31m\x1b[Kerror: \x1b[m\x1b[K\xe2\x80\x98\x1b[01m\x1b[Kodometry_publisher_\x1b[m\x1b[K\xe2\x80\x99 was not declared in this scope; did you mean \xe2\x80\x98\x1b[01m\x1b[Kcount_publishers\x1b[m\x1b[K\xe2\x80\x99?\n'}
[1.798983] (robot_sim_ros2_pkg) StderrLine: {'line': b'   29 |       \x1b[01;31m\x1b[Kodometry_publisher_\x1b[m\x1b[K = this->create_publisher<nav_msgs::msg::Odometry>("robot_sim_odometry", 1);\n'}
[1.799065] (robot_sim_ros2_pkg) StderrLine: {'line': b'      |       \x1b[01;31m\x1b[K^~~~~~~~~~~~~~~~~~~\x1b[m\x1b[K\n'}
[1.799145] (robot_sim_ros2_pkg) StderrLine: {'line': b'      |       \x1b[32m\x1b[Kcount_publishers\x1b[m\x1b[K\n'}
[1.800597] (robot_sim_ros2_pkg) StderrLine: {'line': b'\x1b[01m\x1b[K/home/rgo/ros2/capra/src/robot_sim_ros2_pkg/src/robot_sim_ros2_node.cpp:29:52:\x1b[m\x1b[K \x1b[01;31m\x1b[Kerror: \x1b[m\x1b[K\xe2\x80\x98\x1b[01m\x1b[Knav_msgs\x1b[m\x1b[K\xe2\x80\x99 was not declared in this scope\n'}
[1.800955] (robot_sim_ros2_pkg) StderrLine: {'line': b'   29 |       odometry_publisher_ = this->create_publisher<\x1b[01;31m\x1b[Knav_msgs\x1b[m\x1b[K::msg::Odometry>("robot_sim_odometry", 1);\n'}
[1.801087] (robot_sim_ros2_pkg) StderrLine: {'line': b'      |                                                    \x1b[01;31m\x1b[K^~~~~~~~\x1b[m\x1b[K\n'}
[1.801193] (robot_sim_ros2_pkg) StderrLine: {'line': b'\x1b[01m\x1b[K/home/rgo/ros2/capra/src/robot_sim_ros2_pkg/src/robot_sim_ros2_node.cpp:29:35:\x1b[m\x1b[K \x1b[01;31m\x1b[Kerror: \x1b[m\x1b[Kparse error in template argument list\n'}
[1.801294] (robot_sim_ros2_pkg) StderrLine: {'line': b'   29 |       odometry_publisher_ = this->\x1b[01;31m\x1b[Kcreate_publisher<nav_msgs::msg::Odometry>\x1b[m\x1b[K("robot_sim_odometry", 1);\n'}
[1.801391] (robot_sim_ros2_pkg) StderrLine: {'line': b'      |                                   \x1b[01;31m\x1b[K^~~~~~~~~~~~~~~~~~~~~~~~~~~~~~~~~~~~~~~~~\x1b[m\x1b[K\n'}
[1.801489] (robot_sim_ros2_pkg) StderrLine: {'line': b'\x1b[01m\x1b[K/home/rgo/ros2/capra/src/robot_sim_ros2_pkg/src/robot_sim_ros2_node.cpp:29:100:\x1b[m\x1b[K \x1b[01;31m\x1b[Kerror: \x1b[m\x1b[Kno matching function for call to \xe2\x80\x98\x1b[01m\x1b[KRobotSimRos2Node::create_publisher<<expression error> >(const char [19], int)\x1b[m\x1b[K\xe2\x80\x99\n'}
[1.801597] (robot_sim_ros2_pkg) StderrLine: {'line': b'   29 |       odometry_publisher_ = this->create_publisher<nav_msgs::msg::Odometry>("robot_sim_odometry", 1\x1b[01;31m\x1b[K)\x1b[m\x1b[K;\n'}
[1.801693] (robot_sim_ros2_pkg) StderrLine: {'line': b'      |                                                                                                    \x1b[01;31m\x1b[K^\x1b[m\x1b[K\n'}
[1.801786] (robot_sim_ros2_pkg) StderrLine: {'line': b'In file included from \x1b[01m\x1b[K/opt/ros/foxy/include/rclcpp/node.hpp:1224\x1b[m\x1b[K,\n'}
[1.801879] (robot_sim_ros2_pkg) StderrLine: {'line': b'                 from \x1b[01m\x1b[K/opt/ros/foxy/include/rclcpp/executors/single_threaded_executor.hpp:28\x1b[m\x1b[K,\n'}
[1.801974] (robot_sim_ros2_pkg) StderrLine: {'line': b'                 from \x1b[01m\x1b[K/opt/ros/foxy/include/rclcpp/executors.hpp:22\x1b[m\x1b[K,\n'}
[1.802071] (robot_sim_ros2_pkg) StderrLine: {'line': b'                 from \x1b[01m\x1b[K/opt/ros/foxy/include/rclcpp/rclcpp.hpp:146\x1b[m\x1b[K,\n'}
[1.802167] (robot_sim_ros2_pkg) StderrLine: {'line': b'                 from \x1b[01m\x1b[K/home/rgo/ros2/capra/src/robot_sim_ros2_pkg/src/robot_sim_ros2_node.cpp:6\x1b[m\x1b[K:\n'}
[1.802267] (robot_sim_ros2_pkg) StderrLine: {'line': b'\x1b[01m\x1b[K/opt/ros/foxy/include/rclcpp/node_impl.hpp:71:1:\x1b[m\x1b[K \x1b[01;36m\x1b[Knote: \x1b[m\x1b[Kcandidate: \xe2\x80\x98\x1b[01m\x1b[Ktemplate<class MessageT, class AllocatorT, class PublisherT> std::shared_ptr<PublisherT> rclcpp::Node::create_publisher(const string&, const rclcpp::QoS&, const rclcpp::PublisherOptionsWithAllocator<AllocatorT>&)\x1b[m\x1b[K\xe2\x80\x99\n'}
[1.802390] (robot_sim_ros2_pkg) StderrLine: {'line': b'   71 | \x1b[01;36m\x1b[KNode\x1b[m\x1b[K::create_publisher(\n'}
[1.802488] (robot_sim_ros2_pkg) StderrLine: {'line': b'      | \x1b[01;36m\x1b[K^~~~\x1b[m\x1b[K\n'}
[1.802584] (robot_sim_ros2_pkg) StderrLine: {'line': b'\x1b[01m\x1b[K/opt/ros/foxy/include/rclcpp/node_impl.hpp:71:1:\x1b[m\x1b[K \x1b[01;36m\x1b[Knote: \x1b[m\x1b[K  template argument deduction/substitution failed:\n'}
[1.802683] (robot_sim_ros2_pkg) StderrLine: {'line': b'\x1b[01m\x1b[K/home/rgo/ros2/capra/src/robot_sim_ros2_pkg/src/robot_sim_ros2_node.cpp:29:100:\x1b[m\x1b[K \x1b[01;31m\x1b[Kerror: \x1b[m\x1b[Ktemplate argument 1 is invalid\n'}
[1.802780] (robot_sim_ros2_pkg) StderrLine: {'line': b'   29 |       odometry_publisher_ = this->create_publisher<nav_msgs::msg::Odometry>("robot_sim_odometry", 1\x1b[01;31m\x1b[K)\x1b[m\x1b[K;\n'}
[1.802873] (-) TimerEvent: {}
[1.803004] (robot_sim_ros2_pkg) StderrLine: {'line': b'      |                                                                                                    \x1b[01;31m\x1b[K^\x1b[m\x1b[K\n'}
[1.823403] (robot_sim_ros2_pkg) StderrLine: {'line': b'\x1b[01m\x1b[K/home/rgo/ros2/capra/src/robot_sim_ros2_pkg/src/robot_sim_ros2_node.cpp:\x1b[m\x1b[K In member function \xe2\x80\x98\x1b[01m\x1b[Kvoid RobotSimRos2Node::timer_callback()\x1b[m\x1b[K\xe2\x80\x99:\n'}
[1.823650] (robot_sim_ros2_pkg) StderrLine: {'line': b'\x1b[01m\x1b[K/home/rgo/ros2/capra/src/robot_sim_ros2_pkg/src/robot_sim_ros2_node.cpp:65:23:\x1b[m\x1b[K \x1b[01;31m\x1b[Kerror: \x1b[m\x1b[K\xe2\x80\x98\x1b[01m\x1b[Knav_msgs\x1b[m\x1b[K\xe2\x80\x99 has not been declared\n'}
[1.823796] (robot_sim_ros2_pkg) StderrLine: {'line': b'   65 |       auto odom_msg = \x1b[01;31m\x1b[Knav_msgs\x1b[m\x1b[K::msg::Odometry();\n'}
[1.823922] (robot_sim_ros2_pkg) StderrLine: {'line': b'      |                       \x1b[01;31m\x1b[K^~~~~~~~\x1b[m\x1b[K\n'}
[1.827220] (robot_sim_ros2_pkg) StderrLine: {'line': b'\x1b[01m\x1b[K/home/rgo/ros2/capra/src/robot_sim_ros2_pkg/src/robot_sim_ros2_node.cpp:68:7:\x1b[m\x1b[K \x1b[01;31m\x1b[Kerror: \x1b[m\x1b[K\xe2\x80\x98\x1b[01m\x1b[Kodometry_publisher_\x1b[m\x1b[K\xe2\x80\x99 was not declared in this scope; did you mean \xe2\x80\x98\x1b[01m\x1b[Kcount_publishers\x1b[m\x1b[K\xe2\x80\x99?\n'}
[1.827490] (robot_sim_ros2_pkg) StderrLine: {'line': b'   68 |       \x1b[01;31m\x1b[Kodometry_publisher_\x1b[m\x1b[K->publish(odom_msg);\n'}
[1.827631] (robot_sim_ros2_pkg) StderrLine: {'line': b'      |       \x1b[01;31m\x1b[K^~~~~~~~~~~~~~~~~~~\x1b[m\x1b[K\n'}
[1.827765] (robot_sim_ros2_pkg) StderrLine: {'line': b'      |       \x1b[32m\x1b[Kcount_publishers\x1b[m\x1b[K\n'}
[1.902980] (-) TimerEvent: {}
[2.003302] (-) TimerEvent: {}
[2.103663] (-) TimerEvent: {}
[2.203929] (-) TimerEvent: {}
[2.304185] (-) TimerEvent: {}
[2.404448] (-) TimerEvent: {}
[2.504722] (-) TimerEvent: {}
[2.604986] (-) TimerEvent: {}
[2.705244] (-) TimerEvent: {}
[2.805485] (-) TimerEvent: {}
[2.905761] (-) TimerEvent: {}
[3.006021] (-) TimerEvent: {}
[3.106294] (-) TimerEvent: {}
[3.171725] (robot_sim_ros2_pkg) StderrLine: {'line': b'make[2]: *** [CMakeFiles/robot_sim_ros2_node.dir/build.make:63: CMakeFiles/robot_sim_ros2_node.dir/src/robot_sim_ros2_node.cpp.o] Error 1\n'}
[3.172028] (robot_sim_ros2_pkg) StderrLine: {'line': b'make[1]: *** [CMakeFiles/Makefile2:78: CMakeFiles/robot_sim_ros2_node.dir/all] Error 2\n'}
[3.172256] (robot_sim_ros2_pkg) StderrLine: {'line': b'make: *** [Makefile:141: all] Error 2\n'}
[3.173981] (robot_sim_ros2_pkg) CommandEnded: {'returncode': 2}
[3.203695] (robot_sim_ros2_pkg) JobEnded: {'identifier': 'robot_sim_ros2_pkg', 'rc': 2}
[3.206370] (-) TimerEvent: {}
[3.306601] (-) TimerEvent: {}
[3.406846] (-) TimerEvent: {}
[3.507106] (-) TimerEvent: {}
[3.607341] (-) TimerEvent: {}
[3.707675] (-) TimerEvent: {}
[3.807934] (-) TimerEvent: {}
[3.908205] (-) TimerEvent: {}
[4.008464] (-) TimerEvent: {}
[4.108828] (-) TimerEvent: {}
[4.209105] (-) TimerEvent: {}
[4.309422] (-) TimerEvent: {}
[4.409693] (-) TimerEvent: {}
[4.442417] (rgo_ros2_pkg) StdoutLine: {'line': b'[100%] \x1b[32m\x1b[1mLinking CXX executable rgo_ros2_node\x1b[0m\n'}
[4.509797] (-) TimerEvent: {}
[4.610090] (-) TimerEvent: {}
[4.658776] (rgo_ros2_pkg) StdoutLine: {'line': b'[100%] Built target rgo_ros2_node\n'}
[4.667330] (rgo_ros2_pkg) JobEnded: {'identifier': 'rgo_ros2_pkg', 'rc': 'SIGINT'}
[4.677973] (-) EventReactorShutdown: {}
