[0.016s] Invoking command in '/home/rgo/ros2/capra/src/rgo_ros2_pkg/build/rgo_ros2_pkg': CMAKE_PREFIX_PATH=${CMAKE_PREFIX_PATH}:/opt/ros/foxy CONDA_PROMPT_MODIFIER=(base) /usr/bin/cmake --build /home/rgo/ros2/capra/src/rgo_ros2_pkg/build/rgo_ros2_pkg -- -j8 -l8
[0.048s] [35m[1mScanning dependencies of target rgo_ros2_node[0m
[0.069s] [ 50%] [32mBuilding CXX object CMakeFiles/rgo_ros2_node.dir/src/rgo_ros2_node.cpp.o[0m
[1.085s] [01m[K/home/rgo/ros2/capra/src/rgo_ros2_pkg/src/rgo_ros2_node.cpp:30:34:[m[K [01;31m[Kerror: [m[Kâ€˜[01m[Kgeometry_msgs[m[Kâ€™ does not name a type
[1.085s]    30 |     void subscribe_message(const [01;31m[Kgeometry_msgs[m[K::msg::Twist::SharedPtr message) const
[1.085s]       |                                  [01;31m[K^~~~~~~~~~~~~[m[K
[1.085s] [01m[K/home/rgo/ros2/capra/src/rgo_ros2_pkg/src/rgo_ros2_node.cpp:30:52:[m[K [01;31m[Kerror: [m[Kexpected unqualified-id before â€˜[01m[K::[m[Kâ€™ token
[1.085s]    30 |     void subscribe_message(const geometry_msgs::msg[01;31m[K::[m[KTwist::SharedPtr message) const
[1.085s]       |                                                    [01;31m[K^~[m[K
[1.085s] [01m[K/home/rgo/ros2/capra/src/rgo_ros2_pkg/src/rgo_ros2_node.cpp:30:52:[m[K [01;31m[Kerror: [m[Kexpected â€˜[01m[K)[m[Kâ€™ before â€˜[01m[K::[m[Kâ€™ token
[1.085s]    30 |     void subscribe_message[34m[K([m[Kconst geometry_msgs::msg[01;31m[K:[m[K[32m[K:[m[KTwist::SharedPtr message) const
[1.086s]       |                           [34m[K~[m[K                        [01;31m[K^[m[K[32m[K~[m[K
[1.086s]       |                                                    [32m[K)[m[K
[1.086s] [01m[K/home/rgo/ros2/capra/src/rgo_ros2_pkg/src/rgo_ros2_node.cpp:30:49:[m[K [01;31m[Kerror: [m[Kexpected â€˜[01m[K;[m[Kâ€™ at end of member declaration
[1.086s]    30 |     void subscribe_message(const geometry_msgs::[01;31m[Kmsg[m[K::Twist::SharedPtr message) const
[1.086s]       |                                                 [01;31m[K^~~[m[K
[1.086s]       |                                                    [32m[K;[m[K
[1.086s] [01m[K/home/rgo/ros2/capra/src/rgo_ros2_pkg/src/rgo_ros2_node.cpp:30:54:[m[K [01;31m[Kerror: [m[Kâ€˜[01m[KTwist[m[Kâ€™ in namespace â€˜[01m[K::[m[Kâ€™ does not name a type
[1.086s]    30 |     void subscribe_message(const geometry_msgs::msg::[01;31m[KTwist[m[K::SharedPtr message) const
[1.086s]       |                                                      [01;31m[K^~~~~[m[K
[1.088s] [01m[K/home/rgo/ros2/capra/src/rgo_ros2_pkg/src/rgo_ros2_node.cpp:35:26:[m[K [01;31m[Kerror: [m[Kâ€˜[01m[Kgeometry_msgs[m[Kâ€™ was not declared in this scope
[1.088s]    35 |     rclcpp::Subscription<[01;31m[Kgeometry_msgs[m[K::msg::Twist>::SharedPtr subscriber_;
[1.088s]       |                          [01;31m[K^~~~~~~~~~~~~[m[K
[1.088s] [01m[K/home/rgo/ros2/capra/src/rgo_ros2_pkg/src/rgo_ros2_node.cpp:35:51:[m[K [01;31m[Kerror: [m[Ktemplate argument 1 is invalid
[1.088s]    35 |     rclcpp::Subscription<geometry_msgs::msg::Twist[01;31m[K>[m[K::SharedPtr subscriber_;
[1.088s]       |                                                   [01;31m[K^[m[K
[1.088s] [01m[K/home/rgo/ros2/capra/src/rgo_ros2_pkg/src/rgo_ros2_node.cpp:35:51:[m[K [01;31m[Kerror: [m[Ktemplate argument 3 is invalid
[1.088s] [01m[K/home/rgo/ros2/capra/src/rgo_ros2_pkg/src/rgo_ros2_node.cpp:35:54:[m[K [01;31m[Kerror: [m[Kexpected â€˜[01m[K;[m[Kâ€™ at end of member declaration
[1.088s]    35 |     rclcpp::Subscription<geometry_msgs::msg::Twist>::[01;31m[KSharedPtr[m[K subscriber_;
[1.088s]       |                                                      [01;31m[K^~~~~~~~~[m[K
[1.088s]       |                                                               [32m[K;[m[K
[1.090s] [01m[K/home/rgo/ros2/capra/src/rgo_ros2_pkg/src/rgo_ros2_node.cpp:35:64:[m[K [01;31m[Kerror: [m[Kâ€˜[01m[Ksubscriber_[m[Kâ€™ does not name a type
[1.090s]    35 |     rclcpp::Subscription<geometry_msgs::msg::Twist>::SharedPtr [01;31m[Ksubscriber_[m[K;
[1.090s]       |                                                                [01;31m[K^~~~~~~~~~~[m[K
[1.097s] [01m[K/home/rgo/ros2/capra/src/rgo_ros2_pkg/src/rgo_ros2_node.cpp:[m[K In constructor â€˜[01m[KRgoRos2Node::RgoRos2Node()[m[Kâ€™:
[1.097s] [01m[K/home/rgo/ros2/capra/src/rgo_ros2_pkg/src/rgo_ros2_node.cpp:21:7:[m[K [01;31m[Kerror: [m[Kâ€˜[01m[Ksubscriber_[m[Kâ€™ was not declared in this scope
[1.097s]    21 |       [01;31m[Ksubscriber_[m[K = this->create_subscription<geometry_msgs::msg::Twist>("turtle1/cmd_vel", 1, std::bind(&RgoRos2Node::subscribe_message, this, _1));
[1.097s]       |       [01;31m[K^~~~~~~~~~~[m[K
[1.099s] [01m[K/home/rgo/ros2/capra/src/rgo_ros2_pkg/src/rgo_ros2_node.cpp:21:47:[m[K [01;31m[Kerror: [m[Kâ€˜[01m[Kgeometry_msgs[m[Kâ€™ was not declared in this scope
[1.099s]    21 |       subscriber_ = this->create_subscription<[01;31m[Kgeometry_msgs[m[K::msg::Twist>("turtle1/cmd_vel", 1, std::bind(&RgoRos2Node::subscribe_message, this, _1));
[1.099s]       |                                               [01;31m[K^~~~~~~~~~~~~[m[K
[1.100s] [01m[K/home/rgo/ros2/capra/src/rgo_ros2_pkg/src/rgo_ros2_node.cpp:21:27:[m[K [01;31m[Kerror: [m[Kparse error in template argument list
[1.100s]    21 |       subscriber_ = this->[01;31m[Kcreate_subscription<geometry_msgs::msg::Twist>[m[K("turtle1/cmd_vel", 1, std::bind(&RgoRos2Node::subscribe_message, this, _1));
[1.100s]       |                           [01;31m[K^~~~~~~~~~~~~~~~~~~~~~~~~~~~~~~~~~~~~~~~~~~~~~[m[K
[1.100s] [01m[K/home/rgo/ros2/capra/src/rgo_ros2_pkg/src/rgo_ros2_node.cpp:21:145:[m[K [01;31m[Kerror: [m[Kâ€˜[01m[K_1[m[Kâ€™ was not declared in this scope; did you mean â€˜[01m[Kstd::placeholders::_1[m[Kâ€™?
[1.100s]    21 |       subscriber_ = this->create_subscription<geometry_msgs::msg::Twist>("turtle1/cmd_vel", 1, std::bind(&RgoRos2Node::subscribe_message, this, [01;31m[K_1[m[K));
[1.100s]       |                                                                                                                                                 [01;31m[K^~[m[K
[1.100s]       |                                                                                                                                                 [32m[Kstd::placeholders::_1[m[K
[1.100s] In file included from [01m[K/home/rgo/ros2/capra/src/rgo_ros2_pkg/src/rgo_ros2_node.cpp:2[m[K:
[1.100s] [01m[K/usr/include/c++/9/functional:211:34:[m[K [01;36m[Knote: [m[Kâ€˜[01m[Kstd::placeholders::_1[m[Kâ€™ declared here
[1.100s]   211 |     extern const _Placeholder<1> [01;36m[K_1[m[K;
[1.100s]       |                                  [01;36m[K^~[m[K
[1.842s] make[2]: *** [CMakeFiles/rgo_ros2_node.dir/build.make:63: CMakeFiles/rgo_ros2_node.dir/src/rgo_ros2_node.cpp.o] Error 1
[1.842s] make[1]: *** [CMakeFiles/Makefile2:78: CMakeFiles/rgo_ros2_node.dir/all] Error 2
[1.842s] make: *** [Makefile:141: all] Error 2
[1.844s] Invoked command in '/home/rgo/ros2/capra/src/rgo_ros2_pkg/build/rgo_ros2_pkg' returned '2': CMAKE_PREFIX_PATH=${CMAKE_PREFIX_PATH}:/opt/ros/foxy CONDA_PROMPT_MODIFIER=(base) /usr/bin/cmake --build /home/rgo/ros2/capra/src/rgo_ros2_pkg/build/rgo_ros2_pkg -- -j8 -l8
