[01m[K/home/rgo/ros2/capra/src/rgo_ros2_pkg/src/rgo_ros2_node.cpp:35:38:[m[K [01;31m[Kerror: [m[Kâ€˜[01m[KPoseWithCovarianceStamped[m[Kâ€™ is not a member of â€˜[01m[Kgeometry_msgs[m[Kâ€™
   35 |     rclcpp::Publisher<geometry_msgs::[01;31m[KPoseWithCovarianceStamped[m[K>::SharedPtr pos_publisher_;
      |                                      [01;31m[K^~~~~~~~~~~~~~~~~~~~~~~~~[m[K
[01m[K/home/rgo/ros2/capra/src/rgo_ros2_pkg/src/rgo_ros2_node.cpp:35:38:[m[K [01;31m[Kerror: [m[Kâ€˜[01m[KPoseWithCovarianceStamped[m[Kâ€™ is not a member of â€˜[01m[Kgeometry_msgs[m[Kâ€™
[01m[K/home/rgo/ros2/capra/src/rgo_ros2_pkg/src/rgo_ros2_node.cpp:35:63:[m[K [01;31m[Kerror: [m[Ktemplate argument 1 is invalid
   35 |     rclcpp::Publisher<geometry_msgs::PoseWithCovarianceStamped[01;31m[K>[m[K::SharedPtr pos_publisher_;
      |                                                               [01;31m[K^[m[K
[01m[K/home/rgo/ros2/capra/src/rgo_ros2_pkg/src/rgo_ros2_node.cpp:35:66:[m[K [01;31m[Kerror: [m[Kexpected â€˜[01m[K;[m[Kâ€™ at end of member declaration
   35 |     rclcpp::Publisher<geometry_msgs::PoseWithCovarianceStamped>::[01;31m[KSharedPtr[m[K pos_publisher_;
      |                                                                  [01;31m[K^~~~~~~~~[m[K
      |                                                                           [32m[K;[m[K
[01m[K/home/rgo/ros2/capra/src/rgo_ros2_pkg/src/rgo_ros2_node.cpp:35:76:[m[K [01;31m[Kerror: [m[Kâ€˜[01m[Kpos_publisher_[m[Kâ€™ does not name a type; did you mean â€˜[01m[Krcl_publisher_t[m[Kâ€™?
   35 |     rclcpp::Publisher<geometry_msgs::PoseWithCovarianceStamped>::SharedPtr [01;31m[Kpos_publisher_[m[K;
      |                                                                            [01;31m[K^~~~~~~~~~~~~~[m[K
      |                                                                            [32m[Krcl_publisher_t[m[K
[01m[K/home/rgo/ros2/capra/src/rgo_ros2_pkg/src/rgo_ros2_node.cpp:[m[K In constructor â€˜[01m[KRgoRos2Node::RgoRos2Node()[m[Kâ€™:
[01m[K/home/rgo/ros2/capra/src/rgo_ros2_pkg/src/rgo_ros2_node.cpp:27:7:[m[K [01;31m[Kerror: [m[Kâ€˜[01m[Kpos_publisher_[m[Kâ€™ was not declared in this scope; did you mean â€˜[01m[Kpublisher_[m[Kâ€™?
   27 |       [01;31m[Kpos_publisher_[m[K = this->create_publisher<geometry_msgs::PoseWithCovarianceStamped>("rgo_pos_with_cov",1);
      |       [01;31m[K^~~~~~~~~~~~~~[m[K
      |       [32m[Kpublisher_[m[K
[01m[K/home/rgo/ros2/capra/src/rgo_ros2_pkg/src/rgo_ros2_node.cpp:27:62:[m[K [01;31m[Kerror: [m[Kâ€˜[01m[KPoseWithCovarianceStamped[m[Kâ€™ is not a member of â€˜[01m[Kgeometry_msgs[m[Kâ€™
   27 |       pos_publisher_ = this->create_publisher<geometry_msgs::[01;31m[KPoseWithCovarianceStamped[m[K>("rgo_pos_with_cov",1);
      |                                                              [01;31m[K^~~~~~~~~~~~~~~~~~~~~~~~~[m[K
[01m[K/home/rgo/ros2/capra/src/rgo_ros2_pkg/src/rgo_ros2_node.cpp:27:62:[m[K [01;31m[Kerror: [m[Kâ€˜[01m[KPoseWithCovarianceStamped[m[Kâ€™ is not a member of â€˜[01m[Kgeometry_msgs[m[Kâ€™
[01m[K/home/rgo/ros2/capra/src/rgo_ros2_pkg/src/rgo_ros2_node.cpp:27:109:[m[K [01;31m[Kerror: [m[Kno matching function for call to â€˜[01m[KRgoRos2Node::create_publisher<<expression error> >(const char [17], int)[m[Kâ€™
   27 |       pos_publisher_ = this->create_publisher<geometry_msgs::PoseWithCovarianceStamped>("rgo_pos_with_cov",1[01;31m[K)[m[K;
      |                                                                                                             [01;31m[K^[m[K
In file included from [01m[K/opt/ros/foxy/include/rclcpp/node.hpp:1224[m[K,
                 from [01m[K/opt/ros/foxy/include/rclcpp/executors/single_threaded_executor.hpp:28[m[K,
                 from [01m[K/opt/ros/foxy/include/rclcpp/executors.hpp:22[m[K,
                 from [01m[K/opt/ros/foxy/include/rclcpp/rclcpp.hpp:146[m[K,
                 from [01m[K/home/rgo/ros2/capra/src/rgo_ros2_pkg/src/rgo_ros2_node.cpp:6[m[K:
[01m[K/opt/ros/foxy/include/rclcpp/node_impl.hpp:71:1:[m[K [01;36m[Knote: [m[Kcandidate: â€˜[01m[Ktemplate<class MessageT, class AllocatorT, class PublisherT> std::shared_ptr<PublisherT> rclcpp::Node::create_publisher(const string&, const rclcpp::QoS&, const rclcpp::PublisherOptionsWithAllocator<AllocatorT>&)[m[Kâ€™
   71 | [01;36m[KNode[m[K::create_publisher(
      | [01;36m[K^~~~[m[K
[01m[K/opt/ros/foxy/include/rclcpp/node_impl.hpp:71:1:[m[K [01;36m[Knote: [m[K  template argument deduction/substitution failed:
[01m[K/home/rgo/ros2/capra/src/rgo_ros2_pkg/src/rgo_ros2_node.cpp:27:109:[m[K [01;31m[Kerror: [m[Ktemplate argument 1 is invalid
   27 |       pos_publisher_ = this->create_publisher<geometry_msgs::PoseWithCovarianceStamped>("rgo_pos_with_cov",1[01;31m[K)[m[K;
      |                                                                                                             [01;31m[K^[m[K
[01m[K/home/rgo/ros2/capra/src/rgo_ros2_pkg/src/rgo_ros2_node.cpp:[m[K In member function â€˜[01m[Kvoid RgoRos2Node::timer_callback()[m[Kâ€™:
[01m[K/home/rgo/ros2/capra/src/rgo_ros2_pkg/src/rgo_ros2_node.cpp:59:41:[m[K [01;31m[Kerror: [m[Kâ€˜[01m[KPoseWithCovarianceStamped[m[Kâ€™ is not a member of â€˜[01m[Kgeometry_msgs[m[Kâ€™
   59 |       auto pos_message = geometry_msgs::[01;31m[KPoseWithCovarianceStamped[m[K();
      |                                         [01;31m[K^~~~~~~~~~~~~~~~~~~~~~~~~[m[K
make[2]: *** [CMakeFiles/rgo_ros2_node.dir/build.make:63: CMakeFiles/rgo_ros2_node.dir/src/rgo_ros2_node.cpp.o] Error 1
make[1]: *** [CMakeFiles/Makefile2:78: CMakeFiles/rgo_ros2_node.dir/all] Error 2
make: *** [Makefile:141: all] Error 2
