[0.020s] Invoking command in '/home/rgo/ros2/capra/src/build/rgo_ros2_pkg': CMAKE_PREFIX_PATH=/opt/ros/foxy CONDA_PROMPT_MODIFIER=(base) /usr/bin/cmake --build /home/rgo/ros2/capra/src/build/rgo_ros2_pkg -- -j8 -l8
[0.055s] [35m[1mScanning dependencies of target rgo_ros2_node[0m
[0.083s] [ 50%] [32mBuilding CXX object CMakeFiles/rgo_ros2_node.dir/src/rgo_ros2_node.cpp.o[0m
[1.134s] [01m[K/home/rgo/ros2/capra/src/rgo_ros2_pkg/src/rgo_ros2_node.cpp:35:38:[m[K [01;31m[Kerror: [m[Kâ€˜[01m[KPoseWithCovarianceStamped[m[Kâ€™ is not a member of â€˜[01m[Kgeometry_msgs[m[Kâ€™
[1.134s]    35 |     rclcpp::Publisher<geometry_msgs::[01;31m[KPoseWithCovarianceStamped[m[K>::SharedPtr pos_publisher_;
[1.134s]       |                                      [01;31m[K^~~~~~~~~~~~~~~~~~~~~~~~~[m[K
[1.134s] [01m[K/home/rgo/ros2/capra/src/rgo_ros2_pkg/src/rgo_ros2_node.cpp:35:38:[m[K [01;31m[Kerror: [m[Kâ€˜[01m[KPoseWithCovarianceStamped[m[Kâ€™ is not a member of â€˜[01m[Kgeometry_msgs[m[Kâ€™
[1.134s] [01m[K/home/rgo/ros2/capra/src/rgo_ros2_pkg/src/rgo_ros2_node.cpp:35:63:[m[K [01;31m[Kerror: [m[Ktemplate argument 1 is invalid
[1.135s]    35 |     rclcpp::Publisher<geometry_msgs::PoseWithCovarianceStamped[01;31m[K>[m[K::SharedPtr pos_publisher_;
[1.135s]       |                                                               [01;31m[K^[m[K
[1.135s] [01m[K/home/rgo/ros2/capra/src/rgo_ros2_pkg/src/rgo_ros2_node.cpp:35:66:[m[K [01;31m[Kerror: [m[Kexpected â€˜[01m[K;[m[Kâ€™ at end of member declaration
[1.135s]    35 |     rclcpp::Publisher<geometry_msgs::PoseWithCovarianceStamped>::[01;31m[KSharedPtr[m[K pos_publisher_;
[1.135s]       |                                                                  [01;31m[K^~~~~~~~~[m[K
[1.135s]       |                                                                           [32m[K;[m[K
[1.136s] [01m[K/home/rgo/ros2/capra/src/rgo_ros2_pkg/src/rgo_ros2_node.cpp:35:76:[m[K [01;31m[Kerror: [m[Kâ€˜[01m[Kpos_publisher_[m[Kâ€™ does not name a type; did you mean â€˜[01m[Krcl_publisher_t[m[Kâ€™?
[1.136s]    35 |     rclcpp::Publisher<geometry_msgs::PoseWithCovarianceStamped>::SharedPtr [01;31m[Kpos_publisher_[m[K;
[1.136s]       |                                                                            [01;31m[K^~~~~~~~~~~~~~[m[K
[1.136s]       |                                                                            [32m[Krcl_publisher_t[m[K
[1.157s] [01m[K/home/rgo/ros2/capra/src/rgo_ros2_pkg/src/rgo_ros2_node.cpp:[m[K In constructor â€˜[01m[KRgoRos2Node::RgoRos2Node()[m[Kâ€™:
[1.157s] [01m[K/home/rgo/ros2/capra/src/rgo_ros2_pkg/src/rgo_ros2_node.cpp:27:7:[m[K [01;31m[Kerror: [m[Kâ€˜[01m[Kpos_publisher_[m[Kâ€™ was not declared in this scope; did you mean â€˜[01m[Kpublisher_[m[Kâ€™?
[1.157s]    27 |       [01;31m[Kpos_publisher_[m[K = this->create_publisher<geometry_msgs::PoseWithCovarianceStamped>("rgo_pos_with_cov",1);
[1.157s]       |       [01;31m[K^~~~~~~~~~~~~~[m[K
[1.158s]       |       [32m[Kpublisher_[m[K
[1.158s] [01m[K/home/rgo/ros2/capra/src/rgo_ros2_pkg/src/rgo_ros2_node.cpp:27:62:[m[K [01;31m[Kerror: [m[Kâ€˜[01m[KPoseWithCovarianceStamped[m[Kâ€™ is not a member of â€˜[01m[Kgeometry_msgs[m[Kâ€™
[1.158s]    27 |       pos_publisher_ = this->create_publisher<geometry_msgs::[01;31m[KPoseWithCovarianceStamped[m[K>("rgo_pos_with_cov",1);
[1.158s]       |                                                              [01;31m[K^~~~~~~~~~~~~~~~~~~~~~~~~[m[K
[1.158s] [01m[K/home/rgo/ros2/capra/src/rgo_ros2_pkg/src/rgo_ros2_node.cpp:27:62:[m[K [01;31m[Kerror: [m[Kâ€˜[01m[KPoseWithCovarianceStamped[m[Kâ€™ is not a member of â€˜[01m[Kgeometry_msgs[m[Kâ€™
[1.158s] [01m[K/home/rgo/ros2/capra/src/rgo_ros2_pkg/src/rgo_ros2_node.cpp:27:109:[m[K [01;31m[Kerror: [m[Kno matching function for call to â€˜[01m[KRgoRos2Node::create_publisher<<expression error> >(const char [17], int)[m[Kâ€™
[1.158s]    27 |       pos_publisher_ = this->create_publisher<geometry_msgs::PoseWithCovarianceStamped>("rgo_pos_with_cov",1[01;31m[K)[m[K;
[1.158s]       |                                                                                                             [01;31m[K^[m[K
[1.158s] In file included from [01m[K/opt/ros/foxy/include/rclcpp/node.hpp:1224[m[K,
[1.158s]                  from [01m[K/opt/ros/foxy/include/rclcpp/executors/single_threaded_executor.hpp:28[m[K,
[1.158s]                  from [01m[K/opt/ros/foxy/include/rclcpp/executors.hpp:22[m[K,
[1.158s]                  from [01m[K/opt/ros/foxy/include/rclcpp/rclcpp.hpp:146[m[K,
[1.158s]                  from [01m[K/home/rgo/ros2/capra/src/rgo_ros2_pkg/src/rgo_ros2_node.cpp:6[m[K:
[1.158s] [01m[K/opt/ros/foxy/include/rclcpp/node_impl.hpp:71:1:[m[K [01;36m[Knote: [m[Kcandidate: â€˜[01m[Ktemplate<class MessageT, class AllocatorT, class PublisherT> std::shared_ptr<PublisherT> rclcpp::Node::create_publisher(const string&, const rclcpp::QoS&, const rclcpp::PublisherOptionsWithAllocator<AllocatorT>&)[m[Kâ€™
[1.159s]    71 | [01;36m[KNode[m[K::create_publisher(
[1.159s]       | [01;36m[K^~~~[m[K
[1.159s] [01m[K/opt/ros/foxy/include/rclcpp/node_impl.hpp:71:1:[m[K [01;36m[Knote: [m[K  template argument deduction/substitution failed:
[1.159s] [01m[K/home/rgo/ros2/capra/src/rgo_ros2_pkg/src/rgo_ros2_node.cpp:27:109:[m[K [01;31m[Kerror: [m[Ktemplate argument 1 is invalid
[1.159s]    27 |       pos_publisher_ = this->create_publisher<geometry_msgs::PoseWithCovarianceStamped>("rgo_pos_with_cov",1[01;31m[K)[m[K;
[1.159s]       |                                                                                                             [01;31m[K^[m[K
[1.174s] [01m[K/home/rgo/ros2/capra/src/rgo_ros2_pkg/src/rgo_ros2_node.cpp:[m[K In member function â€˜[01m[Kvoid RgoRos2Node::timer_callback()[m[Kâ€™:
[1.174s] [01m[K/home/rgo/ros2/capra/src/rgo_ros2_pkg/src/rgo_ros2_node.cpp:59:41:[m[K [01;31m[Kerror: [m[Kâ€˜[01m[KPoseWithCovarianceStamped[m[Kâ€™ is not a member of â€˜[01m[Kgeometry_msgs[m[Kâ€™
[1.174s]    59 |       auto pos_message = geometry_msgs::[01;31m[KPoseWithCovarianceStamped[m[K();
[1.174s]       |                                         [01;31m[K^~~~~~~~~~~~~~~~~~~~~~~~~[m[K
[2.464s] make[2]: *** [CMakeFiles/rgo_ros2_node.dir/build.make:63: CMakeFiles/rgo_ros2_node.dir/src/rgo_ros2_node.cpp.o] Error 1
[2.464s] make[1]: *** [CMakeFiles/Makefile2:78: CMakeFiles/rgo_ros2_node.dir/all] Error 2
[2.464s] make: *** [Makefile:141: all] Error 2
[2.466s] Invoked command in '/home/rgo/ros2/capra/src/build/rgo_ros2_pkg' returned '2': CMAKE_PREFIX_PATH=/opt/ros/foxy CONDA_PROMPT_MODIFIER=(base) /usr/bin/cmake --build /home/rgo/ros2/capra/src/build/rgo_ros2_pkg -- -j8 -l8
