[0.016s] Invoking command in '/home/rgo/ros2/capra/src/build/robot_sim_ros2_pkg': CMAKE_PREFIX_PATH=${CMAKE_PREFIX_PATH}:/opt/ros/foxy CONDA_PROMPT_MODIFIER=(base) /usr/bin/cmake --build /home/rgo/ros2/capra/src/build/robot_sim_ros2_pkg -- -j8 -l8
[0.049s] [35m[1mScanning dependencies of target robot_sim_ros2_node[0m
[0.079s] [ 50%] [32mBuilding CXX object CMakeFiles/robot_sim_ros2_node.dir/src/robot_sim_ros2_node.cpp.o[0m
[1.110s] [01m[K/home/rgo/ros2/capra/src/robot_sim_ros2_pkg/src/robot_sim_ros2_node.cpp:38:23:[m[K [01;31m[Kerror: [m[Kâ€˜[01m[Knav_msgs[m[Kâ€™ was not declared in this scope
[1.110s]    38 |     rclcpp::Publisher<[01;31m[Knav_msgs[m[K::msg::Odometry>::SharedPtr odometry_publisher_;
[1.110s]       |                       [01;31m[K^~~~~~~~[m[K
[1.110s] [01m[K/home/rgo/ros2/capra/src/robot_sim_ros2_pkg/src/robot_sim_ros2_node.cpp:38:46:[m[K [01;31m[Kerror: [m[Ktemplate argument 1 is invalid
[1.111s]    38 |     rclcpp::Publisher<nav_msgs::msg::Odometry[01;31m[K>[m[K::SharedPtr odometry_publisher_;
[1.111s]       |                                              [01;31m[K^[m[K
[1.111s] [01m[K/home/rgo/ros2/capra/src/robot_sim_ros2_pkg/src/robot_sim_ros2_node.cpp:38:49:[m[K [01;31m[Kerror: [m[Kexpected â€˜[01m[K;[m[Kâ€™ at end of member declaration
[1.111s]    38 |     rclcpp::Publisher<nav_msgs::msg::Odometry>::[01;31m[KSharedPtr[m[K odometry_publisher_;
[1.111s]       |                                                 [01;31m[K^~~~~~~~~[m[K
[1.111s]       |                                                          [32m[K;[m[K
[1.114s] [01m[K/home/rgo/ros2/capra/src/robot_sim_ros2_pkg/src/robot_sim_ros2_node.cpp:38:59:[m[K [01;31m[Kerror: [m[Kâ€˜[01m[Kodometry_publisher_[m[Kâ€™ does not name a type
[1.114s]    38 |     rclcpp::Publisher<nav_msgs::msg::Odometry>::SharedPtr [01;31m[Kodometry_publisher_[m[K;
[1.114s]       |                                                           [01;31m[K^~~~~~~~~~~~~~~~~~~[m[K
[1.136s] [01m[K/home/rgo/ros2/capra/src/robot_sim_ros2_pkg/src/robot_sim_ros2_node.cpp:[m[K In constructor â€˜[01m[KRobotSimRos2Node::RobotSimRos2Node()[m[Kâ€™:
[1.136s] [01m[K/home/rgo/ros2/capra/src/robot_sim_ros2_pkg/src/robot_sim_ros2_node.cpp:29:7:[m[K [01;31m[Kerror: [m[Kâ€˜[01m[Kodometry_publisher_[m[Kâ€™ was not declared in this scope; did you mean â€˜[01m[Kcount_publishers[m[Kâ€™?
[1.136s]    29 |       [01;31m[Kodometry_publisher_[m[K = this->create_publisher<nav_msgs::msg::Odometry>("robot_sim_odometry", 1);
[1.136s]       |       [01;31m[K^~~~~~~~~~~~~~~~~~~[m[K
[1.136s]       |       [32m[Kcount_publishers[m[K
[1.137s] [01m[K/home/rgo/ros2/capra/src/robot_sim_ros2_pkg/src/robot_sim_ros2_node.cpp:29:52:[m[K [01;31m[Kerror: [m[Kâ€˜[01m[Knav_msgs[m[Kâ€™ was not declared in this scope
[1.137s]    29 |       odometry_publisher_ = this->create_publisher<[01;31m[Knav_msgs[m[K::msg::Odometry>("robot_sim_odometry", 1);
[1.137s]       |                                                    [01;31m[K^~~~~~~~[m[K
[1.137s] [01m[K/home/rgo/ros2/capra/src/robot_sim_ros2_pkg/src/robot_sim_ros2_node.cpp:29:35:[m[K [01;31m[Kerror: [m[Kparse error in template argument list
[1.137s]    29 |       odometry_publisher_ = this->[01;31m[Kcreate_publisher<nav_msgs::msg::Odometry>[m[K("robot_sim_odometry", 1);
[1.138s]       |                                   [01;31m[K^~~~~~~~~~~~~~~~~~~~~~~~~~~~~~~~~~~~~~~~~[m[K
[1.138s] [01m[K/home/rgo/ros2/capra/src/robot_sim_ros2_pkg/src/robot_sim_ros2_node.cpp:29:100:[m[K [01;31m[Kerror: [m[Kno matching function for call to â€˜[01m[KRobotSimRos2Node::create_publisher<<expression error> >(const char [19], int)[m[Kâ€™
[1.138s]    29 |       odometry_publisher_ = this->create_publisher<nav_msgs::msg::Odometry>("robot_sim_odometry", 1[01;31m[K)[m[K;
[1.138s]       |                                                                                                    [01;31m[K^[m[K
[1.138s] In file included from [01m[K/opt/ros/foxy/include/rclcpp/node.hpp:1224[m[K,
[1.138s]                  from [01m[K/opt/ros/foxy/include/rclcpp/executors/single_threaded_executor.hpp:28[m[K,
[1.138s]                  from [01m[K/opt/ros/foxy/include/rclcpp/executors.hpp:22[m[K,
[1.138s]                  from [01m[K/opt/ros/foxy/include/rclcpp/rclcpp.hpp:146[m[K,
[1.138s]                  from [01m[K/home/rgo/ros2/capra/src/robot_sim_ros2_pkg/src/robot_sim_ros2_node.cpp:6[m[K:
[1.138s] [01m[K/opt/ros/foxy/include/rclcpp/node_impl.hpp:71:1:[m[K [01;36m[Knote: [m[Kcandidate: â€˜[01m[Ktemplate<class MessageT, class AllocatorT, class PublisherT> std::shared_ptr<PublisherT> rclcpp::Node::create_publisher(const string&, const rclcpp::QoS&, const rclcpp::PublisherOptionsWithAllocator<AllocatorT>&)[m[Kâ€™
[1.138s]    71 | [01;36m[KNode[m[K::create_publisher(
[1.138s]       | [01;36m[K^~~~[m[K
[1.138s] [01m[K/opt/ros/foxy/include/rclcpp/node_impl.hpp:71:1:[m[K [01;36m[Knote: [m[K  template argument deduction/substitution failed:
[1.138s] [01m[K/home/rgo/ros2/capra/src/robot_sim_ros2_pkg/src/robot_sim_ros2_node.cpp:29:100:[m[K [01;31m[Kerror: [m[Ktemplate argument 1 is invalid
[1.138s]    29 |       odometry_publisher_ = this->create_publisher<nav_msgs::msg::Odometry>("robot_sim_odometry", 1[01;31m[K)[m[K;
[1.138s]       |                                                                                                    [01;31m[K^[m[K
[2.459s] make[2]: *** [CMakeFiles/robot_sim_ros2_node.dir/build.make:63: CMakeFiles/robot_sim_ros2_node.dir/src/robot_sim_ros2_node.cpp.o] Error 1
[2.459s] make[1]: *** [CMakeFiles/Makefile2:78: CMakeFiles/robot_sim_ros2_node.dir/all] Error 2
[2.459s] make: *** [Makefile:141: all] Error 2
[2.460s] Invoked command in '/home/rgo/ros2/capra/src/build/robot_sim_ros2_pkg' returned '2': CMAKE_PREFIX_PATH=${CMAKE_PREFIX_PATH}:/opt/ros/foxy CONDA_PROMPT_MODIFIER=(base) /usr/bin/cmake --build /home/rgo/ros2/capra/src/build/robot_sim_ros2_pkg -- -j8 -l8
