[0.081s] Invoking command in '/home/rgo/ros2/capra/src/build/rgo_ros2_pkg': CMAKE_PREFIX_PATH=${CMAKE_PREFIX_PATH}:/opt/ros/foxy /usr/bin/cmake --build /home/rgo/ros2/capra/src/build/rgo_ros2_pkg -- -j6 -l6
[0.287s] -- Found ament_cmake: 0.9.9 (/opt/ros/foxy/share/ament_cmake/cmake)
[0.395s] -- Using PYTHON_EXECUTABLE: /usr/bin/python3
[0.988s] -- Found rclcpp: 2.4.1 (/opt/ros/foxy/share/rclcpp/cmake)
[1.073s] -- Using all available rosidl_typesupport_c: rosidl_typesupport_fastrtps_c;rosidl_typesupport_introspection_c
[1.083s] -- Found rosidl_adapter: 1.2.1 (/opt/ros/foxy/share/rosidl_adapter/cmake)
[1.387s] -- Using all available rosidl_typesupport_cpp: rosidl_typesupport_fastrtps_cpp;rosidl_typesupport_introspection_cpp
[1.546s] -- Found rmw_implementation_cmake: 1.0.3 (/opt/ros/foxy/share/rmw_implementation_cmake/cmake)
[1.548s] -- Using RMW implementation 'rmw_fastrtps_cpp' as default
[2.031s] -- Found geometry_msgs: 2.0.5 (/opt/ros/foxy/share/geometry_msgs/cmake)
[2.139s] -- Found nav_msgs: 2.0.5 (/opt/ros/foxy/share/nav_msgs/cmake)
[2.375s] -- Found ament_lint_auto: 0.9.6 (/opt/ros/foxy/share/ament_lint_auto/cmake)
[2.606s] -- Added test 'copyright' to check source files copyright and LICENSE
[2.637s] -- Added test 'cppcheck' to perform static code analysis on C / C++ code
[2.640s] -- Configured cppcheck include dirs: $<BUILD_INTERFACE:/home/rgo/ros2/capra/src/rgo_ros2_pkg/include>
[2.643s] -- Configured cppcheck exclude dirs and/or files: 
[2.665s] -- Added test 'cpplint' to check C / C++ code against the Google style
[2.667s] -- Configured cpplint exclude dirs and/or files: 
[2.668s] -- Added test 'flake8' to check Python code syntax and style conventions
[2.675s] -- Added test 'lint_cmake' to check CMake code style
[2.680s] -- Added test 'pep257' to check Python code against some of the style conventions in PEP 257
[2.705s] -- Added test 'uncrustify' to check C / C++ code style
[2.706s] -- Configured uncrustify additional arguments: 
[2.710s] -- Added test 'xmllint' to check XML markup files
[2.716s] -- Configuring done
[2.746s] -- Generating done
[2.751s] -- Build files have been written to: /home/rgo/ros2/capra/src/build/rgo_ros2_pkg
[2.837s] [35m[1mScanning dependencies of target rgo_ros2_node[0m
[2.954s] [ 50%] [32mBuilding CXX object CMakeFiles/rgo_ros2_node.dir/src/rgo_ros2_node.cpp.o[0m
[8.023s] In file included from [01m[K/home/rgo/ros2/capra/src/rgo_ros2_pkg/src/rgo_ros2_node.cpp:1[m[K:
[8.026s] [01m[K/home/rgo/ros2/capra/src/rgo_ros2_pkg/include/rgo_ros2_node.h:20:18:[m[K [01;31m[Kerror: [m[Kexpected â€˜[01m[K;[m[Kâ€™ at end of member declaration
[8.028s]    20 |     RgoRos2Node ([01;31m[K)[m[K
[8.031s]       |                  [01;31m[K^[m[K
[8.033s]       |                   [32m[K;[m[K
[18.148s] make[2]: *** [CMakeFiles/rgo_ros2_node.dir/build.make:63: CMakeFiles/rgo_ros2_node.dir/src/rgo_ros2_node.cpp.o] Error 1
[18.171s] make[1]: *** [CMakeFiles/Makefile2:78: CMakeFiles/rgo_ros2_node.dir/all] Error 2
[18.176s] make: *** [Makefile:141: all] Error 2
[18.181s] Invoked command in '/home/rgo/ros2/capra/src/build/rgo_ros2_pkg' returned '2': CMAKE_PREFIX_PATH=${CMAKE_PREFIX_PATH}:/opt/ros/foxy /usr/bin/cmake --build /home/rgo/ros2/capra/src/build/rgo_ros2_pkg -- -j6 -l6
