[0.020s] Invoking command in '/home/rgo/ros2/capra/src/build/rgo_ros2_pkg': CMAKE_PREFIX_PATH=/opt/ros/foxy CONDA_PROMPT_MODIFIER=(base) /usr/bin/cmake --build /home/rgo/ros2/capra/src/build/rgo_ros2_pkg -- -j8 -l8
[0.057s] [35m[1mScanning dependencies of target rgo_ros2_node[0m
[0.083s] [ 50%] [32mBuilding CXX object CMakeFiles/rgo_ros2_node.dir/src/rgo_ros2_node.cpp.o[0m
[1.166s] [01m[K/home/rgo/ros2/capra/src/rgo_ros2_pkg/src/rgo_ros2_node.cpp:[m[K In member function â€˜[01m[Kvoid RgoRos2Node::subscribe_message(nav_msgs::msg::Odometry_<std::allocator<void> >::SharedPtr) const[m[Kâ€™:
[1.166s] [01m[K/home/rgo/ros2/capra/src/rgo_ros2_pkg/src/rgo_ros2_node.cpp:61:17:[m[K [01;31m[Kerror: [m[Kâ€˜[01m[Kconst SharedPtr[m[Kâ€™ {aka â€˜[01m[Kconst class std::shared_ptr<nav_msgs::msg::Odometry_<std::allocator<void> > >[m[Kâ€™} has no member named â€˜[01m[Kpose[m[Kâ€™
[1.166s]    61 |         message.[01;31m[Kpose[m[K;
[1.166s]       |                 [01;31m[K^~~~[m[K
[1.166s] [01m[K/home/rgo/ros2/capra/src/rgo_ros2_pkg/src/rgo_ros2_node.cpp:62:15:[m[K [01;35m[Kwarning: [m[Kunused variable â€˜[01m[Kx[m[Kâ€™ [[01;35m[K-Wunused-variable[m[K]
[1.167s]    62 |         float [01;35m[Kx[m[K= message->twist.twist.linear.x;
[1.167s]       |               [01;35m[K^[m[K
[1.167s] [01m[K/home/rgo/ros2/capra/src/rgo_ros2_pkg/src/rgo_ros2_node.cpp:63:15:[m[K [01;35m[Kwarning: [m[Kunused variable â€˜[01m[Kz[m[Kâ€™ [[01;35m[K-Wunused-variable[m[K]
[1.167s]    63 |         float [01;35m[Kz[m[K=message->twist.twist.angular.z;
[1.167s]       |               [01;35m[K^[m[K
[2.706s] make[2]: *** [CMakeFiles/rgo_ros2_node.dir/build.make:63: CMakeFiles/rgo_ros2_node.dir/src/rgo_ros2_node.cpp.o] Error 1
[2.707s] make[1]: *** [CMakeFiles/Makefile2:78: CMakeFiles/rgo_ros2_node.dir/all] Error 2
[2.707s] make: *** [Makefile:141: all] Error 2
[2.708s] Invoked command in '/home/rgo/ros2/capra/src/build/rgo_ros2_pkg' returned '2': CMAKE_PREFIX_PATH=/opt/ros/foxy CONDA_PROMPT_MODIFIER=(base) /usr/bin/cmake --build /home/rgo/ros2/capra/src/build/rgo_ros2_pkg -- -j8 -l8
