[0.059s] Invoking command in '/home/rgo/ros2/capra/src/build/rgo_ros2_pkg': CMAKE_PREFIX_PATH=${CMAKE_PREFIX_PATH}:/opt/ros/foxy /usr/bin/cmake --build /home/rgo/ros2/capra/src/build/rgo_ros2_pkg -- -j6 -l6
[0.218s] [35m[1mScanning dependencies of target rgo_ros2_node[0m
[0.349s] [ 33%] [32mBuilding CXX object CMakeFiles/rgo_ros2_node.dir/src/main.cpp.o[0m
[0.388s] [ 66%] [32mBuilding CXX object CMakeFiles/rgo_ros2_node.dir/src/rgo_ros2_node.cpp.o[0m
[10.855s] In file included from [01m[K/home/rgo/ros2/capra/src/rgo_ros2_pkg/src/main.cpp:3[m[K:
[10.858s] [01m[K/home/rgo/ros2/capra/src/rgo_ros2_pkg/include/rgo_ros2_node.h:48:9:[m[K [01;31m[Kerror: [m[Kâ€˜[01m[KSensorFrame[m[Kâ€™ does not name a type
[10.860s]    48 |         [01;31m[KSensorFrame[m[K::WheelEncoder ConvertToWheelEncoder(const nav_msgs::msg::Odometry::SharedPtr message) ;
[10.863s]       |         [01;31m[K^~~~~~~~~~~[m[K
[10.889s] In file included from [01m[K/home/rgo/ros2/capra/src/rgo_ros2_pkg/src/rgo_ros2_node.cpp:1[m[K:
[10.893s] [01m[K/home/rgo/ros2/capra/src/rgo_ros2_pkg/include/rgo_ros2_node.h:48:9:[m[K [01;31m[Kerror: [m[Kâ€˜[01m[KSensorFrame[m[Kâ€™ does not name a type
[10.898s]    48 |         [01;31m[KSensorFrame[m[K::WheelEncoder ConvertToWheelEncoder(const nav_msgs::msg::Odometry::SharedPtr message) ;
[10.902s]       |         [01;31m[K^~~~~~~~~~~[m[K
[11.314s] [01m[K/home/rgo/ros2/capra/src/rgo_ros2_pkg/src/rgo_ros2_node.cpp:[m[K In member function â€˜[01m[Kvoid RgoRos2Node::subscribe_odometry_message(nav_msgs::msg::Odometry_<std::allocator<void> >::SharedPtr) const[m[Kâ€™:
[11.317s] [01m[K/home/rgo/ros2/capra/src/rgo_ros2_pkg/src/rgo_ros2_node.cpp:98:5:[m[K [01;31m[Kerror: [m[Kâ€˜[01m[KSensorFrame[m[Kâ€™ has not been declared
[11.319s]    98 |     [01;31m[KSensorFrame[m[K::WheelEncoder wheel_odometry = ConvertToWheelEncoder(message);
[11.321s]       |     [01;31m[K^~~~~~~~~~~[m[K
[11.342s] [01m[K/home/rgo/ros2/capra/src/rgo_ros2_pkg/src/rgo_ros2_node.cpp:100:47:[m[K [01;31m[Kerror: [m[Kâ€˜[01m[Kencoders[m[Kâ€™ was not declared in this scope
[11.345s]   100 |     _pe->GetRobotProxy()->InjectWheelOdometry([01;31m[Kencoders[m[K);
[11.347s]       |                                               [01;31m[K^~~~~~~~[m[K
[11.355s] [01m[K/home/rgo/ros2/capra/src/rgo_ros2_pkg/src/rgo_ros2_node.cpp:[m[K At global scope:
[11.357s] [01m[K/home/rgo/ros2/capra/src/rgo_ros2_pkg/src/rgo_ros2_node.cpp:104:1:[m[K [01;31m[Kerror: [m[Kâ€˜[01m[KSensorFrame[m[Kâ€™ does not name a type
[11.360s]   104 | [01;31m[KSensorFrame[m[K::WheelEncoder RgoRos2Node::ConvertToWheelEncoder(const nav_msgs::msg::Odometry::SharedPtr message)
[11.362s]       | [01;31m[K^~~~~~~~~~~[m[K
[12.955s] make[2]: *** [CMakeFiles/rgo_ros2_node.dir/build.make:63: CMakeFiles/rgo_ros2_node.dir/src/main.cpp.o] Error 1
[12.956s] make[2]: *** Waiting for unfinished jobs....
[20.790s] make[2]: *** [CMakeFiles/rgo_ros2_node.dir/build.make:76: CMakeFiles/rgo_ros2_node.dir/src/rgo_ros2_node.cpp.o] Error 1
[20.793s] make[1]: *** [CMakeFiles/Makefile2:78: CMakeFiles/rgo_ros2_node.dir/all] Error 2
[20.802s] make: *** [Makefile:141: all] Error 2
[20.822s] Invoked command in '/home/rgo/ros2/capra/src/build/rgo_ros2_pkg' returned '2': CMAKE_PREFIX_PATH=${CMAKE_PREFIX_PATH}:/opt/ros/foxy /usr/bin/cmake --build /home/rgo/ros2/capra/src/build/rgo_ros2_pkg -- -j6 -l6
