[0.069s] Invoking command in '/home/rgo/ros2/capra/src/build/rgo_ros2_pkg': CMAKE_PREFIX_PATH=${CMAKE_PREFIX_PATH}:/opt/ros/foxy /usr/bin/cmake --build /home/rgo/ros2/capra/src/build/rgo_ros2_pkg -- -j6 -l6
[0.267s] [35m[1mScanning dependencies of target rgo_ros2_node[0m
[0.400s] [ 33%] [32mBuilding CXX object CMakeFiles/rgo_ros2_node.dir/src/rgo_ros2_node.cpp.o[0m
[10.531s] [01m[K/home/rgo/ros2/capra/src/rgo_ros2_pkg/src/rgo_ros2_node.cpp:[m[K In member function â€˜[01m[Kvoid RgoRos2Node::initPerceptionEngine()[m[Kâ€™:
[10.532s] [01m[K/home/rgo/ros2/capra/src/rgo_ros2_pkg/src/rgo_ros2_node.cpp:34:82:[m[K [01;31m[Kerror: [m[Kâ€˜[01m[KClient[m[Kâ€™ has not been declared
[10.532s]    34 |   _pe->GetLocalizationService()->RegisterForGlobalPoseVelocityUpdates(std::bind(&[01;31m[KClient[m[K::LocalizationCallback, this, std::placeholders::_1));
[10.533s]       |                                                                                  [01;31m[K^~~~~~[m[K
[10.533s] [01m[K/home/rgo/ros2/capra/src/rgo_ros2_pkg/src/rgo_ros2_node.cpp:[m[K At global scope:
[10.533s] [01m[K/home/rgo/ros2/capra/src/rgo_ros2_pkg/src/rgo_ros2_node.cpp:38:6:[m[K [01;31m[Kerror: [m[Kâ€˜[01m[KClient[m[Kâ€™ has not been declared
[10.534s]    38 | void [01;31m[KClient[m[K::LocalizationCallback(const Pe::PeService::PoseVelocityFrame &frame)
[10.534s]       |      [01;31m[K^~~~~~[m[K
[10.534s] In file included from [01m[K/opt/ros/foxy/include/rclcpp/service.hpp:34[m[K,
[10.535s]                  from [01m[K/opt/ros/foxy/include/rclcpp/callback_group.hpp:25[m[K,
[10.535s]                  from [01m[K/opt/ros/foxy/include/rclcpp/any_executable.hpp:20[m[K,
[10.535s]                  from [01m[K/opt/ros/foxy/include/rclcpp/memory_strategy.hpp:24[m[K,
[10.535s]                  from [01m[K/opt/ros/foxy/include/rclcpp/memory_strategies.hpp:18[m[K,
[10.536s]                  from [01m[K/opt/ros/foxy/include/rclcpp/executor_options.hpp:20[m[K,
[10.536s]                  from [01m[K/opt/ros/foxy/include/rclcpp/executor.hpp:33[m[K,
[10.536s]                  from [01m[K/opt/ros/foxy/include/rclcpp/executors/multi_threaded_executor.hpp:26[m[K,
[10.537s]                  from [01m[K/opt/ros/foxy/include/rclcpp/executors.hpp:21[m[K,
[10.537s]                  from [01m[K/opt/ros/foxy/include/rclcpp/rclcpp.hpp:146[m[K,
[10.537s]                  from [01m[K/home/rgo/ros2/capra/src/rgo_ros2_pkg/include/rgo_ros2_node.h:16[m[K,
[10.538s]                  from [01m[K/home/rgo/ros2/capra/src/rgo_ros2_pkg/src/rgo_ros2_node.cpp:1[m[K:
[10.538s] [01m[K/home/rgo/ros2/capra/src/rgo_ros2_pkg/src/rgo_ros2_node.cpp:[m[K In function â€˜[01m[Kvoid LocalizationCallback(const Pe::PeService::PoseVelocityFrame&)[m[Kâ€™:
[10.538s] [01m[K/home/rgo/ros2/capra/src/rgo_ros2_pkg/src/rgo_ros2_node.cpp:41:15:[m[K [01;31m[Kerror: [m[Kinvalid use of â€˜[01m[Kthis[m[Kâ€™ in non-member function
[10.538s]    41 |   RCLCPP_INFO([01;31m[Kthis[m[K->get_logger(), "Sending - position ");
[10.539s]       |               [01;31m[K^~~~[m[K
[10.539s] [01m[K/home/rgo/ros2/capra/src/rgo_ros2_pkg/src/rgo_ros2_node.cpp:41:15:[m[K [01;31m[Kerror: [m[Kinvalid use of â€˜[01m[Kthis[m[Kâ€™ in non-member function
[10.539s] [01m[K/home/rgo/ros2/capra/src/rgo_ros2_pkg/src/rgo_ros2_node.cpp:41:3:[m[K [01;31m[Kerror: [m[Ktemplate argument 1 is invalid
[10.540s]    41 |   [01;31m[KRCLCPP_INFO[m[K(this->get_logger(), "Sending - position ");
[10.540s]       |   [01;31m[K^~~~~~~~~~~[m[K
[10.540s] [01m[K/home/rgo/ros2/capra/src/rgo_ros2_pkg/src/rgo_ros2_node.cpp:41:3:[m[K [01;31m[Kerror: [m[Ktemplate argument 1 is invalid
[10.541s]    41 |   [01;31m[KRCLCPP_INFO[m[K(this->get_logger(), "Sending - position ");
[10.541s]       |   [01;31m[K^~~~~~~~~~~[m[K
[10.542s] [01m[K/home/rgo/ros2/capra/src/rgo_ros2_pkg/src/rgo_ros2_node.cpp:41:3:[m[K [01;31m[Kerror: [m[Ktemplate argument 1 is invalid
[10.542s]    41 |   [01;31m[KRCLCPP_INFO[m[K(this->get_logger(), "Sending - position ");
[10.542s]       |   [01;31m[K^~~~~~~~~~~[m[K
[10.543s] In file included from [01m[K/opt/ros/foxy/include/rclcpp/client.hpp:40[m[K,
[10.543s]                  from [01m[K/opt/ros/foxy/include/rclcpp/callback_group.hpp:23[m[K,
[10.543s]                  from [01m[K/opt/ros/foxy/include/rclcpp/any_executable.hpp:20[m[K,
[10.544s]                  from [01m[K/opt/ros/foxy/include/rclcpp/memory_strategy.hpp:24[m[K,
[10.544s]                  from [01m[K/opt/ros/foxy/include/rclcpp/memory_strategies.hpp:18[m[K,
[10.545s]                  from [01m[K/opt/ros/foxy/include/rclcpp/executor_options.hpp:20[m[K,
[10.545s]                  from [01m[K/opt/ros/foxy/include/rclcpp/executor.hpp:33[m[K,
[10.546s]                  from [01m[K/opt/ros/foxy/include/rclcpp/executors/multi_threaded_executor.hpp:26[m[K,
[10.547s]                  from [01m[K/opt/ros/foxy/include/rclcpp/executors.hpp:21[m[K,
[10.548s]                  from [01m[K/opt/ros/foxy/include/rclcpp/rclcpp.hpp:146[m[K,
[10.548s]                  from [01m[K/home/rgo/ros2/capra/src/rgo_ros2_pkg/include/rgo_ros2_node.h:16[m[K,
[10.548s]                  from [01m[K/home/rgo/ros2/capra/src/rgo_ros2_pkg/src/rgo_ros2_node.cpp:1[m[K:
[10.549s] [01m[K/home/rgo/ros2/capra/src/rgo_ros2_pkg/src/rgo_ros2_node.cpp:41:15:[m[K [01;31m[Kerror: [m[Kinvalid use of â€˜[01m[Kthis[m[Kâ€™ in non-member function
[10.550s]    41 |   RCLCPP_INFO([01;31m[Kthis[m[K->get_logger(), "Sending - position ");
[10.550s]       |               [01;31m[K^~~~[m[K
[10.551s] [01m[K/home/rgo/ros2/capra/src/rgo_ros2_pkg/src/rgo_ros2_node.cpp:41:15:[m[K [01;31m[Kerror: [m[Kinvalid use of â€˜[01m[Kthis[m[Kâ€™ in non-member function
[10.551s]    41 |   RCLCPP_INFO([01;31m[Kthis[m[K->get_logger(), "Sending - position ");
[10.552s]       |               [01;31m[K^~~~[m[K
[10.552s] [01m[K/home/rgo/ros2/capra/src/rgo_ros2_pkg/src/rgo_ros2_node.cpp:43:43:[m[K [01;31m[Kerror: [m[Kâ€˜[01m[Kconst struct Pe::PeService::Header[m[Kâ€™ has no member named â€˜[01m[Kts_arrival[m[Kâ€™; did you mean â€˜[01m[Kts_arrival_sec[m[Kâ€™?
[10.553s]    43 |   pose.header.stamp.nanosec =frame.header.[01;31m[Kts_arrival[m[K;
[10.553s]       |                                           [01;31m[K^~~~~~~~~~[m[K
[10.554s]       |                                           [32m[Kts_arrival_sec[m[K
[10.554s] [01m[K/home/rgo/ros2/capra/src/rgo_ros2_pkg/src/rgo_ros2_node.cpp:54:3:[m[K [01;31m[Kerror: [m[Kâ€˜[01m[K_pose_publisher[m[Kâ€™ was not declared in this scope
[10.555s]    54 |   [01;31m[K_pose_publisher[m[K->publish(pose);
[10.555s]       |   [01;31m[K^~~~~~~~~~~~~~~[m[K
[19.671s] make[2]: *** [CMakeFiles/rgo_ros2_node.dir/build.make:76: CMakeFiles/rgo_ros2_node.dir/src/rgo_ros2_node.cpp.o] Error 1
[19.672s] make[1]: *** [CMakeFiles/Makefile2:78: CMakeFiles/rgo_ros2_node.dir/all] Error 2
[19.672s] make: *** [Makefile:141: all] Error 2
[19.683s] Invoked command in '/home/rgo/ros2/capra/src/build/rgo_ros2_pkg' returned '2': CMAKE_PREFIX_PATH=${CMAKE_PREFIX_PATH}:/opt/ros/foxy /usr/bin/cmake --build /home/rgo/ros2/capra/src/build/rgo_ros2_pkg -- -j6 -l6
