[0.054s] Invoking command in '/home/rgo/ros2/capra/src/build/rgo_ros2_pkg': CMAKE_PREFIX_PATH=${CMAKE_PREFIX_PATH}:/opt/ros/foxy /usr/bin/cmake --build /home/rgo/ros2/capra/src/build/rgo_ros2_pkg -- -j6 -l6
[0.237s] [35m[1mScanning dependencies of target rgo_ros2_node[0m
[0.324s] [ 50%] [32mBuilding CXX object CMakeFiles/rgo_ros2_node.dir/src/rgo_ros2_node.cpp.o[0m
[5.590s] [01m[K/home/rgo/ros2/capra/src/rgo_ros2_pkg/src/rgo_ros2_node.cpp:20:31:[m[K [01;31m[Kerror: [m[Kdefinition of implicitly-declared â€˜[01m[Kvirtual RgoRos2Node::~RgoRos2Node()[m[Kâ€™
[5.591s]    20 |     RgoRos2Node::~RgoRos2Node([01;31m[K)[m[K
[5.591s]       |                               [01;31m[K^[m[K
[15.453s] make[2]: *** [CMakeFiles/rgo_ros2_node.dir/build.make:63: CMakeFiles/rgo_ros2_node.dir/src/rgo_ros2_node.cpp.o] Error 1
[15.471s] make[1]: *** [CMakeFiles/Makefile2:78: CMakeFiles/rgo_ros2_node.dir/all] Error 2
[15.473s] make: *** [Makefile:141: all] Error 2
[15.476s] Invoked command in '/home/rgo/ros2/capra/src/build/rgo_ros2_pkg' returned '2': CMAKE_PREFIX_PATH=${CMAKE_PREFIX_PATH}:/opt/ros/foxy /usr/bin/cmake --build /home/rgo/ros2/capra/src/build/rgo_ros2_pkg -- -j6 -l6
