[0.022s] Invoking command in '/home/rgo/ros2/capra/src/build/robot_sim_ros2_pkg': CMAKE_PREFIX_PATH=/opt/ros/foxy CONDA_PROMPT_MODIFIER=(base) /usr/bin/cmake --build /home/rgo/ros2/capra/src/build/robot_sim_ros2_pkg -- -j8 -l8
[0.042s] -- Found ament_cmake: 0.9.9 (/opt/ros/foxy/share/ament_cmake/cmake)
[0.059s] -- Using PYTHON_EXECUTABLE: /home/rgo/miniconda3/bin/python3
[0.182s] -- Found rclcpp: 2.4.1 (/opt/ros/foxy/share/rclcpp/cmake)
[0.210s] -- Using all available rosidl_typesupport_c: rosidl_typesupport_fastrtps_c;rosidl_typesupport_introspection_c
[0.213s] -- Found rosidl_adapter: 1.2.1 (/opt/ros/foxy/share/rosidl_adapter/cmake)
[0.314s] -- Using all available rosidl_typesupport_cpp: rosidl_typesupport_fastrtps_cpp;rosidl_typesupport_introspection_cpp
[0.356s] -- Found rmw_implementation_cmake: 1.0.3 (/opt/ros/foxy/share/rmw_implementation_cmake/cmake)
[0.357s] -- Using RMW implementation 'rmw_fastrtps_cpp' as default
[0.482s] -- Found geometry_msgs: 2.0.5 (/opt/ros/foxy/share/geometry_msgs/cmake)
[0.517s] -- Found nav_msgs: 2.0.5 (/opt/ros/foxy/share/nav_msgs/cmake)
[0.579s] -- Found ament_lint_auto: 0.9.6 (/opt/ros/foxy/share/ament_lint_auto/cmake)
[0.634s] -- Added test 'copyright' to check source files copyright and LICENSE
[0.634s] -- Added test 'cppcheck' to perform static code analysis on C / C++ code
[0.635s] -- Configured cppcheck include dirs: 
[0.635s] -- Configured cppcheck exclude dirs and/or files: 
[0.635s] -- Added test 'cpplint' to check C / C++ code against the Google style
[0.635s] -- Configured cpplint exclude dirs and/or files: 
[0.636s] -- Added test 'lint_cmake' to check CMake code style
[0.636s] -- Added test 'uncrustify' to check C / C++ code style
[0.636s] -- Configured uncrustify additional arguments: 
[0.637s] -- Added test 'xmllint' to check XML markup files
[0.639s] -- Configuring done
[0.646s] -- Generating done
[0.647s] -- Build files have been written to: /home/rgo/ros2/capra/src/build/robot_sim_ros2_pkg
[0.679s] [ 50%] [32mBuilding CXX object CMakeFiles/robot_sim_ros2_node.dir/src/robot_sim_ros2_node.cpp.o[0m
[1.712s] [01m[K/home/rgo/ros2/capra/src/robot_sim_ros2_pkg/src/robot_sim_ros2_node.cpp:39:23:[m[K [01;31m[Kerror: [m[Kâ€˜[01m[Knav_msgs[m[Kâ€™ was not declared in this scope
[1.712s]    39 |     rclcpp::Publisher<[01;31m[Knav_msgs[m[K::Odometry>::SharedPtr odometry_publisher_;
[1.712s]       |                       [01;31m[K^~~~~~~~[m[K
[1.712s] [01m[K/home/rgo/ros2/capra/src/robot_sim_ros2_pkg/src/robot_sim_ros2_node.cpp:39:41:[m[K [01;31m[Kerror: [m[Ktemplate argument 1 is invalid
[1.712s]    39 |     rclcpp::Publisher<nav_msgs::Odometry[01;31m[K>[m[K::SharedPtr odometry_publisher_;
[1.712s]       |                                         [01;31m[K^[m[K
[1.712s] [01m[K/home/rgo/ros2/capra/src/robot_sim_ros2_pkg/src/robot_sim_ros2_node.cpp:39:44:[m[K [01;31m[Kerror: [m[Kexpected â€˜[01m[K;[m[Kâ€™ at end of member declaration
[1.712s]    39 |     rclcpp::Publisher<nav_msgs::Odometry>::[01;31m[KSharedPtr[m[K odometry_publisher_;
[1.712s]       |                                            [01;31m[K^~~~~~~~~[m[K
[1.712s]       |                                                     [32m[K;[m[K
[1.714s] [01m[K/home/rgo/ros2/capra/src/robot_sim_ros2_pkg/src/robot_sim_ros2_node.cpp:39:54:[m[K [01;31m[Kerror: [m[Kâ€˜[01m[Kodometry_publisher_[m[Kâ€™ does not name a type
[1.714s]    39 |     rclcpp::Publisher<nav_msgs::Odometry>::SharedPtr [01;31m[Kodometry_publisher_[m[K;
[1.714s]       |                                                      [01;31m[K^~~~~~~~~~~~~~~~~~~[m[K
[1.736s] [01m[K/home/rgo/ros2/capra/src/robot_sim_ros2_pkg/src/robot_sim_ros2_node.cpp:[m[K In constructor â€˜[01m[KRobotSimRos2Node::RobotSimRos2Node()[m[Kâ€™:
[1.736s] [01m[K/home/rgo/ros2/capra/src/robot_sim_ros2_pkg/src/robot_sim_ros2_node.cpp:30:7:[m[K [01;31m[Kerror: [m[Kâ€˜[01m[Kodometry_publisher_[m[Kâ€™ was not declared in this scope; did you mean â€˜[01m[Kcount_publishers[m[Kâ€™?
[1.736s]    30 |       [01;31m[Kodometry_publisher_[m[K = this->create_publisher<nav_msgs::Odometry>("robot_sim_odometry", 1);
[1.736s]       |       [01;31m[K^~~~~~~~~~~~~~~~~~~[m[K
[1.736s]       |       [32m[Kcount_publishers[m[K
[1.738s] [01m[K/home/rgo/ros2/capra/src/robot_sim_ros2_pkg/src/robot_sim_ros2_node.cpp:30:52:[m[K [01;31m[Kerror: [m[Kâ€˜[01m[Knav_msgs[m[Kâ€™ was not declared in this scope
[1.738s]    30 |       odometry_publisher_ = this->create_publisher<[01;31m[Knav_msgs[m[K::Odometry>("robot_sim_odometry", 1);
[1.738s]       |                                                    [01;31m[K^~~~~~~~[m[K
[1.738s] [01m[K/home/rgo/ros2/capra/src/robot_sim_ros2_pkg/src/robot_sim_ros2_node.cpp:30:35:[m[K [01;31m[Kerror: [m[Kparse error in template argument list
[1.738s]    30 |       odometry_publisher_ = this->[01;31m[Kcreate_publisher<nav_msgs::Odometry>[m[K("robot_sim_odometry", 1);
[1.738s]       |                                   [01;31m[K^~~~~~~~~~~~~~~~~~~~~~~~~~~~~~~~~~~~[m[K
[1.738s] [01m[K/home/rgo/ros2/capra/src/robot_sim_ros2_pkg/src/robot_sim_ros2_node.cpp:30:95:[m[K [01;31m[Kerror: [m[Kno matching function for call to â€˜[01m[KRobotSimRos2Node::create_publisher<<expression error> >(const char [19], int)[m[Kâ€™
[1.738s]    30 |       odometry_publisher_ = this->create_publisher<nav_msgs::Odometry>("robot_sim_odometry", 1[01;31m[K)[m[K;
[1.738s]       |                                                                                               [01;31m[K^[m[K
[1.738s] In file included from [01m[K/opt/ros/foxy/include/rclcpp/node.hpp:1224[m[K,
[1.738s]                  from [01m[K/opt/ros/foxy/include/rclcpp/executors/single_threaded_executor.hpp:28[m[K,
[1.738s]                  from [01m[K/opt/ros/foxy/include/rclcpp/executors.hpp:22[m[K,
[1.738s]                  from [01m[K/opt/ros/foxy/include/rclcpp/rclcpp.hpp:146[m[K,
[1.738s]                  from [01m[K/home/rgo/ros2/capra/src/robot_sim_ros2_pkg/src/robot_sim_ros2_node.cpp:6[m[K:
[1.739s] [01m[K/opt/ros/foxy/include/rclcpp/node_impl.hpp:71:1:[m[K [01;36m[Knote: [m[Kcandidate: â€˜[01m[Ktemplate<class MessageT, class AllocatorT, class PublisherT> std::shared_ptr<PublisherT> rclcpp::Node::create_publisher(const string&, const rclcpp::QoS&, const rclcpp::PublisherOptionsWithAllocator<AllocatorT>&)[m[Kâ€™
[1.739s]    71 | [01;36m[KNode[m[K::create_publisher(
[1.739s]       | [01;36m[K^~~~[m[K
[1.739s] [01m[K/opt/ros/foxy/include/rclcpp/node_impl.hpp:71:1:[m[K [01;36m[Knote: [m[K  template argument deduction/substitution failed:
[1.739s] [01m[K/home/rgo/ros2/capra/src/robot_sim_ros2_pkg/src/robot_sim_ros2_node.cpp:30:95:[m[K [01;31m[Kerror: [m[Ktemplate argument 1 is invalid
[1.739s]    30 |       odometry_publisher_ = this->create_publisher<nav_msgs::Odometry>("robot_sim_odometry", 1[01;31m[K)[m[K;
[1.739s]       |                                                                                               [01;31m[K^[m[K
[3.192s] make[2]: *** [CMakeFiles/robot_sim_ros2_node.dir/build.make:63: CMakeFiles/robot_sim_ros2_node.dir/src/robot_sim_ros2_node.cpp.o] Error 1
[3.192s] make[1]: *** [CMakeFiles/Makefile2:78: CMakeFiles/robot_sim_ros2_node.dir/all] Error 2
[3.192s] make: *** [Makefile:141: all] Error 2
[3.195s] Invoked command in '/home/rgo/ros2/capra/src/build/robot_sim_ros2_pkg' returned '2': CMAKE_PREFIX_PATH=/opt/ros/foxy CONDA_PROMPT_MODIFIER=(base) /usr/bin/cmake --build /home/rgo/ros2/capra/src/build/robot_sim_ros2_pkg -- -j8 -l8
